{"/home/maxwellmattryan/dev/iota/repos/firefly/packages/shared/lib/app.ts": {"path":"/home/maxwellmattryan/dev/iota/repos/firefly/packages/shared/lib/app.ts","statementMap":{"0":{"start":{"line":1,"column":0},"end":{"line":1,"column":54}},"1":{"start":{"line":2,"column":0},"end":{"line":2,"column":44}},"2":{"start":{"line":3,"column":0},"end":{"line":3,"column":33}},"3":{"start":{"line":4,"column":0},"end":{"line":4,"column":50}},"4":{"start":{"line":5,"column":0},"end":{"line":5,"column":53}},"5":{"start":{"line":6,"column":0},"end":{"line":6,"column":36}},"6":{"start":{"line":7,"column":0},"end":{"line":7,"column":98}},"7":{"start":{"line":8,"column":0},"end":{"line":8,"column":38}},"8":{"start":{"line":9,"column":0},"end":{"line":9,"column":57}},"9":{"start":{"line":14,"column":13},"end":{"line":14,"column":null}},"10":{"start":{"line":19,"column":13},"end":{"line":19,"column":null}},"11":{"start":{"line":24,"column":13},"end":{"line":24,"column":null}},"12":{"start":{"line":29,"column":13},"end":{"line":29,"column":null}},"13":{"start":{"line":41,"column":13},"end":{"line":41,"column":null}},"14":{"start":{"line":42,"column":13},"end":{"line":42,"column":null}},"15":{"start":{"line":42,"column":55},"end":{"line":42,"column":122}},"16":{"start":{"line":47,"column":13},"end":{"line":47,"column":null}},"17":{"start":{"line":52,"column":13},"end":{"line":56,"column":null}},"18":{"start":{"line":53,"column":4},"end":{"line":53,"column":null}},"19":{"start":{"line":54,"column":4},"end":{"line":54,"column":null}},"20":{"start":{"line":55,"column":4},"end":{"line":55,"column":null}},"21":{"start":{"line":61,"column":13},"end":{"line":63,"column":null}},"22":{"start":{"line":62,"column":4},"end":{"line":62,"column":null}},"23":{"start":{"line":69,"column":13},"end":{"line":113,"column":null}},"24":{"start":{"line":70,"column":4},"end":{"line":112,"column":null}},"25":{"start":{"line":71,"column":19},"end":{"line":71,"column":37}},"26":{"start":{"line":73,"column":25},"end":{"line":91,"column":9}},"27":{"start":{"line":74,"column":12},"end":{"line":76,"column":null}},"28":{"start":{"line":75,"column":16},"end":{"line":75,"column":null}},"29":{"start":{"line":77,"column":12},"end":{"line":79,"column":null}},"30":{"start":{"line":78,"column":16},"end":{"line":78,"column":null}},"31":{"start":{"line":80,"column":12},"end":{"line":82,"column":null}},"32":{"start":{"line":81,"column":16},"end":{"line":81,"column":null}},"33":{"start":{"line":83,"column":12},"end":{"line":83,"column":null}},"34":{"start":{"line":84,"column":12},"end":{"line":84,"column":null}},"35":{"start":{"line":85,"column":12},"end":{"line":85,"column":null}},"36":{"start":{"line":86,"column":12},"end":{"line":86,"column":null}},"37":{"start":{"line":87,"column":12},"end":{"line":87,"column":null}},"38":{"start":{"line":88,"column":12},"end":{"line":88,"column":null}},"39":{"start":{"line":90,"column":12},"end":{"line":90,"column":null}},"40":{"start":{"line":93,"column":8},"end":{"line":111,"column":null}},"41":{"start":{"line":94,"column":12},"end":{"line":107,"column":null}},"42":{"start":{"line":96,"column":20},"end":{"line":96,"column":null}},"43":{"start":{"line":99,"column":20},"end":{"line":99,"column":null}},"44":{"start":{"line":101,"column":20},"end":{"line":104,"column":null}},"45":{"start":{"line":110,"column":12},"end":{"line":110,"column":null}}},"fnMap":{"0":{"name":"(anonymous_0)","decl":{"start":{"line":42,"column":31},"end":{"line":42,"column":32}},"loc":{"start":{"line":42,"column":55},"end":{"line":42,"column":122}}},"1":{"name":"(anonymous_1)","decl":{"start":{"line":52,"column":29},"end":{"line":52,"column":32}},"loc":{"start":{"line":52,"column":34},"end":{"line":56,"column":1}}},"2":{"name":"(anonymous_2)","decl":{"start":{"line":61,"column":21},"end":{"line":61,"column":24}},"loc":{"start":{"line":61,"column":26},"end":{"line":63,"column":1}}},"3":{"name":"(anonymous_3)","decl":{"start":{"line":69,"column":22},"end":{"line":69,"column":25}},"loc":{"start":{"line":69,"column":27},"end":{"line":113,"column":1}}},"4":{"name":"(anonymous_4)","decl":{"start":{"line":70,"column":29},"end":{"line":70,"column":30}},"loc":{"start":{"line":70,"column":41},"end":{"line":112,"column":5}}},"5":{"name":"(anonymous_5)","decl":{"start":{"line":73,"column":25},"end":{"line":73,"column":28}},"loc":{"start":{"line":73,"column":30},"end":{"line":91,"column":9}}},"6":{"name":"(anonymous_6)","decl":{"start":{"line":95,"column":16},"end":{"line":95,"column":25}},"loc":{"start":{"line":95,"column":25},"end":{"line":97,"column":17}}},"7":{"name":"(anonymous_7)","decl":{"start":{"line":98,"column":16},"end":{"line":98,"column":23}},"loc":{"start":{"line":98,"column":27},"end":{"line":106,"column":17}}}},"branchMap":{"0":{"loc":{"start":{"line":42,"column":45},"end":{"line":42,"column":50}},"type":"default-arg","locations":[{"start":{"line":42,"column":45},"end":{"line":42,"column":50}}]},"1":{"loc":{"start":{"line":74,"column":12},"end":{"line":76,"column":null}},"type":"if","locations":[{"start":{"line":74,"column":12},"end":{"line":76,"column":null}},{"start":{"line":74,"column":12},"end":{"line":76,"column":null}}]},"2":{"loc":{"start":{"line":77,"column":12},"end":{"line":79,"column":null}},"type":"if","locations":[{"start":{"line":77,"column":12},"end":{"line":79,"column":null}},{"start":{"line":77,"column":12},"end":{"line":79,"column":null}}]},"3":{"loc":{"start":{"line":80,"column":12},"end":{"line":82,"column":null}},"type":"if","locations":[{"start":{"line":80,"column":12},"end":{"line":82,"column":null}},{"start":{"line":80,"column":12},"end":{"line":82,"column":null}}]},"4":{"loc":{"start":{"line":93,"column":8},"end":{"line":111,"column":null}},"type":"if","locations":[{"start":{"line":93,"column":8},"end":{"line":111,"column":null}},{"start":{"line":93,"column":8},"end":{"line":111,"column":null}}]},"5":{"loc":{"start":{"line":93,"column":12},"end":{"line":93,"column":34}},"type":"binary-expr","locations":[{"start":{"line":93,"column":12},"end":{"line":93,"column":34}},{"start":{"line":93,"column":38},"end":{"line":93,"column":62}}]}},"s":{"0":1,"1":1,"2":1,"3":1,"4":1,"5":1,"6":1,"7":1,"8":1,"9":1,"10":1,"11":1,"12":1,"13":1,"14":1,"15":0,"16":1,"17":1,"18":0,"19":0,"20":0,"21":1,"22":0,"23":1,"24":0,"25":0,"26":0,"27":0,"28":0,"29":0,"30":0,"31":0,"32":0,"33":0,"34":0,"35":0,"36":0,"37":0,"38":0,"39":0,"40":0,"41":0,"42":0,"43":0,"44":0,"45":0},"f":{"0":0,"1":0,"2":0,"3":0,"4":0,"5":0,"6":0,"7":0},"b":{"0":[0],"1":[0,0],"2":[0,0],"3":[0,0],"4":[0,0],"5":[0,0]}}
,"/home/maxwellmattryan/dev/iota/repos/firefly/packages/shared/lib/appSettings.ts": {"path":"/home/maxwellmattryan/dev/iota/repos/firefly/packages/shared/lib/appSettings.ts","statementMap":{"0":{"start":{"line":1,"column":0},"end":{"line":1,"column":38}},"1":{"start":{"line":12,"column":13},"end":{"line":17,"column":null}}},"fnMap":{},"branchMap":{},"s":{"0":1,"1":1},"f":{},"b":{}}
,"/home/maxwellmattryan/dev/iota/repos/firefly/packages/shared/lib/bech32.ts": {"path":"/home/maxwellmattryan/dev/iota/repos/firefly/packages/shared/lib/bech32.ts","statementMap":{"0":{"start":{"line":41,"column":8},"end":{"line":41,"column":78}},"1":{"start":{"line":51,"column":25},"end":{"line":51,"column":75}},"2":{"start":{"line":53,"column":18},"end":{"line":53,"column":59}},"3":{"start":{"line":55,"column":8},"end":{"line":57,"column":null}},"4":{"start":{"line":55,"column":21},"end":{"line":55,"column":22}},"5":{"start":{"line":56,"column":12},"end":{"line":56,"column":54}},"6":{"start":{"line":59,"column":8},"end":{"line":61,"column":null}},"7":{"start":{"line":59,"column":21},"end":{"line":59,"column":22}},"8":{"start":{"line":60,"column":12},"end":{"line":60,"column":54}},"9":{"start":{"line":63,"column":8},"end":{"line":63,"column":19}},"10":{"start":{"line":75,"column":23},"end":{"line":75,"column":53}},"11":{"start":{"line":76,"column":8},"end":{"line":79,"column":22}},"12":{"start":{"line":91,"column":8},"end":{"line":91,"column":34}},"13":{"start":{"line":93,"column":29},"end":{"line":93,"column":63}},"14":{"start":{"line":94,"column":8},"end":{"line":96,"column":null}},"15":{"start":{"line":95,"column":12},"end":{"line":95,"column":95}},"16":{"start":{"line":98,"column":8},"end":{"line":100,"column":null}},"17":{"start":{"line":99,"column":12},"end":{"line":99,"column":107}},"18":{"start":{"line":102,"column":8},"end":{"line":104,"column":null}},"19":{"start":{"line":103,"column":12},"end":{"line":103,"column":116}},"20":{"start":{"line":106,"column":21},"end":{"line":106,"column":67}},"21":{"start":{"line":107,"column":18},"end":{"line":107,"column":19}},"22":{"start":{"line":109,"column":8},"end":{"line":115,"column":null}},"23":{"start":{"line":109,"column":21},"end":{"line":109,"column":37}},"24":{"start":{"line":110,"column":22},"end":{"line":110,"column":60}},"25":{"start":{"line":111,"column":12},"end":{"line":113,"column":null}},"26":{"start":{"line":112,"column":16},"end":{"line":112,"column":97}},"27":{"start":{"line":114,"column":12},"end":{"line":114,"column":65}},"28":{"start":{"line":117,"column":34},"end":{"line":117,"column":61}},"29":{"start":{"line":119,"column":8},"end":{"line":121,"column":null}},"30":{"start":{"line":120,"column":12},"end":{"line":120,"column":19}},"31":{"start":{"line":123,"column":8},"end":{"line":123,"column":62}},"32":{"start":{"line":132,"column":8},"end":{"line":132,"column":53}},"33":{"start":{"line":141,"column":8},"end":{"line":141,"column":56}},"34":{"start":{"line":151,"column":8},"end":{"line":153,"column":null}},"35":{"start":{"line":152,"column":12},"end":{"line":152,"column":25}},"36":{"start":{"line":154,"column":22},"end":{"line":154,"column":82}},"37":{"start":{"line":155,"column":8},"end":{"line":155,"column":38}},"38":{"start":{"line":166,"column":25},"end":{"line":166,"column":74}},"39":{"start":{"line":168,"column":23},"end":{"line":168,"column":72}},"40":{"start":{"line":169,"column":8},"end":{"line":169,"column":32}},"41":{"start":{"line":170,"column":8},"end":{"line":170,"column":42}},"42":{"start":{"line":171,"column":8},"end":{"line":171,"column":70}},"43":{"start":{"line":173,"column":20},"end":{"line":173,"column":46}},"44":{"start":{"line":175,"column":20},"end":{"line":175,"column":37}},"45":{"start":{"line":176,"column":8},"end":{"line":178,"column":null}},"46":{"start":{"line":176,"column":21},"end":{"line":176,"column":22}},"47":{"start":{"line":177,"column":12},"end":{"line":177,"column":47}},"48":{"start":{"line":179,"column":8},"end":{"line":179,"column":19}},"49":{"start":{"line":190,"column":25},"end":{"line":190,"column":74}},"50":{"start":{"line":192,"column":23},"end":{"line":192,"column":68}},"51":{"start":{"line":193,"column":8},"end":{"line":193,"column":32}},"52":{"start":{"line":194,"column":8},"end":{"line":194,"column":42}},"53":{"start":{"line":196,"column":8},"end":{"line":196,"column":44}},"54":{"start":{"line":206,"column":18},"end":{"line":206,"column":19}},"55":{"start":{"line":207,"column":8},"end":{"line":215,"column":null}},"56":{"start":{"line":207,"column":21},"end":{"line":207,"column":22}},"57":{"start":{"line":208,"column":24},"end":{"line":208,"column":33}},"58":{"start":{"line":209,"column":12},"end":{"line":209,"column":55}},"59":{"start":{"line":210,"column":12},"end":{"line":214,"column":null}},"60":{"start":{"line":210,"column":25},"end":{"line":210,"column":26}},"61":{"start":{"line":211,"column":16},"end":{"line":213,"column":null}},"62":{"start":{"line":212,"column":20},"end":{"line":212,"column":47}},"63":{"start":{"line":216,"column":8},"end":{"line":216,"column":19}},"64":{"start":{"line":226,"column":20},"end":{"line":226,"column":70}},"65":{"start":{"line":227,"column":18},"end":{"line":227,"column":19}},"66":{"start":{"line":228,"column":8},"end":{"line":230,"column":null}},"67":{"start":{"line":228,"column":21},"end":{"line":228,"column":22}},"68":{"start":{"line":229,"column":12},"end":{"line":229,"column":62}},"69":{"start":{"line":231,"column":8},"end":{"line":231,"column":23}},"70":{"start":{"line":232,"column":8},"end":{"line":234,"column":null}},"71":{"start":{"line":232,"column":21},"end":{"line":232,"column":22}},"72":{"start":{"line":233,"column":12},"end":{"line":233,"column":62}},"73":{"start":{"line":235,"column":8},"end":{"line":235,"column":19}},"74":{"start":{"line":253,"column":20},"end":{"line":253,"column":21}},"75":{"start":{"line":254,"column":19},"end":{"line":254,"column":20}},"76":{"start":{"line":255,"column":21},"end":{"line":255,"column":38}},"77":{"start":{"line":256,"column":20},"end":{"line":256,"column":22}},"78":{"start":{"line":258,"column":8},"end":{"line":266,"column":null}},"79":{"start":{"line":258,"column":21},"end":{"line":258,"column":22}},"80":{"start":{"line":259,"column":12},"end":{"line":259,"column":50}},"81":{"start":{"line":260,"column":12},"end":{"line":260,"column":29}},"82":{"start":{"line":262,"column":12},"end":{"line":265,"column":null}},"83":{"start":{"line":263,"column":16},"end":{"line":263,"column":31}},"84":{"start":{"line":264,"column":16},"end":{"line":264,"column":49}},"85":{"start":{"line":268,"column":8},"end":{"line":279,"column":null}},"86":{"start":{"line":269,"column":12},"end":{"line":271,"column":null}},"87":{"start":{"line":270,"column":16},"end":{"line":270,"column":60}},"88":{"start":{"line":273,"column":12},"end":{"line":275,"column":null}},"89":{"start":{"line":274,"column":16},"end":{"line":274,"column":50}},"90":{"start":{"line":276,"column":12},"end":{"line":278,"column":null}},"91":{"start":{"line":277,"column":16},"end":{"line":277,"column":52}},"92":{"start":{"line":280,"column":8},"end":{"line":280,"column":35}},"93":{"start":{"line":9,"column":1},"end":{"line":9,"column":14}},"94":{"start":{"line":14,"column":28},"end":{"line":14,"column":81}},"95":{"start":{"line":20,"column":28},"end":{"line":20,"column":52}},"96":{"start":{"line":26,"column":28},"end":{"line":32,"column":7}}},"fnMap":{"0":{"name":"(anonymous_0)","decl":{"start":{"line":40,"column":11},"end":{"line":40,"column":17}},"loc":{"start":{"line":40,"column":68},"end":{"line":42,"column":5}}},"1":{"name":"(anonymous_1)","decl":{"start":{"line":50,"column":11},"end":{"line":50,"column":17}},"loc":{"start":{"line":50,"column":81},"end":{"line":64,"column":5}}},"2":{"name":"(anonymous_2)","decl":{"start":{"line":71,"column":11},"end":{"line":71,"column":17}},"loc":{"start":{"line":71,"column":37},"end":{"line":80,"column":5}}},"3":{"name":"(anonymous_3)","decl":{"start":{"line":87,"column":11},"end":{"line":87,"column":17}},"loc":{"start":{"line":87,"column":48},"end":{"line":124,"column":5}}},"4":{"name":"(anonymous_4)","decl":{"start":{"line":131,"column":11},"end":{"line":131,"column":17}},"loc":{"start":{"line":131,"column":42},"end":{"line":133,"column":5}}},"5":{"name":"(anonymous_5)","decl":{"start":{"line":140,"column":11},"end":{"line":140,"column":17}},"loc":{"start":{"line":140,"column":46},"end":{"line":142,"column":5}}},"6":{"name":"(anonymous_6)","decl":{"start":{"line":150,"column":11},"end":{"line":150,"column":17}},"loc":{"start":{"line":150,"column":72},"end":{"line":156,"column":5}}},"7":{"name":"(anonymous_7)","decl":{"start":{"line":165,"column":12},"end":{"line":165,"column":18}},"loc":{"start":{"line":165,"column":77},"end":{"line":180,"column":5}}},"8":{"name":"(anonymous_8)","decl":{"start":{"line":189,"column":12},"end":{"line":189,"column":18}},"loc":{"start":{"line":189,"column":77},"end":{"line":197,"column":5}}},"9":{"name":"(anonymous_9)","decl":{"start":{"line":205,"column":12},"end":{"line":205,"column":18}},"loc":{"start":{"line":205,"column":45},"end":{"line":217,"column":5}}},"10":{"name":"(anonymous_10)","decl":{"start":{"line":225,"column":12},"end":{"line":225,"column":18}},"loc":{"start":{"line":225,"column":68},"end":{"line":236,"column":5}}},"11":{"name":"(anonymous_11)","decl":{"start":{"line":247,"column":12},"end":{"line":247,"column":18}},"loc":{"start":{"line":251,"column":24},"end":{"line":281,"column":5}}}},"branchMap":{"0":{"loc":{"start":{"line":76,"column":24},"end":{"line":79,"column":10}},"type":"cond-expr","locations":[{"start":{"line":76,"column":24},"end":{"line":79,"column":10}},{"start":{"line":79,"column":12},"end":{"line":79,"column":21}}]},"1":{"loc":{"start":{"line":94,"column":8},"end":{"line":96,"column":null}},"type":"if","locations":[{"start":{"line":94,"column":8},"end":{"line":96,"column":null}},{"start":{"line":94,"column":8},"end":{"line":96,"column":null}}]},"2":{"loc":{"start":{"line":98,"column":8},"end":{"line":100,"column":null}},"type":"if","locations":[{"start":{"line":98,"column":8},"end":{"line":100,"column":null}},{"start":{"line":98,"column":8},"end":{"line":100,"column":null}}]},"3":{"loc":{"start":{"line":102,"column":8},"end":{"line":104,"column":null}},"type":"if","locations":[{"start":{"line":102,"column":8},"end":{"line":104,"column":null}},{"start":{"line":102,"column":8},"end":{"line":104,"column":null}}]},"4":{"loc":{"start":{"line":111,"column":12},"end":{"line":113,"column":null}},"type":"if","locations":[{"start":{"line":111,"column":12},"end":{"line":113,"column":null}},{"start":{"line":111,"column":12},"end":{"line":113,"column":null}}]},"5":{"loc":{"start":{"line":119,"column":8},"end":{"line":121,"column":null}},"type":"if","locations":[{"start":{"line":119,"column":8},"end":{"line":121,"column":null}},{"start":{"line":119,"column":8},"end":{"line":121,"column":null}}]},"6":{"loc":{"start":{"line":151,"column":8},"end":{"line":153,"column":null}},"type":"if","locations":[{"start":{"line":151,"column":8},"end":{"line":153,"column":null}},{"start":{"line":151,"column":8},"end":{"line":153,"column":null}}]},"7":{"loc":{"start":{"line":211,"column":16},"end":{"line":213,"column":null}},"type":"if","locations":[{"start":{"line":211,"column":16},"end":{"line":213,"column":null}},{"start":{"line":211,"column":16},"end":{"line":213,"column":null}}]},"8":{"loc":{"start":{"line":268,"column":8},"end":{"line":279,"column":null}},"type":"if","locations":[{"start":{"line":268,"column":8},"end":{"line":279,"column":null}},{"start":{"line":268,"column":8},"end":{"line":279,"column":null}}]},"9":{"loc":{"start":{"line":269,"column":12},"end":{"line":271,"column":null}},"type":"if","locations":[{"start":{"line":269,"column":12},"end":{"line":271,"column":null}},{"start":{"line":269,"column":12},"end":{"line":271,"column":null}}]},"10":{"loc":{"start":{"line":273,"column":12},"end":{"line":275,"column":null}},"type":"if","locations":[{"start":{"line":273,"column":12},"end":{"line":275,"column":null}},{"start":{"line":273,"column":12},"end":{"line":275,"column":null}}]},"11":{"loc":{"start":{"line":276,"column":12},"end":{"line":278,"column":null}},"type":"if","locations":[{"start":{"line":276,"column":12},"end":{"line":278,"column":null}},{"start":{"line":276,"column":12},"end":{"line":278,"column":null}}]}},"s":{"0":0,"1":0,"2":0,"3":0,"4":0,"5":0,"6":0,"7":0,"8":0,"9":0,"10":0,"11":0,"12":0,"13":0,"14":0,"15":0,"16":0,"17":0,"18":0,"19":0,"20":0,"21":0,"22":0,"23":0,"24":0,"25":0,"26":0,"27":0,"28":0,"29":0,"30":0,"31":0,"32":0,"33":0,"34":0,"35":0,"36":0,"37":0,"38":0,"39":0,"40":0,"41":0,"42":0,"43":0,"44":0,"45":0,"46":0,"47":0,"48":0,"49":0,"50":0,"51":0,"52":0,"53":0,"54":0,"55":0,"56":0,"57":0,"58":0,"59":0,"60":0,"61":0,"62":0,"63":0,"64":0,"65":0,"66":0,"67":0,"68":0,"69":0,"70":0,"71":0,"72":0,"73":0,"74":0,"75":0,"76":0,"77":0,"78":0,"79":0,"80":0,"81":0,"82":0,"83":0,"84":0,"85":0,"86":0,"87":0,"88":0,"89":0,"90":0,"91":0,"92":0,"93":1,"94":1,"95":1,"96":1},"f":{"0":0,"1":0,"2":0,"3":0,"4":0,"5":0,"6":0,"7":0,"8":0,"9":0,"10":0,"11":0},"b":{"0":[0,0],"1":[0,0],"2":[0,0],"3":[0,0],"4":[0,0],"5":[0,0],"6":[0,0],"7":[0,0],"8":[0,0],"9":[0,0],"10":[0,0],"11":[0,0]}}
,"/home/maxwellmattryan/dev/iota/repos/firefly/packages/shared/lib/currency.ts": {"path":"/home/maxwellmattryan/dev/iota/repos/firefly/packages/shared/lib/currency.ts","statementMap":{"0":{"start":{"line":1,"column":0},"end":{"line":1,"column":44}},"1":{"start":{"line":2,"column":0},"end":{"line":2,"column":43}},"2":{"start":{"line":3,"column":0},"end":{"line":3,"column":41}},"3":{"start":{"line":5,"column":0},"end":{"line":5,"column":null}},"4":{"start":{"line":6,"column":4},"end":{"line":6,"column":null}},"5":{"start":{"line":7,"column":4},"end":{"line":7,"column":null}},"6":{"start":{"line":8,"column":4},"end":{"line":8,"column":null}},"7":{"start":{"line":9,"column":4},"end":{"line":9,"column":null}},"8":{"start":{"line":19,"column":0},"end":{"line":19,"column":null}},"9":{"start":{"line":20,"column":4},"end":{"line":20,"column":null}},"10":{"start":{"line":21,"column":4},"end":{"line":21,"column":null}},"11":{"start":{"line":22,"column":4},"end":{"line":22,"column":null}},"12":{"start":{"line":23,"column":4},"end":{"line":23,"column":null}},"13":{"start":{"line":24,"column":4},"end":{"line":24,"column":null}},"14":{"start":{"line":25,"column":4},"end":{"line":25,"column":null}},"15":{"start":{"line":26,"column":4},"end":{"line":26,"column":null}},"16":{"start":{"line":27,"column":4},"end":{"line":27,"column":null}},"17":{"start":{"line":28,"column":4},"end":{"line":28,"column":null}},"18":{"start":{"line":29,"column":4},"end":{"line":29,"column":null}},"19":{"start":{"line":30,"column":4},"end":{"line":30,"column":null}},"20":{"start":{"line":31,"column":4},"end":{"line":31,"column":null}},"21":{"start":{"line":32,"column":4},"end":{"line":32,"column":null}},"22":{"start":{"line":33,"column":4},"end":{"line":33,"column":null}},"23":{"start":{"line":34,"column":4},"end":{"line":34,"column":null}},"24":{"start":{"line":35,"column":4},"end":{"line":35,"column":null}},"25":{"start":{"line":36,"column":4},"end":{"line":36,"column":null}},"26":{"start":{"line":37,"column":4},"end":{"line":37,"column":null}},"27":{"start":{"line":38,"column":4},"end":{"line":38,"column":null}},"28":{"start":{"line":39,"column":4},"end":{"line":39,"column":null}},"29":{"start":{"line":40,"column":4},"end":{"line":40,"column":null}},"30":{"start":{"line":41,"column":4},"end":{"line":41,"column":null}},"31":{"start":{"line":42,"column":4},"end":{"line":42,"column":null}},"32":{"start":{"line":43,"column":4},"end":{"line":43,"column":null}},"33":{"start":{"line":44,"column":4},"end":{"line":44,"column":null}},"34":{"start":{"line":45,"column":4},"end":{"line":45,"column":null}},"35":{"start":{"line":46,"column":4},"end":{"line":46,"column":null}},"36":{"start":{"line":47,"column":4},"end":{"line":47,"column":null}},"37":{"start":{"line":48,"column":4},"end":{"line":48,"column":null}},"38":{"start":{"line":49,"column":4},"end":{"line":49,"column":null}},"39":{"start":{"line":50,"column":4},"end":{"line":50,"column":null}},"40":{"start":{"line":51,"column":4},"end":{"line":51,"column":null}},"41":{"start":{"line":52,"column":4},"end":{"line":52,"column":null}},"42":{"start":{"line":94,"column":76},"end":{"line":128,"column":null}},"43":{"start":{"line":133,"column":13},"end":{"line":133,"column":null}},"44":{"start":{"line":136,"column":13},"end":{"line":136,"column":null}},"45":{"start":{"line":149,"column":13},"end":{"line":151,"column":null}},"46":{"start":{"line":150,"column":4},"end":{"line":150,"column":null}},"47":{"start":{"line":163,"column":13},"end":{"line":173,"column":null}},"48":{"start":{"line":164,"column":31},"end":{"line":164,"column":58}},"49":{"start":{"line":165,"column":4},"end":{"line":172,"column":null}},"50":{"start":{"line":167,"column":12},"end":{"line":167,"column":null}},"51":{"start":{"line":169,"column":12},"end":{"line":169,"column":null}},"52":{"start":{"line":171,"column":12},"end":{"line":171,"column":null}},"53":{"start":{"line":175,"column":13},"end":{"line":189,"column":null}},"54":{"start":{"line":176,"column":24},"end":{"line":176,"column":49}},"55":{"start":{"line":178,"column":4},"end":{"line":180,"column":null}},"56":{"start":{"line":179,"column":8},"end":{"line":179,"column":null}},"57":{"start":{"line":182,"column":4},"end":{"line":188,"column":23}},"58":{"start":{"line":187,"column":22},"end":{"line":187,"column":45}},"59":{"start":{"line":191,"column":13},"end":{"line":200,"column":null}},"60":{"start":{"line":192,"column":24},"end":{"line":192,"column":49}},"61":{"start":{"line":194,"column":19},"end":{"line":197,"column":25}},"62":{"start":{"line":199,"column":4},"end":{"line":199,"column":null}},"63":{"start":{"line":199,"column":33},"end":{"line":199,"column":54}},"64":{"start":{"line":202,"column":13},"end":{"line":216,"column":null}},"65":{"start":{"line":203,"column":24},"end":{"line":203,"column":49}},"66":{"start":{"line":205,"column":4},"end":{"line":207,"column":null}},"67":{"start":{"line":206,"column":8},"end":{"line":206,"column":null}},"68":{"start":{"line":209,"column":4},"end":{"line":215,"column":23}},"69":{"start":{"line":214,"column":22},"end":{"line":214,"column":43}},"70":{"start":{"line":219,"column":13},"end":{"line":221,"column":null}},"71":{"start":{"line":220,"column":4},"end":{"line":220,"column":null}},"72":{"start":{"line":223,"column":13},"end":{"line":227,"column":null}},"73":{"start":{"line":225,"column":14},"end":{"line":225,"column":82}},"74":{"start":{"line":226,"column":4},"end":{"line":226,"column":null}},"75":{"start":{"line":229,"column":13},"end":{"line":263,"column":null}},"76":{"start":{"line":230,"column":4},"end":{"line":232,"column":null}},"77":{"start":{"line":231,"column":8},"end":{"line":231,"column":null}},"78":{"start":{"line":234,"column":24},"end":{"line":234,"column":49}},"79":{"start":{"line":236,"column":4},"end":{"line":238,"column":null}},"80":{"start":{"line":237,"column":8},"end":{"line":237,"column":null}},"81":{"start":{"line":240,"column":18},"end":{"line":247,"column":27}},"82":{"start":{"line":251,"column":21},"end":{"line":251,"column":64}},"83":{"start":{"line":251,"column":42},"end":{"line":251,"column":63}},"84":{"start":{"line":252,"column":4},"end":{"line":260,"column":null}},"85":{"start":{"line":253,"column":8},"end":{"line":259,"column":null}},"86":{"start":{"line":254,"column":12},"end":{"line":256,"column":null}},"87":{"start":{"line":255,"column":16},"end":{"line":255,"column":null}},"88":{"start":{"line":257,"column":15},"end":{"line":259,"column":null}},"89":{"start":{"line":258,"column":12},"end":{"line":258,"column":null}},"90":{"start":{"line":262,"column":4},"end":{"line":262,"column":null}},"91":{"start":{"line":262,"column":26},"end":{"line":262,"column":33}},"92":{"start":{"line":265,"column":13},"end":{"line":275,"column":null}},"93":{"start":{"line":266,"column":24},"end":{"line":266,"column":49}},"94":{"start":{"line":268,"column":22},"end":{"line":272,"column":20}},"95":{"start":{"line":274,"column":4},"end":{"line":274,"column":null}},"96":{"start":{"line":277,"column":13},"end":{"line":299,"column":null}},"97":{"start":{"line":278,"column":29},"end":{"line":278,"column":50}},"98":{"start":{"line":280,"column":18},"end":{"line":280,"column":45}},"99":{"start":{"line":282,"column":4},"end":{"line":287,"column":null}},"100":{"start":{"line":283,"column":8},"end":{"line":283,"column":null}},"101":{"start":{"line":284,"column":8},"end":{"line":286,"column":null}},"102":{"start":{"line":285,"column":12},"end":{"line":285,"column":null}},"103":{"start":{"line":290,"column":4},"end":{"line":292,"column":null}},"104":{"start":{"line":291,"column":8},"end":{"line":291,"column":null}},"105":{"start":{"line":294,"column":4},"end":{"line":298,"column":null}},"106":{"start":{"line":295,"column":8},"end":{"line":295,"column":null}},"107":{"start":{"line":297,"column":8},"end":{"line":297,"column":null}},"108":{"start":{"line":301,"column":13},"end":{"line":303,"column":null}},"109":{"start":{"line":302,"column":4},"end":{"line":302,"column":null}}},"fnMap":{"0":{"name":"(anonymous_0)","decl":{"start":{"line":5,"column":0},"end":{"line":5,"column":12}},"loc":{"start":{"line":5,"column":25},"end":{"line":10,"column":1}}},"1":{"name":"(anonymous_1)","decl":{"start":{"line":19,"column":0},"end":{"line":19,"column":12}},"loc":{"start":{"line":19,"column":34},"end":{"line":53,"column":1}}},"2":{"name":"(anonymous_2)","decl":{"start":{"line":149,"column":29},"end":{"line":149,"column":30}},"loc":{"start":{"line":149,"column":98},"end":{"line":151,"column":1}}},"3":{"name":"(anonymous_3)","decl":{"start":{"line":163,"column":35},"end":{"line":163,"column":36}},"loc":{"start":{"line":163,"column":157},"end":{"line":173,"column":1}}},"4":{"name":"(anonymous_4)","decl":{"start":{"line":175,"column":35},"end":{"line":175,"column":36}},"loc":{"start":{"line":175,"column":80},"end":{"line":189,"column":1}}},"5":{"name":"(anonymous_5)","decl":{"start":{"line":187,"column":14},"end":{"line":187,"column":18}},"loc":{"start":{"line":187,"column":22},"end":{"line":187,"column":45}}},"6":{"name":"(anonymous_6)","decl":{"start":{"line":191,"column":35},"end":{"line":191,"column":56}},"loc":{"start":{"line":191,"column":58},"end":{"line":200,"column":1}}},"7":{"name":"(anonymous_7)","decl":{"start":{"line":199,"column":28},"end":{"line":199,"column":29}},"loc":{"start":{"line":199,"column":33},"end":{"line":199,"column":54}}},"8":{"name":"(anonymous_8)","decl":{"start":{"line":202,"column":33},"end":{"line":202,"column":34}},"loc":{"start":{"line":202,"column":78},"end":{"line":216,"column":1}}},"9":{"name":"(anonymous_9)","decl":{"start":{"line":214,"column":14},"end":{"line":214,"column":18}},"loc":{"start":{"line":214,"column":22},"end":{"line":214,"column":43}}},"10":{"name":"(anonymous_10)","decl":{"start":{"line":219,"column":39},"end":{"line":219,"column":42}},"loc":{"start":{"line":219,"column":44},"end":{"line":221,"column":1}}},"11":{"name":"(anonymous_11)","decl":{"start":{"line":223,"column":29},"end":{"line":223,"column":30}},"loc":{"start":{"line":223,"column":103},"end":{"line":227,"column":1}}},"12":{"name":"(anonymous_12)","decl":{"start":{"line":229,"column":30},"end":{"line":229,"column":31}},"loc":{"start":{"line":229,"column":214},"end":{"line":263,"column":1}}},"13":{"name":"(anonymous_13)","decl":{"start":{"line":251,"column":37},"end":{"line":251,"column":38}},"loc":{"start":{"line":251,"column":42},"end":{"line":251,"column":63}}},"14":{"name":"(anonymous_14)","decl":{"start":{"line":262,"column":21},"end":{"line":262,"column":22}},"loc":{"start":{"line":262,"column":26},"end":{"line":262,"column":33}}},"15":{"name":"(anonymous_15)","decl":{"start":{"line":265,"column":28},"end":{"line":265,"column":29}},"loc":{"start":{"line":265,"column":192},"end":{"line":275,"column":1}}},"16":{"name":"(anonymous_16)","decl":{"start":{"line":277,"column":27},"end":{"line":277,"column":28}},"loc":{"start":{"line":277,"column":69},"end":{"line":299,"column":1}}},"17":{"name":"(anonymous_17)","decl":{"start":{"line":301,"column":38},"end":{"line":301,"column":39}},"loc":{"start":{"line":301,"column":106},"end":{"line":303,"column":1}}}},"branchMap":{"0":{"loc":{"start":{"line":5,"column":12},"end":{"line":5,"column":25}},"type":"binary-expr","locations":[{"start":{"line":5,"column":12},"end":{"line":5,"column":25}},{"start":{"line":5,"column":12},"end":{"line":5,"column":null}}]},"1":{"loc":{"start":{"line":19,"column":12},"end":{"line":19,"column":34}},"type":"binary-expr","locations":[{"start":{"line":19,"column":12},"end":{"line":19,"column":34}},{"start":{"line":19,"column":12},"end":{"line":19,"column":null}}]},"2":{"loc":{"start":{"line":163,"column":99},"end":{"line":163,"column":100}},"type":"default-arg","locations":[{"start":{"line":163,"column":99},"end":{"line":163,"column":100}}]},"3":{"loc":{"start":{"line":163,"column":121},"end":{"line":163,"column":122}},"type":"default-arg","locations":[{"start":{"line":163,"column":121},"end":{"line":163,"column":122}}]},"4":{"loc":{"start":{"line":163,"column":143},"end":{"line":163,"column":144}},"type":"default-arg","locations":[{"start":{"line":163,"column":143},"end":{"line":163,"column":144}}]},"5":{"loc":{"start":{"line":166,"column":8},"end":{"line":167,"column":null}},"type":"switch","locations":[{"start":{"line":166,"column":8},"end":{"line":167,"column":null}},{"start":{"line":168,"column":8},"end":{"line":169,"column":null}},{"start":{"line":170,"column":8},"end":{"line":171,"column":null}}]},"6":{"loc":{"start":{"line":175,"column":67},"end":{"line":175,"column":76}},"type":"default-arg","locations":[{"start":{"line":175,"column":67},"end":{"line":175,"column":76}}]},"7":{"loc":{"start":{"line":178,"column":4},"end":{"line":180,"column":null}},"type":"if","locations":[{"start":{"line":178,"column":4},"end":{"line":180,"column":null}},{"start":{"line":178,"column":4},"end":{"line":180,"column":null}}]},"8":{"loc":{"start":{"line":179,"column":47},"end":{"line":179,"column":49}},"type":"cond-expr","locations":[{"start":{"line":179,"column":47},"end":{"line":179,"column":49}},{"start":{"line":179,"column":47},"end":{"line":179,"column":57}}]},"9":{"loc":{"start":{"line":179,"column":16},"end":{"line":179,"column":49}},"type":"binary-expr","locations":[{"start":{"line":179,"column":16},"end":{"line":179,"column":49}},{"start":{"line":179,"column":47},"end":{"line":179,"column":49}}]},"10":{"loc":{"start":{"line":179,"column":37},"end":{"line":179,"column":39}},"type":"cond-expr","locations":[{"start":{"line":179,"column":37},"end":{"line":179,"column":39}},{"start":{"line":179,"column":37},"end":{"line":179,"column":47}}]},"11":{"loc":{"start":{"line":179,"column":16},"end":{"line":179,"column":39}},"type":"binary-expr","locations":[{"start":{"line":179,"column":16},"end":{"line":179,"column":39}},{"start":{"line":179,"column":37},"end":{"line":179,"column":39}}]},"12":{"loc":{"start":{"line":188,"column":15},"end":{"line":188,"column":19}},"type":"cond-expr","locations":[{"start":{"line":188,"column":15},"end":{"line":188,"column":19}},{"start":{"line":188,"column":19},"end":{"line":188,"column":22}}]},"13":{"loc":{"start":{"line":182,"column":4},"end":{"line":188,"column":19}},"type":"binary-expr","locations":[{"start":{"line":182,"column":4},"end":{"line":188,"column":19}},{"start":{"line":188,"column":15},"end":{"line":188,"column":19}}]},"14":{"loc":{"start":{"line":187,"column":46},"end":{"line":187,"column":null}},"type":"cond-expr","locations":[{"start":{"line":187,"column":46},"end":{"line":187,"column":null}},{"start":{"line":187,"column":46},"end":{"line":188,"column":15}}]},"15":{"loc":{"start":{"line":182,"column":4},"end":{"line":187,"column":null}},"type":"binary-expr","locations":[{"start":{"line":182,"column":4},"end":{"line":187,"column":null}},{"start":{"line":187,"column":46},"end":{"line":187,"column":null}}]},"16":{"loc":{"start":{"line":184,"column":18},"end":{"line":184,"column":26}},"type":"cond-expr","locations":[{"start":{"line":184,"column":18},"end":{"line":184,"column":26}},{"start":{"line":184,"column":30},"end":{"line":184,"column":35}}]},"17":{"loc":{"start":{"line":184,"column":18},"end":{"line":184,"column":30}},"type":"binary-expr","locations":[{"start":{"line":184,"column":18},"end":{"line":184,"column":30}},{"start":{"line":184,"column":18},"end":{"line":184,"column":30}}]},"18":{"loc":{"start":{"line":199,"column":64},"end":{"line":199,"column":70}},"type":"cond-expr","locations":[{"start":{"line":199,"column":64},"end":{"line":199,"column":70}},{"start":{"line":199,"column":73},"end":{"line":199,"column":80}}]},"19":{"loc":{"start":{"line":202,"column":65},"end":{"line":202,"column":74}},"type":"default-arg","locations":[{"start":{"line":202,"column":65},"end":{"line":202,"column":74}}]},"20":{"loc":{"start":{"line":205,"column":4},"end":{"line":207,"column":null}},"type":"if","locations":[{"start":{"line":205,"column":4},"end":{"line":207,"column":null}},{"start":{"line":205,"column":4},"end":{"line":207,"column":null}}]},"21":{"loc":{"start":{"line":206,"column":47},"end":{"line":206,"column":49}},"type":"cond-expr","locations":[{"start":{"line":206,"column":47},"end":{"line":206,"column":49}},{"start":{"line":206,"column":47},"end":{"line":206,"column":57}}]},"22":{"loc":{"start":{"line":206,"column":16},"end":{"line":206,"column":49}},"type":"binary-expr","locations":[{"start":{"line":206,"column":16},"end":{"line":206,"column":49}},{"start":{"line":206,"column":47},"end":{"line":206,"column":49}}]},"23":{"loc":{"start":{"line":206,"column":37},"end":{"line":206,"column":39}},"type":"cond-expr","locations":[{"start":{"line":206,"column":37},"end":{"line":206,"column":39}},{"start":{"line":206,"column":37},"end":{"line":206,"column":47}}]},"24":{"loc":{"start":{"line":206,"column":16},"end":{"line":206,"column":39}},"type":"binary-expr","locations":[{"start":{"line":206,"column":16},"end":{"line":206,"column":39}},{"start":{"line":206,"column":37},"end":{"line":206,"column":39}}]},"25":{"loc":{"start":{"line":215,"column":15},"end":{"line":215,"column":19}},"type":"cond-expr","locations":[{"start":{"line":215,"column":15},"end":{"line":215,"column":19}},{"start":{"line":215,"column":19},"end":{"line":215,"column":22}}]},"26":{"loc":{"start":{"line":209,"column":4},"end":{"line":215,"column":19}},"type":"binary-expr","locations":[{"start":{"line":209,"column":4},"end":{"line":215,"column":19}},{"start":{"line":215,"column":15},"end":{"line":215,"column":19}}]},"27":{"loc":{"start":{"line":214,"column":44},"end":{"line":214,"column":null}},"type":"cond-expr","locations":[{"start":{"line":214,"column":44},"end":{"line":214,"column":null}},{"start":{"line":214,"column":44},"end":{"line":215,"column":15}}]},"28":{"loc":{"start":{"line":209,"column":4},"end":{"line":214,"column":null}},"type":"binary-expr","locations":[{"start":{"line":209,"column":4},"end":{"line":214,"column":null}},{"start":{"line":214,"column":44},"end":{"line":214,"column":null}}]},"29":{"loc":{"start":{"line":211,"column":18},"end":{"line":211,"column":26}},"type":"cond-expr","locations":[{"start":{"line":211,"column":18},"end":{"line":211,"column":26}},{"start":{"line":211,"column":30},"end":{"line":211,"column":35}}]},"30":{"loc":{"start":{"line":211,"column":18},"end":{"line":211,"column":30}},"type":"binary-expr","locations":[{"start":{"line":211,"column":18},"end":{"line":211,"column":30}},{"start":{"line":211,"column":18},"end":{"line":211,"column":30}}]},"31":{"loc":{"start":{"line":223,"column":82},"end":{"line":223,"column":91}},"type":"default-arg","locations":[{"start":{"line":223,"column":82},"end":{"line":223,"column":91}}]},"32":{"loc":{"start":{"line":229,"column":77},"end":{"line":229,"column":86}},"type":"default-arg","locations":[{"start":{"line":229,"column":77},"end":{"line":229,"column":86}}]},"33":{"loc":{"start":{"line":229,"column":122},"end":{"line":229,"column":131}},"type":"default-arg","locations":[{"start":{"line":229,"column":122},"end":{"line":229,"column":131}}]},"34":{"loc":{"start":{"line":229,"column":167},"end":{"line":229,"column":176}},"type":"default-arg","locations":[{"start":{"line":229,"column":167},"end":{"line":229,"column":176}}]},"35":{"loc":{"start":{"line":229,"column":197},"end":{"line":229,"column":202}},"type":"default-arg","locations":[{"start":{"line":229,"column":197},"end":{"line":229,"column":202}}]},"36":{"loc":{"start":{"line":230,"column":4},"end":{"line":232,"column":null}},"type":"if","locations":[{"start":{"line":230,"column":4},"end":{"line":232,"column":null}},{"start":{"line":230,"column":4},"end":{"line":232,"column":null}}]},"37":{"loc":{"start":{"line":236,"column":4},"end":{"line":238,"column":null}},"type":"if","locations":[{"start":{"line":236,"column":4},"end":{"line":238,"column":null}},{"start":{"line":236,"column":4},"end":{"line":238,"column":null}}]},"38":{"loc":{"start":{"line":237,"column":47},"end":{"line":237,"column":49}},"type":"cond-expr","locations":[{"start":{"line":237,"column":47},"end":{"line":237,"column":49}},{"start":{"line":237,"column":47},"end":{"line":237,"column":57}}]},"39":{"loc":{"start":{"line":237,"column":16},"end":{"line":237,"column":49}},"type":"binary-expr","locations":[{"start":{"line":237,"column":16},"end":{"line":237,"column":49}},{"start":{"line":237,"column":47},"end":{"line":237,"column":49}}]},"40":{"loc":{"start":{"line":237,"column":37},"end":{"line":237,"column":39}},"type":"cond-expr","locations":[{"start":{"line":237,"column":37},"end":{"line":237,"column":39}},{"start":{"line":237,"column":37},"end":{"line":237,"column":47}}]},"41":{"loc":{"start":{"line":237,"column":16},"end":{"line":237,"column":39}},"type":"binary-expr","locations":[{"start":{"line":237,"column":16},"end":{"line":237,"column":39}},{"start":{"line":237,"column":37},"end":{"line":237,"column":39}}]},"42":{"loc":{"start":{"line":242,"column":18},"end":{"line":242,"column":26}},"type":"cond-expr","locations":[{"start":{"line":242,"column":18},"end":{"line":242,"column":26}},{"start":{"line":242,"column":30},"end":{"line":242,"column":35}}]},"43":{"loc":{"start":{"line":242,"column":18},"end":{"line":242,"column":30}},"type":"binary-expr","locations":[{"start":{"line":242,"column":18},"end":{"line":242,"column":30}},{"start":{"line":242,"column":18},"end":{"line":242,"column":30}}]},"44":{"loc":{"start":{"line":244,"column":31},"end":{"line":244,"column":42}},"type":"cond-expr","locations":[{"start":{"line":244,"column":31},"end":{"line":244,"column":42}},{"start":{"line":244,"column":46},"end":{"line":244,"column":47}}]},"45":{"loc":{"start":{"line":244,"column":31},"end":{"line":244,"column":46}},"type":"binary-expr","locations":[{"start":{"line":244,"column":31},"end":{"line":244,"column":46}},{"start":{"line":244,"column":31},"end":{"line":244,"column":46}}]},"46":{"loc":{"start":{"line":252,"column":4},"end":{"line":260,"column":null}},"type":"if","locations":[{"start":{"line":252,"column":4},"end":{"line":260,"column":null}},{"start":{"line":252,"column":4},"end":{"line":260,"column":null}}]},"47":{"loc":{"start":{"line":253,"column":8},"end":{"line":259,"column":null}},"type":"if","locations":[{"start":{"line":253,"column":8},"end":{"line":259,"column":null}},{"start":{"line":253,"column":8},"end":{"line":259,"column":null}}]},"48":{"loc":{"start":{"line":254,"column":12},"end":{"line":256,"column":null}},"type":"if","locations":[{"start":{"line":254,"column":12},"end":{"line":256,"column":null}},{"start":{"line":254,"column":12},"end":{"line":256,"column":null}}]},"49":{"loc":{"start":{"line":257,"column":15},"end":{"line":259,"column":null}},"type":"if","locations":[{"start":{"line":257,"column":15},"end":{"line":259,"column":null}},{"start":{"line":257,"column":15},"end":{"line":259,"column":null}}]},"50":{"loc":{"start":{"line":265,"column":78},"end":{"line":265,"column":87}},"type":"default-arg","locations":[{"start":{"line":265,"column":78},"end":{"line":265,"column":87}}]},"51":{"loc":{"start":{"line":265,"column":123},"end":{"line":265,"column":132}},"type":"default-arg","locations":[{"start":{"line":265,"column":123},"end":{"line":265,"column":132}}]},"52":{"loc":{"start":{"line":265,"column":153},"end":{"line":265,"column":154}},"type":"default-arg","locations":[{"start":{"line":265,"column":153},"end":{"line":265,"column":154}}]},"53":{"loc":{"start":{"line":265,"column":175},"end":{"line":265,"column":180}},"type":"default-arg","locations":[{"start":{"line":265,"column":175},"end":{"line":265,"column":180}}]},"54":{"loc":{"start":{"line":269,"column":31},"end":{"line":269,"column":42}},"type":"cond-expr","locations":[{"start":{"line":269,"column":31},"end":{"line":269,"column":42}},{"start":{"line":269,"column":46},"end":{"line":269,"column":47}}]},"55":{"loc":{"start":{"line":269,"column":31},"end":{"line":269,"column":46}},"type":"binary-expr","locations":[{"start":{"line":269,"column":31},"end":{"line":269,"column":46}},{"start":{"line":269,"column":31},"end":{"line":269,"column":46}}]},"56":{"loc":{"start":{"line":282,"column":4},"end":{"line":287,"column":null}},"type":"if","locations":[{"start":{"line":282,"column":4},"end":{"line":287,"column":null}},{"start":{"line":282,"column":4},"end":{"line":287,"column":null}}]},"57":{"loc":{"start":{"line":284,"column":8},"end":{"line":286,"column":null}},"type":"if","locations":[{"start":{"line":284,"column":8},"end":{"line":286,"column":null}},{"start":{"line":284,"column":8},"end":{"line":286,"column":null}}]},"58":{"loc":{"start":{"line":290,"column":4},"end":{"line":292,"column":null}},"type":"if","locations":[{"start":{"line":290,"column":4},"end":{"line":292,"column":null}},{"start":{"line":290,"column":4},"end":{"line":292,"column":null}}]},"59":{"loc":{"start":{"line":294,"column":4},"end":{"line":298,"column":null}},"type":"if","locations":[{"start":{"line":294,"column":4},"end":{"line":298,"column":null}},{"start":{"line":294,"column":4},"end":{"line":298,"column":null}}]},"60":{"loc":{"start":{"line":301,"column":85},"end":{"line":301,"column":94}},"type":"default-arg","locations":[{"start":{"line":301,"column":85},"end":{"line":301,"column":94}}]}},"s":{"0":1,"1":1,"2":1,"3":1,"4":1,"5":1,"6":1,"7":1,"8":1,"9":1,"10":1,"11":1,"12":1,"13":1,"14":1,"15":1,"16":1,"17":1,"18":1,"19":1,"20":1,"21":1,"22":1,"23":1,"24":1,"25":1,"26":1,"27":1,"28":1,"29":1,"30":1,"31":1,"32":1,"33":1,"34":1,"35":1,"36":1,"37":1,"38":1,"39":1,"40":1,"41":1,"42":1,"43":1,"44":1,"45":1,"46":2,"47":1,"48":0,"49":0,"50":0,"51":0,"52":0,"53":1,"54":0,"55":0,"56":0,"57":0,"58":0,"59":1,"60":0,"61":0,"62":0,"63":0,"64":1,"65":0,"66":0,"67":0,"68":0,"69":0,"70":1,"71":0,"72":1,"73":0,"74":0,"75":1,"76":0,"77":0,"78":0,"79":0,"80":0,"81":0,"82":0,"83":0,"84":0,"85":0,"86":0,"87":0,"88":0,"89":0,"90":0,"91":0,"92":1,"93":0,"94":0,"95":0,"96":1,"97":0,"98":0,"99":0,"100":0,"101":0,"102":0,"103":0,"104":0,"105":0,"106":0,"107":0,"108":1,"109":0},"f":{"0":1,"1":1,"2":2,"3":0,"4":0,"5":0,"6":0,"7":0,"8":0,"9":0,"10":0,"11":0,"12":0,"13":0,"14":0,"15":0,"16":0,"17":0},"b":{"0":[1,1],"1":[1,1],"2":[0],"3":[0],"4":[0],"5":[0,0,0],"6":[0],"7":[0,0],"8":[0,0],"9":[0,0],"10":[0,0],"11":[0,0],"12":[0,0],"13":[0,0],"14":[0,0],"15":[0,0],"16":[0,0],"17":[0,0],"18":[0,0],"19":[0],"20":[0,0],"21":[0,0],"22":[0,0],"23":[0,0],"24":[0,0],"25":[0,0],"26":[0,0],"27":[0,0],"28":[0,0],"29":[0,0],"30":[0,0],"31":[0],"32":[0],"33":[0],"34":[0],"35":[0],"36":[0,0],"37":[0,0],"38":[0,0],"39":[0,0],"40":[0,0],"41":[0,0],"42":[0,0],"43":[0,0],"44":[0,0],"45":[0,0],"46":[0,0],"47":[0,0],"48":[0,0],"49":[0,0],"50":[0],"51":[0],"52":[0],"53":[0],"54":[0,0],"55":[0,0],"56":[0,0],"57":[0,0],"58":[0,0],"59":[0,0],"60":[0]}}
,"/home/maxwellmattryan/dev/iota/repos/firefly/packages/shared/lib/deepLinking.ts": {"path":"/home/maxwellmattryan/dev/iota/repos/firefly/packages/shared/lib/deepLinking.ts","statementMap":{"0":{"start":{"line":1,"column":0},"end":{"line":1,"column":39}},"1":{"start":{"line":6,"column":13},"end":{"line":6,"column":null}}},"fnMap":{},"branchMap":{},"s":{"0":1,"1":1},"f":{},"b":{}}
,"/home/maxwellmattryan/dev/iota/repos/firefly/packages/shared/lib/electron.ts": {"path":"/home/maxwellmattryan/dev/iota/repos/firefly/packages/shared/lib/electron.ts","statementMap":{"0":{"start":{"line":102,"column":13},"end":{"line":102,"column":54}}},"fnMap":{},"branchMap":{},"s":{"0":1},"f":{},"b":{}}
,"/home/maxwellmattryan/dev/iota/repos/firefly/packages/shared/lib/helpers.ts": {"path":"/home/maxwellmattryan/dev/iota/repos/firefly/packages/shared/lib/helpers.ts","statementMap":{"0":{"start":{"line":1,"column":0},"end":{"line":1,"column":49}},"1":{"start":{"line":7,"column":13},"end":{"line":9,"column":null}},"2":{"start":{"line":8,"column":4},"end":{"line":8,"column":null}},"3":{"start":{"line":14,"column":13},"end":{"line":37,"column":null}},"4":{"start":{"line":15,"column":16},"end":{"line":15,"column":28}},"5":{"start":{"line":17,"column":4},"end":{"line":24,"column":null}},"6":{"start":{"line":18,"column":21},"end":{"line":18,"column":46}},"7":{"start":{"line":19,"column":8},"end":{"line":21,"column":null}},"8":{"start":{"line":20,"column":12},"end":{"line":20,"column":null}},"9":{"start":{"line":23,"column":8},"end":{"line":23,"column":null}},"10":{"start":{"line":26,"column":18},"end":{"line":26,"column":33}},"11":{"start":{"line":28,"column":4},"end":{"line":34,"column":null}},"12":{"start":{"line":29,"column":8},"end":{"line":33,"column":null}},"13":{"start":{"line":30,"column":12},"end":{"line":30,"column":null}},"14":{"start":{"line":32,"column":12},"end":{"line":32,"column":null}},"15":{"start":{"line":36,"column":4},"end":{"line":36,"column":null}},"16":{"start":{"line":44,"column":13},"end":{"line":50,"column":null}},"17":{"start":{"line":45,"column":4},"end":{"line":47,"column":null}},"18":{"start":{"line":46,"column":8},"end":{"line":46,"column":null}},"19":{"start":{"line":49,"column":4},"end":{"line":49,"column":null}},"20":{"start":{"line":57,"column":13},"end":{"line":73,"column":null}},"21":{"start":{"line":58,"column":4},"end":{"line":60,"column":null}},"22":{"start":{"line":59,"column":8},"end":{"line":59,"column":14}},"23":{"start":{"line":61,"column":4},"end":{"line":63,"column":null}},"24":{"start":{"line":62,"column":8},"end":{"line":62,"column":null}},"25":{"start":{"line":64,"column":4},"end":{"line":66,"column":null}},"26":{"start":{"line":65,"column":8},"end":{"line":65,"column":null}},"27":{"start":{"line":67,"column":4},"end":{"line":69,"column":null}},"28":{"start":{"line":68,"column":8},"end":{"line":68,"column":26}},"29":{"start":{"line":70,"column":4},"end":{"line":72,"column":null}},"30":{"start":{"line":71,"column":8},"end":{"line":71,"column":null}},"31":{"start":{"line":78,"column":13},"end":{"line":96,"column":null}},"32":{"start":{"line":79,"column":4},"end":{"line":81,"column":null}},"33":{"start":{"line":80,"column":8},"end":{"line":80,"column":null}},"34":{"start":{"line":83,"column":24},"end":{"line":89,"column":23}},"35":{"start":{"line":86,"column":21},"end":{"line":86,"column":22}},"36":{"start":{"line":87,"column":18},"end":{"line":87,"column":32}},"37":{"start":{"line":88,"column":21},"end":{"line":88,"column":22}},"38":{"start":{"line":89,"column":18},"end":{"line":89,"column":22}},"39":{"start":{"line":91,"column":4},"end":{"line":93,"column":null}},"40":{"start":{"line":92,"column":8},"end":{"line":92,"column":null}},"41":{"start":{"line":95,"column":4},"end":{"line":95,"column":null}},"42":{"start":{"line":107,"column":13},"end":{"line":117,"column":null}},"43":{"start":{"line":108,"column":23},"end":{"line":108,"column":25}},"44":{"start":{"line":109,"column":4},"end":{"line":111,"column":null}},"45":{"start":{"line":110,"column":8},"end":{"line":110,"column":null}},"46":{"start":{"line":112,"column":23},"end":{"line":112,"column":25}},"47":{"start":{"line":113,"column":4},"end":{"line":113,"column":null}},"48":{"start":{"line":114,"column":4},"end":{"line":114,"column":null}},"49":{"start":{"line":115,"column":4},"end":{"line":115,"column":null}},"50":{"start":{"line":116,"column":4},"end":{"line":116,"column":null}},"51":{"start":{"line":124,"column":13},"end":{"line":154,"column":null}},"52":{"start":{"line":125,"column":4},"end":{"line":127,"column":null}},"53":{"start":{"line":126,"column":8},"end":{"line":126,"column":null}},"54":{"start":{"line":128,"column":17},"end":{"line":128,"column":71}},"55":{"start":{"line":129,"column":16},"end":{"line":129,"column":35}},"56":{"start":{"line":131,"column":17},"end":{"line":131,"column":39}},"57":{"start":{"line":132,"column":18},"end":{"line":132,"column":38}},"58":{"start":{"line":133,"column":19},"end":{"line":133,"column":43}},"59":{"start":{"line":134,"column":18},"end":{"line":134,"column":41}},"60":{"start":{"line":136,"column":4},"end":{"line":138,"column":null}},"61":{"start":{"line":137,"column":8},"end":{"line":137,"column":null}},"62":{"start":{"line":139,"column":4},"end":{"line":141,"column":null}},"63":{"start":{"line":140,"column":8},"end":{"line":140,"column":null}},"64":{"start":{"line":142,"column":4},"end":{"line":144,"column":null}},"65":{"start":{"line":143,"column":8},"end":{"line":143,"column":null}},"66":{"start":{"line":145,"column":4},"end":{"line":147,"column":null}},"67":{"start":{"line":146,"column":8},"end":{"line":146,"column":null}},"68":{"start":{"line":149,"column":4},"end":{"line":151,"column":null}},"69":{"start":{"line":150,"column":8},"end":{"line":150,"column":null}},"70":{"start":{"line":153,"column":4},"end":{"line":153,"column":null}},"71":{"start":{"line":160,"column":13},"end":{"line":172,"column":null}},"72":{"start":{"line":161,"column":4},"end":{"line":163,"column":null}},"73":{"start":{"line":162,"column":8},"end":{"line":162,"column":null}},"74":{"start":{"line":164,"column":17},"end":{"line":164,"column":66}},"75":{"start":{"line":165,"column":16},"end":{"line":165,"column":35}},"76":{"start":{"line":166,"column":17},"end":{"line":166,"column":39}},"77":{"start":{"line":167,"column":18},"end":{"line":167,"column":38}},"78":{"start":{"line":168,"column":19},"end":{"line":168,"column":43}},"79":{"start":{"line":169,"column":24},"end":{"line":169,"column":46}},"80":{"start":{"line":171,"column":4},"end":{"line":171,"column":null}},"81":{"start":{"line":178,"column":13},"end":{"line":185,"column":null}},"82":{"start":{"line":179,"column":4},"end":{"line":181,"column":null}},"83":{"start":{"line":180,"column":8},"end":{"line":180,"column":null}},"84":{"start":{"line":182,"column":52},"end":{"line":182,"column":80}},"85":{"start":{"line":184,"column":4},"end":{"line":184,"column":null}},"86":{"start":{"line":192,"column":13},"end":{"line":204,"column":2}},"87":{"start":{"line":193,"column":14},"end":{"line":193,"column":38}},"88":{"start":{"line":195,"column":4},"end":{"line":197,"column":null}},"89":{"start":{"line":196,"column":8},"end":{"line":196,"column":71}},"90":{"start":{"line":199,"column":14},"end":{"line":199,"column":47}},"91":{"start":{"line":200,"column":14},"end":{"line":200,"column":47}},"92":{"start":{"line":201,"column":14},"end":{"line":201,"column":47}},"93":{"start":{"line":203,"column":4},"end":{"line":203,"column":51}},"94":{"start":{"line":211,"column":13},"end":{"line":213,"column":null}},"95":{"start":{"line":212,"column":4},"end":{"line":212,"column":null}},"96":{"start":{"line":220,"column":13},"end":{"line":222,"column":null}},"97":{"start":{"line":221,"column":4},"end":{"line":221,"column":null}},"98":{"start":{"line":230,"column":4},"end":{"line":232,"column":null}},"99":{"start":{"line":231,"column":8},"end":{"line":231,"column":19}},"100":{"start":{"line":234,"column":4},"end":{"line":236,"column":null}},"101":{"start":{"line":235,"column":8},"end":{"line":235,"column":39}},"102":{"start":{"line":238,"column":4},"end":{"line":243,"column":null}},"103":{"start":{"line":239,"column":8},"end":{"line":242,"column":15}},"104":{"start":{"line":240,"column":12},"end":{"line":240,"column":36}},"105":{"start":{"line":241,"column":12},"end":{"line":241,"column":23}},"106":{"start":{"line":245,"column":4},"end":{"line":250,"column":null}},"107":{"start":{"line":246,"column":8},"end":{"line":249,"column":null}},"108":{"start":{"line":247,"column":12},"end":{"line":247,"column":45}},"109":{"start":{"line":248,"column":12},"end":{"line":248,"column":26}},"110":{"start":{"line":229,"column":0},"end":{"line":229,"column":16}}},"fnMap":{"0":{"name":"(anonymous_0)","decl":{"start":{"line":7,"column":20},"end":{"line":7,"column":21}},"loc":{"start":{"line":7,"column":43},"end":{"line":9,"column":1}}},"1":{"name":"(anonymous_1)","decl":{"start":{"line":14,"column":26},"end":{"line":14,"column":30}},"loc":{"start":{"line":14,"column":75},"end":{"line":37,"column":1}}},"2":{"name":"(anonymous_2)","decl":{"start":{"line":28,"column":20},"end":{"line":28,"column":21}},"loc":{"start":{"line":28,"column":37},"end":{"line":34,"column":5}}},"3":{"name":"(anonymous_3)","decl":{"start":{"line":44,"column":32},"end":{"line":44,"column":33}},"loc":{"start":{"line":44,"column":61},"end":{"line":50,"column":1}}},"4":{"name":"(anonymous_4)","decl":{"start":{"line":57,"column":37},"end":{"line":57,"column":38}},"loc":{"start":{"line":57,"column":66},"end":{"line":73,"column":1}}},"5":{"name":"(anonymous_5)","decl":{"start":{"line":78,"column":27},"end":{"line":78,"column":28}},"loc":{"start":{"line":78,"column":74},"end":{"line":96,"column":1}}},"6":{"name":"(anonymous_6)","decl":{"start":{"line":86,"column":16},"end":{"line":86,"column":17}},"loc":{"start":{"line":86,"column":21},"end":{"line":86,"column":22}}},"7":{"name":"(anonymous_7)","decl":{"start":{"line":87,"column":13},"end":{"line":87,"column":14}},"loc":{"start":{"line":87,"column":18},"end":{"line":87,"column":32}}},"8":{"name":"(anonymous_8)","decl":{"start":{"line":88,"column":16},"end":{"line":88,"column":17}},"loc":{"start":{"line":88,"column":21},"end":{"line":88,"column":22}}},"9":{"name":"(anonymous_9)","decl":{"start":{"line":89,"column":13},"end":{"line":89,"column":14}},"loc":{"start":{"line":89,"column":18},"end":{"line":89,"column":22}}},"10":{"name":"(anonymous_10)","decl":{"start":{"line":107,"column":30},"end":{"line":107,"column":31}},"loc":{"start":{"line":107,"column":127},"end":{"line":117,"column":1}}},"11":{"name":"(anonymous_11)","decl":{"start":{"line":124,"column":25},"end":{"line":124,"column":26}},"loc":{"start":{"line":124,"column":63},"end":{"line":154,"column":1}}},"12":{"name":"(anonymous_12)","decl":{"start":{"line":160,"column":28},"end":{"line":160,"column":29}},"loc":{"start":{"line":160,"column":43},"end":{"line":172,"column":1}}},"13":{"name":"(anonymous_13)","decl":{"start":{"line":178,"column":37},"end":{"line":178,"column":38}},"loc":{"start":{"line":178,"column":62},"end":{"line":185,"column":1}}},"14":{"name":"(anonymous_14)","decl":{"start":{"line":192,"column":32},"end":{"line":192,"column":33}},"loc":{"start":{"line":192,"column":75},"end":{"line":204,"column":1}}},"15":{"name":"(anonymous_15)","decl":{"start":{"line":211,"column":34},"end":{"line":211,"column":35}},"loc":{"start":{"line":211,"column":42},"end":{"line":213,"column":1}}},"16":{"name":"(anonymous_16)","decl":{"start":{"line":220,"column":27},"end":{"line":220,"column":28}},"loc":{"start":{"line":220,"column":35},"end":{"line":222,"column":1}}},"17":{"name":"deepCopy","decl":{"start":{"line":229,"column":16},"end":{"line":229,"column":24}},"loc":{"start":{"line":229,"column":28},"end":{"line":251,"column":1}}},"18":{"name":"(anonymous_18)","decl":{"start":{"line":239,"column":26},"end":{"line":239,"column":27}},"loc":{"start":{"line":239,"column":43},"end":{"line":242,"column":9}}},"19":{"name":"(anonymous_19)","decl":{"start":{"line":246,"column":39},"end":{"line":246,"column":40}},"loc":{"start":{"line":246,"column":55},"end":{"line":249,"column":9}}}},"branchMap":{"0":{"loc":{"start":{"line":19,"column":8},"end":{"line":21,"column":null}},"type":"if","locations":[{"start":{"line":19,"column":8},"end":{"line":21,"column":null}},{"start":{"line":19,"column":8},"end":{"line":21,"column":null}}]},"1":{"loc":{"start":{"line":29,"column":8},"end":{"line":33,"column":null}},"type":"if","locations":[{"start":{"line":29,"column":8},"end":{"line":33,"column":null}},{"start":{"line":29,"column":8},"end":{"line":33,"column":null}}]},"2":{"loc":{"start":{"line":29,"column":12},"end":{"line":29,"column":32}},"type":"binary-expr","locations":[{"start":{"line":29,"column":12},"end":{"line":29,"column":32}},{"start":{"line":29,"column":36},"end":{"line":29,"column":51}}]},"3":{"loc":{"start":{"line":45,"column":4},"end":{"line":47,"column":null}},"type":"if","locations":[{"start":{"line":45,"column":4},"end":{"line":47,"column":null}},{"start":{"line":45,"column":4},"end":{"line":47,"column":null}}]},"4":{"loc":{"start":{"line":49,"column":43},"end":{"line":49,"column":47}},"type":"cond-expr","locations":[{"start":{"line":49,"column":43},"end":{"line":49,"column":47}},{"start":{"line":49,"column":47},"end":{"line":49,"column":48}}]},"5":{"loc":{"start":{"line":49,"column":4},"end":{"line":49,"column":47}},"type":"binary-expr","locations":[{"start":{"line":49,"column":4},"end":{"line":49,"column":47}},{"start":{"line":49,"column":43},"end":{"line":49,"column":47}}]},"6":{"loc":{"start":{"line":49,"column":35},"end":{"line":49,"column":37}},"type":"cond-expr","locations":[{"start":{"line":49,"column":35},"end":{"line":49,"column":37}},{"start":{"line":49,"column":35},"end":{"line":49,"column":43}}]},"7":{"loc":{"start":{"line":49,"column":4},"end":{"line":49,"column":37}},"type":"binary-expr","locations":[{"start":{"line":49,"column":4},"end":{"line":49,"column":37}},{"start":{"line":49,"column":35},"end":{"line":49,"column":37}}]},"8":{"loc":{"start":{"line":58,"column":4},"end":{"line":60,"column":null}},"type":"if","locations":[{"start":{"line":58,"column":4},"end":{"line":60,"column":null}},{"start":{"line":58,"column":4},"end":{"line":60,"column":null}}]},"9":{"loc":{"start":{"line":61,"column":4},"end":{"line":63,"column":null}},"type":"if","locations":[{"start":{"line":61,"column":4},"end":{"line":63,"column":null}},{"start":{"line":61,"column":4},"end":{"line":63,"column":null}}]},"10":{"loc":{"start":{"line":64,"column":4},"end":{"line":66,"column":null}},"type":"if","locations":[{"start":{"line":64,"column":4},"end":{"line":66,"column":null}},{"start":{"line":64,"column":4},"end":{"line":66,"column":null}}]},"11":{"loc":{"start":{"line":67,"column":4},"end":{"line":69,"column":null}},"type":"if","locations":[{"start":{"line":67,"column":4},"end":{"line":69,"column":null}},{"start":{"line":67,"column":4},"end":{"line":69,"column":null}}]},"12":{"loc":{"start":{"line":70,"column":4},"end":{"line":72,"column":null}},"type":"if","locations":[{"start":{"line":70,"column":4},"end":{"line":72,"column":null}},{"start":{"line":70,"column":4},"end":{"line":72,"column":null}}]},"13":{"loc":{"start":{"line":79,"column":4},"end":{"line":81,"column":null}},"type":"if","locations":[{"start":{"line":79,"column":4},"end":{"line":81,"column":null}},{"start":{"line":79,"column":4},"end":{"line":81,"column":null}}]},"14":{"loc":{"start":{"line":79,"column":8},"end":{"line":79,"column":13}},"type":"binary-expr","locations":[{"start":{"line":79,"column":8},"end":{"line":79,"column":13}},{"start":{"line":79,"column":17},"end":{"line":79,"column":29}}]},"15":{"loc":{"start":{"line":91,"column":4},"end":{"line":93,"column":null}},"type":"if","locations":[{"start":{"line":91,"column":4},"end":{"line":93,"column":null}},{"start":{"line":91,"column":4},"end":{"line":93,"column":null}}]},"16":{"loc":{"start":{"line":107,"column":45},"end":{"line":107,"column":47}},"type":"default-arg","locations":[{"start":{"line":107,"column":45},"end":{"line":107,"column":47}}]},"17":{"loc":{"start":{"line":107,"column":74},"end":{"line":107,"column":75}},"type":"default-arg","locations":[{"start":{"line":107,"column":74},"end":{"line":107,"column":75}}]},"18":{"loc":{"start":{"line":107,"column":100},"end":{"line":107,"column":101}},"type":"default-arg","locations":[{"start":{"line":107,"column":100},"end":{"line":107,"column":101}}]},"19":{"loc":{"start":{"line":107,"column":122},"end":{"line":107,"column":123}},"type":"default-arg","locations":[{"start":{"line":107,"column":122},"end":{"line":107,"column":123}}]},"20":{"loc":{"start":{"line":109,"column":4},"end":{"line":111,"column":null}},"type":"if","locations":[{"start":{"line":109,"column":4},"end":{"line":111,"column":null}},{"start":{"line":109,"column":4},"end":{"line":111,"column":null}}]},"21":{"loc":{"start":{"line":109,"column":8},"end":{"line":109,"column":12}},"type":"binary-expr","locations":[{"start":{"line":109,"column":8},"end":{"line":109,"column":12}},{"start":{"line":109,"column":16},"end":{"line":109,"column":40}}]},"22":{"loc":{"start":{"line":125,"column":4},"end":{"line":127,"column":null}},"type":"if","locations":[{"start":{"line":125,"column":4},"end":{"line":127,"column":null}},{"start":{"line":125,"column":4},"end":{"line":127,"column":null}}]},"23":{"loc":{"start":{"line":125,"column":8},"end":{"line":125,"column":36}},"type":"binary-expr","locations":[{"start":{"line":125,"column":8},"end":{"line":125,"column":36}},{"start":{"line":125,"column":40},"end":{"line":125,"column":69}}]},"24":{"loc":{"start":{"line":136,"column":4},"end":{"line":138,"column":null}},"type":"if","locations":[{"start":{"line":136,"column":4},"end":{"line":138,"column":null}},{"start":{"line":136,"column":4},"end":{"line":138,"column":null}}]},"25":{"loc":{"start":{"line":139,"column":4},"end":{"line":141,"column":null}},"type":"if","locations":[{"start":{"line":139,"column":4},"end":{"line":141,"column":null}},{"start":{"line":139,"column":4},"end":{"line":141,"column":null}}]},"26":{"loc":{"start":{"line":142,"column":4},"end":{"line":144,"column":null}},"type":"if","locations":[{"start":{"line":142,"column":4},"end":{"line":144,"column":null}},{"start":{"line":142,"column":4},"end":{"line":144,"column":null}}]},"27":{"loc":{"start":{"line":145,"column":4},"end":{"line":147,"column":null}},"type":"if","locations":[{"start":{"line":145,"column":4},"end":{"line":147,"column":null}},{"start":{"line":145,"column":4},"end":{"line":147,"column":null}}]},"28":{"loc":{"start":{"line":149,"column":4},"end":{"line":151,"column":null}},"type":"if","locations":[{"start":{"line":149,"column":4},"end":{"line":151,"column":null}},{"start":{"line":149,"column":4},"end":{"line":151,"column":null}}]},"29":{"loc":{"start":{"line":161,"column":4},"end":{"line":163,"column":null}},"type":"if","locations":[{"start":{"line":161,"column":4},"end":{"line":163,"column":null}},{"start":{"line":161,"column":4},"end":{"line":163,"column":null}}]},"30":{"loc":{"start":{"line":179,"column":4},"end":{"line":181,"column":null}},"type":"if","locations":[{"start":{"line":179,"column":4},"end":{"line":181,"column":null}},{"start":{"line":179,"column":4},"end":{"line":181,"column":null}}]},"31":{"loc":{"start":{"line":184,"column":28},"end":{"line":184,"column":34}},"type":"cond-expr","locations":[{"start":{"line":184,"column":28},"end":{"line":184,"column":34}},{"start":{"line":184,"column":37},"end":{"line":184,"column":78}}]},"32":{"loc":{"start":{"line":184,"column":59},"end":{"line":184,"column":67}},"type":"cond-expr","locations":[{"start":{"line":184,"column":59},"end":{"line":184,"column":67}},{"start":{"line":184,"column":70},"end":{"line":184,"column":78}}]},"33":{"loc":{"start":{"line":192,"column":68},"end":{"line":192,"column":71}},"type":"default-arg","locations":[{"start":{"line":192,"column":68},"end":{"line":192,"column":71}}]},"34":{"loc":{"start":{"line":195,"column":4},"end":{"line":197,"column":null}},"type":"if","locations":[{"start":{"line":195,"column":4},"end":{"line":197,"column":null}},{"start":{"line":195,"column":4},"end":{"line":197,"column":null}}]},"35":{"loc":{"start":{"line":212,"column":17},"end":{"line":212,"column":40}},"type":"cond-expr","locations":[{"start":{"line":212,"column":17},"end":{"line":212,"column":40}},{"start":{"line":212,"column":43},"end":{"line":212,"column":45}}]},"36":{"loc":{"start":{"line":221,"column":17},"end":{"line":221,"column":38}},"type":"cond-expr","locations":[{"start":{"line":221,"column":17},"end":{"line":221,"column":38}},{"start":{"line":221,"column":41},"end":{"line":221,"column":43}}]},"37":{"loc":{"start":{"line":230,"column":4},"end":{"line":232,"column":null}},"type":"if","locations":[{"start":{"line":230,"column":4},"end":{"line":232,"column":null}},{"start":{"line":230,"column":4},"end":{"line":232,"column":null}}]},"38":{"loc":{"start":{"line":230,"column":7},"end":{"line":230,"column":30}},"type":"binary-expr","locations":[{"start":{"line":230,"column":7},"end":{"line":230,"column":30}},{"start":{"line":230,"column":34},"end":{"line":230,"column":46}}]},"39":{"loc":{"start":{"line":234,"column":4},"end":{"line":236,"column":null}},"type":"if","locations":[{"start":{"line":234,"column":4},"end":{"line":236,"column":null}},{"start":{"line":234,"column":4},"end":{"line":236,"column":null}}]},"40":{"loc":{"start":{"line":238,"column":4},"end":{"line":243,"column":null}},"type":"if","locations":[{"start":{"line":238,"column":4},"end":{"line":243,"column":null}},{"start":{"line":238,"column":4},"end":{"line":243,"column":null}}]},"41":{"loc":{"start":{"line":245,"column":4},"end":{"line":250,"column":null}},"type":"if","locations":[{"start":{"line":245,"column":4},"end":{"line":250,"column":null}},{"start":{"line":245,"column":4},"end":{"line":250,"column":null}}]}},"s":{"0":1,"1":1,"2":0,"3":1,"4":3,"5":3,"6":3,"7":3,"8":0,"9":0,"10":3,"11":3,"12":3,"13":1,"14":2,"15":3,"16":1,"17":0,"18":0,"19":0,"20":1,"21":0,"22":0,"23":0,"24":0,"25":0,"26":0,"27":0,"28":0,"29":0,"30":0,"31":1,"32":0,"33":0,"34":0,"35":0,"36":0,"37":0,"38":0,"39":0,"40":0,"41":0,"42":1,"43":0,"44":0,"45":0,"46":0,"47":0,"48":0,"49":0,"50":0,"51":1,"52":0,"53":0,"54":0,"55":0,"56":0,"57":0,"58":0,"59":0,"60":0,"61":0,"62":0,"63":0,"64":0,"65":0,"66":0,"67":0,"68":0,"69":0,"70":0,"71":1,"72":0,"73":0,"74":0,"75":0,"76":0,"77":0,"78":0,"79":0,"80":0,"81":1,"82":0,"83":0,"84":0,"85":0,"86":1,"87":0,"88":0,"89":0,"90":0,"91":0,"92":0,"93":0,"94":1,"95":0,"96":1,"97":0,"98":0,"99":0,"100":0,"101":0,"102":0,"103":0,"104":0,"105":0,"106":0,"107":0,"108":0,"109":0,"110":1},"f":{"0":0,"1":3,"2":3,"3":0,"4":0,"5":0,"6":0,"7":0,"8":0,"9":0,"10":0,"11":0,"12":0,"13":0,"14":0,"15":0,"16":0,"17":0,"18":0,"19":0},"b":{"0":[0,3],"1":[1,2],"2":[3,2],"3":[0,0],"4":[0,0],"5":[0,0],"6":[0,0],"7":[0,0],"8":[0,0],"9":[0,0],"10":[0,0],"11":[0,0],"12":[0,0],"13":[0,0],"14":[0,0],"15":[0,0],"16":[0],"17":[0],"18":[0],"19":[0],"20":[0,0],"21":[0,0],"22":[0,0],"23":[0,0],"24":[0,0],"25":[0,0],"26":[0,0],"27":[0,0],"28":[0,0],"29":[0,0],"30":[0,0],"31":[0,0],"32":[0,0],"33":[0],"34":[0,0],"35":[0,0],"36":[0,0],"37":[0,0],"38":[0,0],"39":[0,0],"40":[0,0],"41":[0,0]}}
,"/home/maxwellmattryan/dev/iota/repos/firefly/packages/shared/lib/i18n.ts": {"path":"/home/maxwellmattryan/dev/iota/repos/firefly/packages/shared/lib/i18n.ts","statementMap":{"0":{"start":{"line":1,"column":0},"end":{"line":1,"column":52}},"1":{"start":{"line":2,"column":0},"end":{"line":2,"column":64}},"2":{"start":{"line":161,"column":9},"end":{"line":2,"column":104}},"3":{"start":{"line":3,"column":0},"end":{"line":3,"column":53}},"4":{"start":{"line":9,"column":34},"end":{"line":9,"column":57}},"5":{"start":{"line":12,"column":13},"end":{"line":51,"column":null}},"6":{"start":{"line":55,"column":21},"end":{"line":61,"column":null}},"7":{"start":{"line":65,"column":22},"end":{"line":65,"column":37}},"8":{"start":{"line":67,"column":18},"end":{"line":97,"column":1}},"9":{"start":{"line":71,"column":20},"end":{"line":71,"column":99}},"10":{"start":{"line":73,"column":4},"end":{"line":73,"column":null}},"11":{"start":{"line":76,"column":4},"end":{"line":96,"column":null}},"12":{"start":{"line":77,"column":32},"end":{"line":77,"column":86}},"13":{"start":{"line":79,"column":8},"end":{"line":95,"column":null}},"14":{"start":{"line":80,"column":12},"end":{"line":80,"column":null}},"15":{"start":{"line":81,"column":12},"end":{"line":84,"column":null}},"16":{"start":{"line":85,"column":12},"end":{"line":85,"column":null}},"17":{"start":{"line":89,"column":12},"end":{"line":94,"column":null}},"18":{"start":{"line":90,"column":40},"end":{"line":90,"column":91}},"19":{"start":{"line":91,"column":16},"end":{"line":93,"column":null}},"20":{"start":{"line":92,"column":20},"end":{"line":92,"column":null}},"21":{"start":{"line":161,"column":12},"end":{"line":161,"column":21}},"22":{"start":{"line":99,"column":23},"end":{"line":102,"column":null}},"23":{"start":{"line":102,"column":8},"end":{"line":102,"column":123}},"24":{"start":{"line":161,"column":28},"end":{"line":161,"column":42}},"25":{"start":{"line":105,"column":24},"end":{"line":109,"column":1}},"26":{"start":{"line":108,"column":4},"end":{"line":108,"column":null}},"27":{"start":{"line":114,"column":4},"end":{"line":114,"column":null}},"28":{"start":{"line":121,"column":4},"end":{"line":125,"column":null}},"29":{"start":{"line":122,"column":8},"end":{"line":122,"column":null}},"30":{"start":{"line":124,"column":8},"end":{"line":124,"column":null}},"31":{"start":{"line":129,"column":4},"end":{"line":129,"column":null}},"32":{"start":{"line":129,"column":41},"end":{"line":129,"column":56}},"33":{"start":{"line":132,"column":12},"end":{"line":136,"column":2}},"34":{"start":{"line":135,"column":4},"end":{"line":135,"column":null}},"35":{"start":{"line":161,"column":23},"end":{"line":161,"column":26}},"36":{"start":{"line":138,"column":20},"end":{"line":146,"column":1}},"37":{"start":{"line":139,"column":19},"end":{"line":139,"column":82}},"38":{"start":{"line":139,"column":54},"end":{"line":139,"column":81}},"39":{"start":{"line":140,"column":4},"end":{"line":143,"column":null}},"40":{"start":{"line":145,"column":4},"end":{"line":145,"column":null}},"41":{"start":{"line":161,"column":54},"end":{"line":161,"column":65}},"42":{"start":{"line":148,"column":17},"end":{"line":148,"column":54}},"43":{"start":{"line":161,"column":44},"end":{"line":161,"column":52}},"44":{"start":{"line":155,"column":19},"end":{"line":157,"column":1}},"45":{"start":{"line":156,"column":4},"end":{"line":156,"column":null}},"46":{"start":{"line":161,"column":67},"end":{"line":161,"column":77}}},"fnMap":{"0":{"name":"(anonymous_0)","decl":{"start":{"line":161,"column":9},"end":{"line":161,"column":10}},"loc":{"start":{"line":161,"column":9},"end":{"line":2,"column":104}}},"1":{"name":"(anonymous_1)","decl":{"start":{"line":67,"column":18},"end":{"line":67,"column":19}},"loc":{"start":{"line":67,"column":53},"end":{"line":97,"column":1}}},"2":{"name":"(anonymous_2)","decl":{"start":{"line":79,"column":46},"end":{"line":79,"column":47}},"loc":{"start":{"line":79,"column":59},"end":{"line":95,"column":9}}},"3":{"name":"(anonymous_3)","decl":{"start":{"line":91,"column":47},"end":{"line":91,"column":48}},"loc":{"start":{"line":91,"column":60},"end":{"line":93,"column":17}}},"4":{"name":"(anonymous_4)","decl":{"start":{"line":101,"column":4},"end":{"line":101,"column":5}},"loc":{"start":{"line":102,"column":8},"end":{"line":102,"column":123}}},"5":{"name":"(anonymous_5)","decl":{"start":{"line":105,"column":24},"end":{"line":105,"column":25}},"loc":{"start":{"line":105,"column":43},"end":{"line":109,"column":1}}},"6":{"name":"reduceLocale","decl":{"start":{"line":113,"column":9},"end":{"line":113,"column":21}},"loc":{"start":{"line":113,"column":28},"end":{"line":115,"column":1}}},"7":{"name":"supported","decl":{"start":{"line":120,"column":9},"end":{"line":120,"column":18}},"loc":{"start":{"line":120,"column":25},"end":{"line":126,"column":1}}},"8":{"name":"loadJson","decl":{"start":{"line":128,"column":9},"end":{"line":128,"column":17}},"loc":{"start":{"line":128,"column":21},"end":{"line":130,"column":1}}},"9":{"name":"(anonymous_9)","decl":{"start":{"line":129,"column":27},"end":{"line":129,"column":28}},"loc":{"start":{"line":129,"column":41},"end":{"line":129,"column":56}}},"10":{"name":"(anonymous_10)","decl":{"start":{"line":132,"column":33},"end":{"line":132,"column":34}},"loc":{"start":{"line":132,"column":50},"end":{"line":136,"column":1}}},"11":{"name":"(anonymous_11)","decl":{"start":{"line":138,"column":20},"end":{"line":138,"column":21}},"loc":{"start":{"line":138,"column":29},"end":{"line":146,"column":1}}},"12":{"name":"(anonymous_12)","decl":{"start":{"line":139,"column":45},"end":{"line":139,"column":46}},"loc":{"start":{"line":139,"column":54},"end":{"line":139,"column":81}}},"13":{"name":"(anonymous_13)","decl":{"start":{"line":155,"column":19},"end":{"line":155,"column":20}},"loc":{"start":{"line":155,"column":110},"end":{"line":157,"column":1}}}},"branchMap":{"0":{"loc":{"start":{"line":67,"column":29},"end":{"line":67,"column":49}},"type":"default-arg","locations":[{"start":{"line":67,"column":29},"end":{"line":67,"column":49}}]},"1":{"loc":{"start":{"line":71,"column":30},"end":{"line":71,"column":48}},"type":"binary-expr","locations":[{"start":{"line":71,"column":30},"end":{"line":71,"column":48}},{"start":{"line":71,"column":52},"end":{"line":71,"column":98}}]},"2":{"loc":{"start":{"line":71,"column":65},"end":{"line":71,"column":89}},"type":"binary-expr","locations":[{"start":{"line":71,"column":65},"end":{"line":71,"column":89}},{"start":{"line":71,"column":93},"end":{"line":71,"column":97}}]},"3":{"loc":{"start":{"line":76,"column":4},"end":{"line":96,"column":null}},"type":"if","locations":[{"start":{"line":76,"column":4},"end":{"line":96,"column":null}},{"start":{"line":76,"column":4},"end":{"line":96,"column":null}}]},"4":{"loc":{"start":{"line":89,"column":12},"end":{"line":94,"column":null}},"type":"if","locations":[{"start":{"line":89,"column":12},"end":{"line":94,"column":null}},{"start":{"line":89,"column":12},"end":{"line":94,"column":null}}]},"5":{"loc":{"start":{"line":89,"column":16},"end":{"line":89,"column":32}},"type":"binary-expr","locations":[{"start":{"line":89,"column":16},"end":{"line":89,"column":32}},{"start":{"line":89,"column":36},"end":{"line":89,"column":58}}]},"6":{"loc":{"start":{"line":102,"column":8},"end":{"line":102,"column":23}},"type":"binary-expr","locations":[{"start":{"line":102,"column":8},"end":{"line":102,"column":23}},{"start":{"line":102,"column":27},"end":{"line":102,"column":61}},{"start":{"line":102,"column":65},"end":{"line":102,"column":123}}]},"7":{"loc":{"start":{"line":121,"column":4},"end":{"line":125,"column":null}},"type":"if","locations":[{"start":{"line":121,"column":4},"end":{"line":125,"column":null}},{"start":{"line":121,"column":4},"end":{"line":125,"column":null}}]}},"s":{"0":1,"1":1,"2":1,"3":1,"4":1,"5":1,"6":1,"7":1,"8":1,"9":0,"10":0,"11":0,"12":0,"13":0,"14":0,"15":0,"16":0,"17":0,"18":0,"19":0,"20":0,"21":1,"22":1,"23":0,"24":1,"25":1,"26":0,"27":0,"28":0,"29":0,"30":0,"31":0,"32":0,"33":1,"34":0,"35":1,"36":1,"37":0,"38":0,"39":0,"40":0,"41":1,"42":1,"43":1,"44":1,"45":0,"46":1},"f":{"0":0,"1":0,"2":0,"3":0,"4":0,"5":0,"6":0,"7":0,"8":0,"9":0,"10":0,"11":0,"12":0,"13":0},"b":{"0":[0],"1":[0,0],"2":[0,0],"3":[0,0],"4":[0,0],"5":[0,0],"6":[0,0,0],"7":[0,0]}}
[...]
58,"column":4},"end":{"line":58,"column":null}},"31":{"start":{"line":59,"column":4},"end":{"line":59,"column":null}},"32":{"start":{"line":60,"column":4},"end":{"line":60,"column":null}},"33":{"start":{"line":61,"column":4},"end":{"line":61,"column":null}},"34":{"start":{"line":62,"column":4},"end":{"line":62,"column":null}},"35":{"start":{"line":63,"column":4},"end":{"line":63,"column":null}},"36":{"start":{"line":64,"column":4},"end":{"line":64,"column":null}},"37":{"start":{"line":65,"column":4},"end":{"line":65,"column":null}},"38":{"start":{"line":66,"column":4},"end":{"line":66,"column":null}},"39":{"start":{"line":67,"column":4},"end":{"line":67,"column":null}},"40":{"start":{"line":68,"column":4},"end":{"line":68,"column":null}},"41":{"start":{"line":69,"column":4},"end":{"line":69,"column":null}},"42":{"start":{"line":70,"column":4},"end":{"line":70,"column":null}},"43":{"start":{"line":71,"column":4},"end":{"line":71,"column":null}},"44":{"start":{"line":72,"column":4},"end":{"line":72,"column":null}},"45":{"start":{"line":73,"column":4},"end":{"line":73,"column":null}},"46":{"start":{"line":74,"column":4},"end":{"line":74,"column":null}},"47":{"start":{"line":75,"column":4},"end":{"line":75,"column":null}},"48":{"start":{"line":76,"column":4},"end":{"line":76,"column":null}},"49":{"start":{"line":77,"column":4},"end":{"line":77,"column":null}},"50":{"start":{"line":78,"column":4},"end":{"line":78,"column":null}},"51":{"start":{"line":79,"column":4},"end":{"line":79,"column":null}},"52":{"start":{"line":80,"column":4},"end":{"line":80,"column":null}},"53":{"start":{"line":81,"column":4},"end":{"line":81,"column":null}},"54":{"start":{"line":82,"column":4},"end":{"line":82,"column":null}},"55":{"start":{"line":85,"column":0},"end":{"line":85,"column":null}},"56":{"start":{"line":86,"column":4},"end":{"line":86,"column":null}}},"fnMap":{"0":{"name":"(anonymous_0)","decl":{"start":{"line":28,"column":0},"end":{"line":28,"column":12}},"loc":{"start":{"line":28,"column":25},"end":{"line":83,"column":1}}},"1":{"name":"(anonymous_1)","decl":{"start":{"line":85,"column":0},"end":{"line":85,"column":12}},"loc":{"start":{"line":85,"column":19},"end":{"line":87,"column":1}}}},"branchMap":{"0":{"loc":{"start":{"line":28,"column":12},"end":{"line":28,"column":25}},"type":"binary-expr","locations":[{"start":{"line":28,"column":12},"end":{"line":28,"column":25}},{"start":{"line":28,"column":12},"end":{"line":28,"column":null}}]},"1":{"loc":{"start":{"line":85,"column":12},"end":{"line":85,"column":19}},"type":"binary-expr","locations":[{"start":{"line":85,"column":12},"end":{"line":85,"column":19}},{"start":{"line":85,"column":12},"end":{"line":85,"column":null}}]}},"s":{"0":1,"1":1,"2":1,"3":1,"4":1,"5":1,"6":1,"7":1,"8":1,"9":1,"10":1,"11":1,"12":1,"13":1,"14":1,"15":1,"16":1,"17":1,"18":1,"19":1,"20":1,"21":1,"22":1,"23":1,"24":1,"25":1,"26":1,"27":1,"28":1,"29":1,"30":1,"31":1,"32":1,"33":1,"34":1,"35":1,"36":1,"37":1,"38":1,"39":1,"40":1,"41":1,"42":1,"43":1,"44":1,"45":1,"46":1,"47":1,"48":1,"49":1,"50":1,"51":1,"52":1,"53":1,"54":1,"55":1,"56":1},"f":{"0":1,"1":1},"b":{"0":[1,1],"1":[1,1]}}
,"/home/maxwellmattryan/dev/iota/repos/firefly/packages/shared/lib/typings/ledger.ts": {"path":"/home/maxwellmattryan/dev/iota/repos/firefly/packages/shared/lib/typings/ledger.ts","statementMap":{"0":{"start":{"line":12,"column":0},"end":{"line":12,"column":null}},"1":{"start":{"line":13,"column":4},"end":{"line":13,"column":null}},"2":{"start":{"line":14,"column":4},"end":{"line":14,"column":null}},"3":{"start":{"line":15,"column":4},"end":{"line":15,"column":null}},"4":{"start":{"line":16,"column":4},"end":{"line":16,"column":null}},"5":{"start":{"line":17,"column":4},"end":{"line":17,"column":null}},"6":{"start":{"line":18,"column":4},"end":{"line":18,"column":null}},"7":{"start":{"line":19,"column":4},"end":{"line":19,"column":null}},"8":{"start":{"line":22,"column":0},"end":{"line":22,"column":null}},"9":{"start":{"line":23,"column":4},"end":{"line":23,"column":null}},"10":{"start":{"line":24,"column":4},"end":{"line":24,"column":null}},"11":{"start":{"line":25,"column":4},"end":{"line":25,"column":null}},"12":{"start":{"line":28,"column":0},"end":{"line":28,"column":null}},"13":{"start":{"line":29,"column":4},"end":{"line":29,"column":null}},"14":{"start":{"line":30,"column":4},"end":{"line":30,"column":null}},"15":{"start":{"line":31,"column":4},"end":{"line":31,"column":null}},"16":{"start":{"line":34,"column":0},"end":{"line":34,"column":null}},"17":{"start":{"line":35,"column":4},"end":{"line":35,"column":null}},"18":{"start":{"line":36,"column":4},"end":{"line":36,"column":null}},"19":{"start":{"line":37,"column":4},"end":{"line":37,"column":null}},"20":{"start":{"line":38,"column":4},"end":{"line":38,"column":32}}},"fnMap":{"0":{"name":"(anonymous_0)","decl":{"start":{"line":12,"column":0},"end":{"line":12,"column":12}},"loc":{"start":{"line":12,"column":29},"end":{"line":20,"column":1}}},"1":{"name":"(anonymous_1)","decl":{"start":{"line":22,"column":0},"end":{"line":22,"column":12}},"loc":{"start":{"line":22,"column":25},"end":{"line":26,"column":1}}},"2":{"name":"(anonymous_2)","decl":{"start":{"line":28,"column":0},"end":{"line":28,"column":12}},"loc":{"start":{"line":28,"column":33},"end":{"line":32,"column":1}}},"3":{"name":"(anonymous_3)","decl":{"start":{"line":34,"column":0},"end":{"line":34,"column":12}},"loc":{"start":{"line":34,"column":33},"end":{"line":39,"column":1}}}},"branchMap":{"0":{"loc":{"start":{"line":12,"column":12},"end":{"line":12,"column":29}},"type":"binary-expr","locations":[{"start":{"line":12,"column":12},"end":{"line":12,"column":29}},{"start":{"line":12,"column":12},"end":{"line":12,"column":null}}]},"1":{"loc":{"start":{"line":22,"column":12},"end":{"line":22,"column":25}},"type":"binary-expr","locations":[{"start":{"line":22,"column":12},"end":{"line":22,"column":25}},{"start":{"line":22,"column":12},"end":{"line":22,"column":null}}]},"2":{"loc":{"start":{"line":28,"column":12},"end":{"line":28,"column":33}},"type":"binary-expr","locations":[{"start":{"line":28,"column":12},"end":{"line":28,"column":33}},{"start":{"line":28,"column":12},"end":{"line":28,"column":null}}]},"3":{"loc":{"start":{"line":34,"column":12},"end":{"line":34,"column":33}},"type":"binary-expr","locations":[{"start":{"line":34,"column":12},"end":{"line":34,"column":33}},{"start":{"line":34,"column":12},"end":{"line":34,"column":null}}]}},"s":{"0":1,"1":1,"2":1,"3":1,"4":1,"5":1,"6":1,"7":1,"8":1,"9":1,"10":1,"11":1,"12":1,"13":1,"14":1,"15":1,"16":1,"17":1,"18":1,"19":1,"20":1},"f":{"0":1,"1":1,"2":1,"3":1},"b":{"0":[1,1],"1":[1,1],"2":[1,1],"3":[1,1]}}
,"/home/maxwellmattryan/dev/iota/repos/firefly/packages/shared/lib/typings/routes.ts": {"path":"/home/maxwellmattryan/dev/iota/repos/firefly/packages/shared/lib/typings/routes.ts","statementMap":{"0":{"start":{"line":1,"column":0},"end":{"line":1,"column":null}},"1":{"start":{"line":2,"column":4},"end":{"line":2,"column":null}},"2":{"start":{"line":3,"column":4},"end":{"line":3,"column":null}},"3":{"start":{"line":4,"column":4},"end":{"line":4,"column":null}},"4":{"start":{"line":5,"column":4},"end":{"line":5,"column":null}},"5":{"start":{"line":6,"column":4},"end":{"line":6,"column":null}},"6":{"start":{"line":8,"column":4},"end":{"line":8,"column":null}},"7":{"start":{"line":9,"column":4},"end":{"line":9,"column":null}},"8":{"start":{"line":10,"column":4},"end":{"line":10,"column":null}},"9":{"start":{"line":11,"column":4},"end":{"line":11,"column":null}},"10":{"start":{"line":12,"column":4},"end":{"line":12,"column":null}},"11":{"start":{"line":13,"column":4},"end":{"line":13,"column":null}},"12":{"start":{"line":14,"column":4},"end":{"line":14,"column":null}},"13":{"start":{"line":15,"column":4},"end":{"line":15,"column":null}},"14":{"start":{"line":16,"column":4},"end":{"line":16,"column":null}},"15":{"start":{"line":17,"column":4},"end":{"line":17,"column":null}},"16":{"start":{"line":18,"column":4},"end":{"line":18,"column":null}},"17":{"start":{"line":19,"column":4},"end":{"line":19,"column":null}},"18":{"start":{"line":22,"column":0},"end":{"line":22,"column":null}},"19":{"start":{"line":23,"column":4},"end":{"line":23,"column":null}},"20":{"start":{"line":24,"column":4},"end":{"line":24,"column":null}},"21":{"start":{"line":25,"column":4},"end":{"line":25,"column":null}},"22":{"start":{"line":26,"column":4},"end":{"line":26,"column":null}},"23":{"start":{"line":27,"column":4},"end":{"line":27,"column":null}},"24":{"start":{"line":28,"column":4},"end":{"line":28,"column":null}},"25":{"start":{"line":29,"column":4},"end":{"line":29,"column":null}},"26":{"start":{"line":30,"column":4},"end":{"line":30,"column":null}},"27":{"start":{"line":33,"column":0},"end":{"line":33,"column":null}},"28":{"start":{"line":34,"column":4},"end":{"line":34,"column":null}},"29":{"start":{"line":35,"column":4},"end":{"line":35,"column":null}},"30":{"start":{"line":36,"column":4},"end":{"line":36,"column":null}},"31":{"start":{"line":37,"column":4},"end":{"line":37,"column":null}},"32":{"start":{"line":38,"column":4},"end":{"line":38,"column":null}},"33":{"start":{"line":39,"column":4},"end":{"line":39,"column":null}},"34":{"start":{"line":40,"column":4},"end":{"line":40,"column":null}},"35":{"start":{"line":43,"column":0},"end":{"line":43,"column":null}},"36":{"start":{"line":44,"column":4},"end":{"line":44,"column":null}},"37":{"start":{"line":45,"column":4},"end":{"line":45,"column":null}},"38":{"start":{"line":46,"column":4},"end":{"line":46,"column":null}},"39":{"start":{"line":47,"column":4},"end":{"line":47,"column":null}},"40":{"start":{"line":48,"column":4},"end":{"line":48,"column":null}},"41":{"start":{"line":51,"column":0},"end":{"line":51,"column":null}},"42":{"start":{"line":52,"column":4},"end":{"line":52,"column":null}},"43":{"start":{"line":53,"column":4},"end":{"line":53,"column":null}},"44":{"start":{"line":54,"column":4},"end":{"line":54,"column":null}},"45":{"start":{"line":55,"column":4},"end":{"line":55,"column":null}},"46":{"start":{"line":58,"column":0},"end":{"line":58,"column":null}},"47":{"start":{"line":59,"column":4},"end":{"line":59,"column":null}},"48":{"start":{"line":60,"column":4},"end":{"line":60,"column":null}},"49":{"start":{"line":63,"column":0},"end":{"line":63,"column":null}},"50":{"start":{"line":64,"column":4},"end":{"line":64,"column":null}},"51":{"start":{"line":65,"column":4},"end":{"line":65,"column":null}},"52":{"start":{"line":66,"column":4},"end":{"line":66,"column":null}},"53":{"start":{"line":67,"column":4},"end":{"line":67,"column":null}},"54":{"start":{"line":68,"column":4},"end":{"line":68,"column":null}},"55":{"start":{"line":71,"column":0},"end":{"line":71,"column":null}},"56":{"start":{"line":72,"column":4},"end":{"line":72,"column":null}},"57":{"start":{"line":73,"column":4},"end":{"line":73,"column":null}},"58":{"start":{"line":74,"column":4},"end":{"line":74,"column":null}},"59":{"start":{"line":75,"column":4},"end":{"line":75,"column":null}},"60":{"start":{"line":78,"column":0},"end":{"line":78,"column":null}},"61":{"start":{"line":81,"column":4},"end":{"line":81,"column":null}},"62":{"start":{"line":82,"column":4},"end":{"line":82,"column":null}},"63":{"start":{"line":83,"column":4},"end":{"line":83,"column":null}},"64":{"start":{"line":84,"column":4},"end":{"line":84,"column":null}},"65":{"start":{"line":85,"column":4},"end":{"line":85,"column":null}},"66":{"start":{"line":88,"column":0},"end":{"line":88,"column":null}},"67":{"start":{"line":89,"column":4},"end":{"line":89,"column":null}},"68":{"start":{"line":90,"column":4},"end":{"line":90,"column":null}},"69":{"start":{"line":91,"column":4},"end":{"line":91,"column":null}},"70":{"start":{"line":94,"column":0},"end":{"line":94,"column":null}},"71":{"start":{"line":95,"column":4},"end":{"line":95,"column":null}},"72":{"start":{"line":96,"column":4},"end":{"line":96,"column":null}},"73":{"start":{"line":97,"column":4},"end":{"line":97,"column":null}},"74":{"start":{"line":98,"column":4},"end":{"line":98,"column":null}},"75":{"start":{"line":99,"column":4},"end":{"line":99,"column":null}},"76":{"start":{"line":102,"column":0},"end":{"line":102,"column":null}},"77":{"start":{"line":103,"column":4},"end":{"line":103,"column":null}},"78":{"start":{"line":104,"column":4},"end":{"line":104,"column":null}},"79":{"start":{"line":107,"column":4},"end":{"line":107,"column":null}},"80":{"start":{"line":108,"column":4},"end":{"line":108,"column":null}},"81":{"start":{"line":109,"column":4},"end":{"line":109,"column":null}},"82":{"start":{"line":110,"column":4},"end":{"line":110,"column":null}},"83":{"start":{"line":111,"column":4},"end":{"line":111,"column":null}},"84":{"start":{"line":116,"column":0},"end":{"line":116,"column":null}},"85":{"start":{"line":119,"column":4},"end":{"line":119,"column":null}},"86":{"start":{"line":120,"column":4},"end":{"line":120,"column":null}},"87":{"start":{"line":123,"column":0},"end":{"line":123,"column":null}},"88":{"start":{"line":125,"column":4},"end":{"line":125,"column":null}},"89":{"start":{"line":126,"column":4},"end":{"line":126,"column":null}},"90":{"start":{"line":127,"column":4},"end":{"line":127,"column":null}},"91":{"start":{"line":128,"column":4},"end":{"line":128,"column":null}}},"fnMap":{"0":{"name":"(anonymous_0)","decl":{"start":{"line":1,"column":0},"end":{"line":1,"column":12}},"loc":{"start":{"line":1,"column":20},"end":{"line":20,"column":1}}},"1":{"name":"(anonymous_1)","decl":{"start":{"line":22,"column":0},"end":{"line":22,"column":12}},"loc":{"start":{"line":22,"column":21},"end":{"line":31,"column":1}}},"2":{"name":"(anonymous_2)","decl":{"start":{"line":33,"column":0},"end":{"line":33,"column":12}},"loc":{"start":{"line":33,"column":24},"end":{"line":41,"column":1}}},"3":{"name":"(anonymous_3)","decl":{"start":{"line":43,"column":0},"end":{"line":43,"column":12}},"loc":{"start":{"line":43,"column":24},"end":{"line":49,"column":1}}},"4":{"name":"(anonymous_4)","decl":{"start":{"line":51,"column":0},"end":{"line":51,"column":12}},"loc":{"start":{"line":51,"column":25},"end":{"line":56,"column":1}}},"5":{"name":"(anonymous_5)","decl":{"start":{"line":58,"column":0},"end":{"line":58,"column":12}},"loc":{"start":{"line":58,"column":16},"end":{"line":61,"column":1}}},"6":{"name":"(anonymous_6)","decl":{"start":{"line":63,"column":0},"end":{"line":63,"column":12}},"loc":{"start":{"line":63,"column":26},"end":{"line":69,"column":1}}},"7":{"name":"(anonymous_7)","decl":{"start":{"line":71,"column":0},"end":{"line":71,"column":12}},"loc":{"start":{"line":71,"column":35},"end":{"line":76,"column":1}}},"8":{"name":"(anonymous_8)","decl":{"start":{"line":78,"column":0},"end":{"line":78,"column":12}},"loc":{"start":{"line":78,"column":27},"end":{"line":86,"column":1}}},"9":{"name":"(anonymous_9)","decl":{"start":{"line":88,"column":0},"end":{"line":88,"column":12}},"loc":{"start":{"line":88,"column":36},"end":{"line":92,"column":1}}},"10":{"name":"(anonymous_10)","decl":{"start":{"line":94,"column":0},"end":{"line":94,"column":12}},"loc":{"start":{"line":94,"column":28},"end":{"line":100,"column":1}}},"11":{"name":"(anonymous_11)","decl":{"start":{"line":102,"column":0},"end":{"line":102,"column":12}},"loc":{"start":{"line":102,"column":28},"end":{"line":114,"column":1}}},"12":{"name":"(anonymous_12)","decl":{"start":{"line":116,"column":0},"end":{"line":116,"column":12}},"loc":{"start":{"line":116,"column":37},"end":{"line":121,"column":1}}},"13":{"name":"(anonymous_13)","decl":{"start":{"line":123,"column":0},"end":{"line":123,"column":12}},"loc":{"start":{"line":123,"column":23},"end":{"line":129,"column":1}}}},"branchMap":{"0":{"loc":{"start":{"line":1,"column":12},"end":{"line":1,"column":20}},"type":"binary-expr","locations":[{"start":{"line":1,"column":12},"end":{"line":1,"column":20}},{"start":{"line":1,"column":12},"end":{"line":1,"column":null}}]},"1":{"loc":{"start":{"line":22,"column":12},"end":{"line":22,"column":21}},"type":"binary-expr","locations":[{"start":{"line":22,"column":12},"end":{"line":22,"column":21}},{"start":{"line":22,"column":12},"end":{"line":22,"column":null}}]},"2":{"loc":{"start":{"line":33,"column":12},"end":{"line":33,"column":24}},"type":"binary-expr","locations":[{"start":{"line":33,"column":12},"end":{"line":33,"column":24}},{"start":{"line":33,"column":12},"end":{"line":33,"column":null}}]},"3":{"loc":{"start":{"line":43,"column":12},"end":{"line":43,"column":24}},"type":"binary-expr","locations":[{"start":{"line":43,"column":12},"end":{"line":43,"column":24}},{"start":{"line":43,"column":12},"end":{"line":43,"column":null}}]},"4":{"loc":{"start":{"line":51,"column":12},"end":{"line":51,"column":25}},"type":"binary-expr","locations":[{"start":{"line":51,"column":12},"end":{"line":51,"column":25}},{"start":{"line":51,"column":12},"end":{"line":51,"column":null}}]},"5":{"loc":{"start":{"line":58,"column":12},"end":{"line":58,"column":16}},"type":"binary-expr","locations":[{"start":{"line":58,"column":12},"end":{"line":58,"column":16}},{"start":{"line":58,"column":12},"end":{"line":58,"column":null}}]},"6":{"loc":{"start":{"line":63,"column":12},"end":{"line":63,"column":26}},"type":"binary-expr","locations":[{"start":{"line":63,"column":12},"end":{"line":63,"column":26}},{"start":{"line":63,"column":12},"end":{"line":63,"column":null}}]},"7":{"loc":{"start":{"line":71,"column":12},"end":{"line":71,"column":35}},"type":"binary-expr","locations":[{"start":{"line":71,"column":12},"end":{"line":71,"column":35}},{"start":{"line":71,"column":12},"end":{"line":71,"column":null}}]},"8":{"loc":{"start":{"line":78,"column":12},"end":{"line":78,"column":27}},"type":"binary-expr","locations":[{"start":{"line":78,"column":12},"end":{"line":78,"column":27}},{"start":{"line":78,"column":12},"end":{"line":78,"column":null}}]},"9":{"loc":{"start":{"line":88,"column":12},"end":{"line":88,"column":36}},"type":"binary-expr","locations":[{"start":{"line":88,"column":12},"end":{"line":88,"column":36}},{"start":{"line":88,"column":12},"end":{"line":88,"column":null}}]},"10":{"loc":{"start":{"line":94,"column":12},"end":{"line":94,"column":28}},"type":"binary-expr","locations":[{"start":{"line":94,"column":12},"end":{"line":94,"column":28}},{"start":{"line":94,"column":12},"end":{"line":94,"column":null}}]},"11":{"loc":{"start":{"line":102,"column":12},"end":{"line":102,"column":28}},"type":"binary-expr","locations":[{"start":{"line":102,"column":12},"end":{"line":102,"column":28}},{"start":{"line":102,"column":12},"end":{"line":102,"column":null}}]},"12":{"loc":{"start":{"line":116,"column":12},"end":{"line":116,"column":37}},"type":"binary-expr","locations":[{"start":{"line":116,"column":12},"end":{"line":116,"column":37}},{"start":{"line":116,"column":12},"end":{"line":116,"column":null}}]},"13":{"loc":{"start":{"line":123,"column":12},"end":{"line":123,"column":23}},"type":"binary-expr","locations":[{"start":{"line":123,"column":12},"end":{"line":123,"column":23}},{"start":{"line":123,"column":12},"end":{"line":123,"column":null}}]}},"s":{"0":1,"1":1,"2":1,"3":1,"4":1,"5":1,"6":1,"7":1,"8":1,"9":1,"10":1,"11":1,"12":1,"13":1,"14":1,"15":1,"16":1,"17":1,"18":1,"19":1,"20":1,"21":1,"22":1,"23":1,"24":1,"25":1,"26":1,"27":1,"28":1,"29":1,"30":1,"31":1,"32":1,"33":1,"34":1,"35":1,"36":1,"37":1,"38":1,"39":1,"40":1,"41":1,"42":1,"43":1,"44":1,"45":1,"46":1,"47":1,"48":1,"49":1,"50":1,"51":1,"52":1,"53":1,"54":1,"55":1,"56":1,"57":1,"58":1,"59":1,"60":1,"61":1,"62":1,"63":1,"64":1,"65":1,"66":1,"67":1,"68":1,"69":1,"70":1,"71":1,"72":1,"73":1,"74":1,"75":1,"76":1,"77":1,"78":1,"79":1,"80":1,"81":1,"82":1,"83":1,"84":1,"85":1,"86":1,"87":1,"88":1,"89":1,"90":1,"91":1},"f":{"0":1,"1":1,"2":1,"3":1,"4":1,"5":1,"6":1,"7":1,"8":1,"9":1,"10":1,"11":1,"12":1,"13":1},"b":{"0":[1,1],"1":[1,1],"2":[1,1],"3":[1,1],"4":[1,1],"5":[1,1],"6":[1,1],"7":[1,1],"8":[1,1],"9":[1,1],"10":[1,1],"11":[1,1],"12":[1,1],"13":[1,1]}}
}
