TN:
SF:lib/app.ts
FN:42,(anonymous_0)
FN:52,(anonymous_1)
FN:61,(anonymous_2)
FN:69,(anonymous_3)
FN:70,(anonymous_4)
FN:73,(anonymous_5)
FN:95,(anonymous_6)
FN:98,(anonymous_7)
FNF:8
FNH:0
FNDA:0,(anonymous_0)
FNDA:0,(anonymous_1)
FNDA:0,(anonymous_2)
FNDA:0,(anonymous_3)
FNDA:0,(anonymous_4)
FNDA:0,(anonymous_5)
FNDA:0,(anonymous_6)
FNDA:0,(anonymous_7)
DA:1,1
DA:2,1
DA:3,1
DA:4,1
DA:5,1
DA:6,1
DA:7,1
DA:8,1
DA:9,1
DA:14,1
DA:19,1
DA:24,1
DA:29,1
DA:41,1
DA:42,1
DA:47,1
DA:52,1
DA:53,0
DA:54,0
DA:55,0
DA:61,1
DA:62,0
DA:69,1
DA:70,0
DA:71,0
DA:73,0
DA:74,0
DA:75,0
DA:77,0
DA:78,0
DA:80,0
DA:81,0
DA:83,0
DA:84,0
DA:85,0
DA:86,0
DA:87,0
DA:88,0
DA:90,0
DA:93,0
DA:94,0
DA:96,0
DA:99,0
DA:101,0
DA:110,0
LF:45
LH:19
BRDA:42,0,0,0
BRDA:74,1,0,0
BRDA:74,1,1,0
BRDA:77,2,0,0
BRDA:77,2,1,0
BRDA:80,3,0,0
BRDA:80,3,1,0
BRDA:93,4,0,0
BRDA:93,4,1,0
BRDA:93,5,0,0
BRDA:93,5,1,0
BRF:11
BRH:0
end_of_record
TN:
SF:lib/appSettings.ts
FNF:0
FNH:0
DA:1,1
DA:12,1
LF:2
LH:2
BRF:0
BRH:0
end_of_record
TN:
SF:lib/bech32.ts
FN:40,(anonymous_0)
FN:50,(anonymous_1)
FN:71,(anonymous_2)
FN:87,(anonymous_3)
FN:131,(anonymous_4)
FN:140,(anonymous_5)
FN:150,(anonymous_6)
FN:165,(anonymous_7)
FN:189,(anonymous_8)
FN:205,(anonymous_9)
FN:225,(anonymous_10)
FN:247,(anonymous_11)
FNF:12
FNH:0
FNDA:0,(anonymous_0)
FNDA:0,(anonymous_1)
FNDA:0,(anonymous_2)
FNDA:0,(anonymous_3)
FNDA:0,(anonymous_4)
FNDA:0,(anonymous_5)
FNDA:0,(anonymous_6)
FNDA:0,(anonymous_7)
FNDA:0,(anonymous_8)
FNDA:0,(anonymous_9)
FNDA:0,(anonymous_10)
FNDA:0,(anonymous_11)
DA:9,1
DA:14,1
DA:20,1
DA:26,1
DA:41,0
DA:51,0
DA:53,0
DA:55,0
DA:56,0
DA:59,0
DA:60,0
DA:63,0
DA:75,0
DA:76,0
DA:91,0
DA:93,0
DA:94,0
DA:95,0
DA:98,0
DA:99,0
DA:102,0
DA:103,0
DA:106,0
DA:107,0
DA:109,0
DA:110,0
DA:111,0
DA:112,0
DA:114,0
DA:117,0
DA:119,0
DA:120,0
DA:123,0
DA:132,0
DA:141,0
DA:151,0
DA:152,0
DA:154,0
DA:155,0
DA:166,0
DA:168,0
DA:169,0
DA:170,0
DA:171,0
DA:173,0
DA:175,0
DA:176,0
DA:177,0
DA:179,0
DA:190,0
DA:192,0
DA:193,0
DA:194,0
DA:196,0
DA:206,0
DA:207,0
DA:208,0
DA:209,0
DA:210,0
DA:211,0
DA:212,0
DA:216,0
DA:226,0
DA:227,0
DA:228,0
DA:229,0
DA:231,0
DA:232,0
DA:233,0
DA:235,0
DA:253,0
DA:254,0
DA:255,0
DA:256,0
DA:258,0
DA:259,0
DA:260,0
DA:262,0
DA:263,0
DA:264,0
DA:268,0
DA:269,0
DA:270,0
DA:273,0
DA:274,0
DA:276,0
DA:277,0
DA:280,0
LF:88
LH:4
BRDA:76,0,0,0
BRDA:76,0,1,0
BRDA:94,1,0,0
BRDA:94,1,1,0
BRDA:98,2,0,0
BRDA:98,2,1,0
BRDA:102,3,0,0
BRDA:102,3,1,0
BRDA:111,4,0,0
BRDA:111,4,1,0
BRDA:119,5,0,0
BRDA:119,5,1,0
BRDA:151,6,0,0
BRDA:151,6,1,0
BRDA:211,7,0,0
BRDA:211,7,1,0
BRDA:268,8,0,0
BRDA:268,8,1,0
BRDA:269,9,0,0
BRDA:269,9,1,0
BRDA:273,10,0,0
BRDA:273,10,1,0
BRDA:276,11,0,0
BRDA:276,11,1,0
BRF:24
BRH:0
end_of_record
TN:
SF:lib/currency.ts
FN:5,(anonymous_0)
FN:19,(anonymous_1)
FN:149,(anonymous_2)
FN:163,(anonymous_3)
FN:175,(anonymous_4)
FN:187,(anonymous_5)
FN:191,(anonymous_6)
FN:199,(anonymous_7)
FN:202,(anonymous_8)
FN:214,(anonymous_9)
FN:219,(anonymous_10)
FN:223,(anonymous_11)
FN:229,(anonymous_12)
FN:251,(anonymous_13)
FN:262,(anonymous_14)
FN:265,(anonymous_15)
FN:277,(anonymous_16)
FN:301,(anonymous_17)
FNF:18
FNH:3
FNDA:1,(anonymous_0)
FNDA:1,(anonymous_1)
FNDA:2,(anonymous_2)
FNDA:0,(anonymous_3)
FNDA:0,(anonymous_4)
FNDA:0,(anonymous_5)
FNDA:0,(anonymous_6)
FNDA:0,(anonymous_7)
FNDA:0,(anonymous_8)
FNDA:0,(anonymous_9)
FNDA:0,(anonymous_10)
FNDA:0,(anonymous_11)
FNDA:0,(anonymous_12)
FNDA:0,(anonymous_13)
FNDA:0,(anonymous_14)
FNDA:0,(anonymous_15)
FNDA:0,(anonymous_16)
FNDA:0,(anonymous_17)
DA:1,1
DA:2,1
DA:3,1
DA:5,1
DA:6,1
DA:7,1
DA:8,1
DA:9,1
DA:19,1
DA:20,1
DA:21,1
DA:22,1
DA:23,1
DA:24,1
DA:25,1
DA:26,1
DA:27,1
DA:28,1
DA:29,1
DA:30,1
DA:31,1
DA:32,1
DA:33,1
DA:34,1
DA:35,1
DA:36,1
DA:37,1
DA:38,1
DA:39,1
DA:40,1
DA:41,1
DA:42,1
DA:43,1
DA:44,1
DA:45,1
DA:46,1
DA:47,1
DA:48,1
DA:49,1
DA:50,1
DA:51,1
DA:52,1
DA:94,1
DA:133,1
DA:136,1
DA:149,1
DA:150,2
DA:163,1
DA:164,0
DA:165,0
DA:167,0
DA:169,0
DA:171,0
DA:175,1
DA:176,0
DA:178,0
DA:179,0
DA:182,0
DA:187,0
DA:191,1
DA:192,0
DA:194,0
DA:199,0
DA:202,1
DA:203,0
DA:205,0
DA:206,0
DA:209,0
DA:214,0
DA:219,1
DA:220,0
DA:223,1
DA:225,0
DA:226,0
DA:229,1
DA:230,0
DA:231,0
DA:234,0
DA:236,0
DA:237,0
DA:240,0
DA:251,0
DA:252,0
DA:253,0
DA:254,0
DA:255,0
DA:257,0
DA:258,0
DA:262,0
DA:265,1
DA:266,0
DA:268,0
DA:274,0
DA:277,1
DA:278,0
DA:280,0
DA:282,0
DA:283,0
DA:284,0
DA:285,0
DA:290,0
DA:291,0
DA:294,0
DA:295,0
DA:297,0
DA:301,1
DA:302,0
LF:107
LH:57
BRDA:5,0,0,1
BRDA:5,0,1,1
BRDA:19,1,0,1
BRDA:19,1,1,1
BRDA:163,2,0,0
BRDA:163,3,0,0
BRDA:163,4,0,0
BRDA:166,5,0,0
BRDA:166,5,1,0
BRDA:166,5,2,0
BRDA:175,6,0,0
BRDA:178,7,0,0
BRDA:178,7,1,0
BRDA:179,8,0,0
BRDA:179,8,1,0
BRDA:179,9,0,0
BRDA:179,9,1,0
BRDA:179,10,0,0
BRDA:179,10,1,0
BRDA:179,11,0,0
BRDA:179,11,1,0
BRDA:188,12,0,0
BRDA:188,12,1,0
BRDA:182,13,0,0
BRDA:182,13,1,0
BRDA:187,14,0,0
BRDA:187,14,1,0
BRDA:182,15,0,0
BRDA:182,15,1,0
BRDA:184,16,0,0
BRDA:184,16,1,0
BRDA:184,17,0,0
BRDA:184,17,1,0
BRDA:199,18,0,0
BRDA:199,18,1,0
BRDA:202,19,0,0
BRDA:205,20,0,0
BRDA:205,20,1,0
BRDA:206,21,0,0
BRDA:206,21,1,0
BRDA:206,22,0,0
BRDA:206,22,1,0
BRDA:206,23,0,0
BRDA:206,23,1,0
BRDA:206,24,0,0
BRDA:206,24,1,0
BRDA:215,25,0,0
BRDA:215,25,1,0
BRDA:209,26,0,0
BRDA:209,26,1,0
BRDA:214,27,0,0
BRDA:214,27,1,0
BRDA:209,28,0,0
BRDA:209,28,1,0
BRDA:211,29,0,0
BRDA:211,29,1,0
BRDA:211,30,0,0
BRDA:211,30,1,0
BRDA:223,31,0,0
BRDA:229,32,0,0
BRDA:229,33,0,0
BRDA:229,34,0,0
BRDA:229,35,0,0
BRDA:230,36,0,0
BRDA:230,36,1,0
BRDA:236,37,0,0
BRDA:236,37,1,0
BRDA:237,38,0,0
BRDA:237,38,1,0
BRDA:237,39,0,0
BRDA:237,39,1,0
BRDA:237,40,0,0
BRDA:237,40,1,0
BRDA:237,41,0,0
BRDA:237,41,1,0
BRDA:242,42,0,0
BRDA:242,42,1,0
BRDA:242,43,0,0
BRDA:242,43,1,0
BRDA:244,44,0,0
BRDA:244,44,1,0
BRDA:244,45,0,0
BRDA:244,45,1,0
BRDA:252,46,0,0
BRDA:252,46,1,0
BRDA:253,47,0,0
BRDA:253,47,1,0
BRDA:254,48,0,0
BRDA:254,48,1,0
BRDA:257,49,0,0
BRDA:257,49,1,0
BRDA:265,50,0,0
BRDA:265,51,0,0
BRDA:265,52,0,0
BRDA:265,53,0,0
BRDA:269,54,0,0
BRDA:269,54,1,0
BRDA:269,55,0,0
BRDA:269,55,1,0
BRDA:282,56,0,0
BRDA:282,56,1,0
BRDA:284,57,0,0
BRDA:284,57,1,0
BRDA:290,58,0,0
BRDA:290,58,1,0
BRDA:294,59,0,0
BRDA:294,59,1,0
BRDA:301,60,0,0
BRF:108
BRH:4
end_of_record
TN:
SF:lib/deepLinking.ts
FNF:0
FNH:0
DA:1,1
DA:6,1
LF:2
LH:2
BRF:0
BRH:0
end_of_record
TN:
SF:lib/electron.ts
FNF:0
FNH:0
DA:102,1
LF:1
LH:1
BRF:0
BRH:0
end_of_record
TN:
SF:lib/helpers.ts
FN:7,(anonymous_0)
FN:14,(anonymous_1)
FN:28,(anonymous_2)
FN:44,(anonymous_3)
FN:57,(anonymous_4)
FN:78,(anonymous_5)
FN:86,(anonymous_6)
FN:87,(anonymous_7)
FN:88,(anonymous_8)
FN:89,(anonymous_9)
FN:107,(anonymous_10)
FN:124,(anonymous_11)
FN:160,(anonymous_12)
FN:178,(anonymous_13)
FN:192,(anonymous_14)
FN:211,(anonymous_15)
FN:220,(anonymous_16)
FN:229,deepCopy
FN:239,(anonymous_18)
FN:246,(anonymous_19)
FNF:20
FNH:2
FNDA:0,(anonymous_0)
FNDA:3,(anonymous_1)
FNDA:3,(anonymous_2)
FNDA:0,(anonymous_3)
FNDA:0,(anonymous_4)
FNDA:0,(anonymous_5)
FNDA:0,(anonymous_6)
FNDA:0,(anonymous_7)
FNDA:0,(anonymous_8)
FNDA:0,(anonymous_9)
FNDA:0,(anonymous_10)
FNDA:0,(anonymous_11)
FNDA:0,(anonymous_12)
FNDA:0,(anonymous_13)
FNDA:0,(anonymous_14)
FNDA:0,(anonymous_15)
FNDA:0,(anonymous_16)
FNDA:0,deepCopy
FNDA:0,(anonymous_18)
FNDA:0,(anonymous_19)
DA:1,1
DA:7,1
DA:8,0
DA:14,1
DA:15,3
DA:17,3
DA:18,3
DA:19,3
DA:20,0
DA:23,0
DA:26,3
DA:28,3
DA:29,3
DA:30,1
DA:32,2
DA:36,3
DA:44,1
DA:45,0
DA:46,0
DA:49,0
DA:57,1
DA:58,0
DA:59,0
DA:61,0
DA:62,0
DA:64,0
DA:65,0
DA:67,0
DA:68,0
DA:70,0
DA:71,0
DA:78,1
DA:79,0
DA:80,0
DA:83,0
DA:86,0
DA:87,0
DA:88,0
DA:89,0
DA:91,0
DA:92,0
DA:95,0
DA:107,1
DA:108,0
DA:109,0
DA:110,0
DA:112,0
DA:113,0
DA:114,0
DA:115,0
DA:116,0
DA:124,1
DA:125,0
DA:126,0
DA:128,0
DA:129,0
DA:131,0
DA:132,0
DA:133,0
DA:134,0
DA:136,0
DA:137,0
DA:139,0
DA:140,0
DA:142,0
DA:143,0
DA:145,0
DA:146,0
DA:149,0
DA:150,0
DA:153,0
DA:160,1
DA:161,0
DA:162,0
DA:164,0
DA:165,0
DA:166,0
DA:167,0
DA:168,0
DA:169,0
DA:171,0
DA:178,1
DA:179,0
DA:180,0
DA:182,0
DA:184,0
DA:192,1
DA:193,0
DA:195,0
DA:196,0
DA:199,0
DA:200,0
DA:201,0
DA:203,0
DA:211,1
DA:212,0
DA:220,1
DA:221,0
DA:229,1
DA:230,0
DA:231,0
DA:234,0
DA:235,0
DA:238,0
DA:239,0
DA:240,0
DA:241,0
DA:245,0
DA:246,0
DA:247,0
DA:248,0
LF:111
LH:24
BRDA:19,0,0,0
BRDA:19,0,1,3
BRDA:29,1,0,1
BRDA:29,1,1,2
BRDA:29,2,0,3
BRDA:29,2,1,2
BRDA:45,3,0,0
BRDA:45,3,1,0
BRDA:49,4,0,0
BRDA:49,4,1,0
BRDA:49,5,0,0
BRDA:49,5,1,0
BRDA:49,6,0,0
BRDA:49,6,1,0
BRDA:49,7,0,0
BRDA:49,7,1,0
BRDA:58,8,0,0
BRDA:58,8,1,0
BRDA:61,9,0,0
BRDA:61,9,1,0
BRDA:64,10,0,0
BRDA:64,10,1,0
BRDA:67,11,0,0
BRDA:67,11,1,0
BRDA:70,12,0,0
BRDA:70,12,1,0
BRDA:79,13,0,0
BRDA:79,13,1,0
BRDA:79,14,0,0
BRDA:79,14,1,0
BRDA:91,15,0,0
BRDA:91,15,1,0
BRDA:107,16,0,0
BRDA:107,17,0,0
BRDA:107,18,0,0
BRDA:107,19,0,0
BRDA:109,20,0,0
BRDA:109,20,1,0
BRDA:109,21,0,0
BRDA:109,21,1,0
BRDA:125,22,0,0
BRDA:125,22,1,0
BRDA:125,23,0,0
BRDA:125,23,1,0
BRDA:136,24,0,0
BRDA:136,24,1,0
BRDA:139,25,0,0
BRDA:139,25,1,0
BRDA:142,26,0,0
BRDA:142,26,1,0
BRDA:145,27,0,0
BRDA:145,27,1,0
BRDA:149,28,0,0
BRDA:149,28,1,0
BRDA:161,29,0,0
BRDA:161,29,1,0
BRDA:179,30,0,0
BRDA:179,30,1,0
BRDA:184,31,0,0
BRDA:184,31,1,0
BRDA:184,32,0,0
BRDA:184,32,1,0
BRDA:192,33,0,0
BRDA:195,34,0,0
BRDA:195,34,1,0
BRDA:212,35,0,0
BRDA:212,35,1,0
BRDA:221,36,0,0
BRDA:221,36,1,0
BRDA:230,37,0,0
BRDA:230,37,1,0
BRDA:230,38,0,0
BRDA:230,38,1,0
BRDA:234,39,0,0
BRDA:234,39,1,0
BRDA:238,40,0,0
BRDA:238,40,1,0
BRDA:245,41,0,0
BRDA:245,41,1,0
BRF:79
BRH:5
end_of_record
TN:
SF:lib/i18n.ts
FN:161,(anonymous_0)
FN:67,(anonymous_1)
FN:79,(anonymous_2)
FN:91,(anonymous_3)
FN:101,(anonymous_4)
FN:105,(anonymous_5)
FN:113,reduceLocale
FN:120,supported
FN:128,loadJson
FN:129,(anonymous_9)
FN:132,(anonymous_10)
FN:138,(anonymous_11)
FN:139,(anonymous_12)
FN:155,(anonymous_13)
FNF:14
FNH:0
FNDA:0,(anonymous_0)
FNDA:0,(anonymous_1)
FNDA:0,(anonymous_2)
FNDA:0,(anonymous_3)
FNDA:0,(anonymous_4)
FNDA:0,(anonymous_5)
FNDA:0,reduceLocale
FNDA:0,supported
FNDA:0,loadJson
FNDA:0,(anonymous_9)
FNDA:0,(anonymous_10)
FNDA:0,(anonymous_11)
FNDA:0,(anonymous_12)
FNDA:0,(anonymous_13)
DA:1,1
DA:2,1
DA:3,1
DA:9,1
DA:12,1
DA:55,1
DA:65,1
DA:67,1
DA:71,0
DA:73,0
DA:76,0
DA:77,0
DA:79,0
DA:80,0
DA:81,0
DA:85,0
DA:89,0
DA:90,0
DA:91,0
DA:92,0
DA:99,1
DA:102,0
DA:105,1
DA:108,0
DA:114,0
DA:121,0
DA:122,0
DA:124,0
DA:129,0
DA:132,1
DA:135,0
DA:138,1
DA:139,0
DA:140,0
DA:145,0
DA:148,1
DA:155,1
DA:156,0
DA:161,1
LF:39
LH:15
BRDA:67,0,0,0
BRDA:71,1,0,0
BRDA:71,1,1,0
BRDA:71,2,0,0
BRDA:71,2,1,0
BRDA:76,3,0,0
BRDA:76,3,1,0
BRDA:89,4,0,0
BRDA:89,4,1,0
BRDA:89,5,0,0
BRDA:89,5,1,0
BRDA:102,6,0,0
BRDA:102,6,1,0
BRDA:102,6,2,0
BRDA:121,7,0,0
BRDA:121,7,1,0
BRF:16
BRH:0
end_of_record
TN:
SF:lib/ledger.ts
FN:30,getLedgerDeviceStatus
FN:32,(anonymous_1)
FN:33,(anonymous_2)
FN:34,(anonymous_3)
FN:37,(anonymous_4)
FN:52,(anonymous_5)
FN:58,isLedgerConnected
FN:63,calculateLedgerDeviceState
FN:87,getLedgerOpenedApp
FN:88,(anonymous_9)
FN:90,(anonymous_10)
FN:93,(anonymous_11)
FN:100,promptUserToConnectLedger
FN:102,(anonymous_13)
FN:103,(anonymous_14)
FN:105,(anonymous_15)
FN:108,(anonymous_16)
FN:111,(anonymous_17)
FN:113,(anonymous_18)
FN:121,displayNotificationForLedgerProfile
FN:131,(anonymous_20)
FN:156,(anonymous_21)
FN:157,(anonymous_22)
FN:158,(anonymous_23)
FN:167,isLedgerError
FN:185,pollLedgerDeviceStatus
FN:188,(anonymous_26)
FN:189,(anonymous_27)
FN:190,(anonymous_28)
FN:194,(anonymous_29)
FN:201,openLedgerNotConnectedPopup
FN:203,(anonymous_31)
FN:204,(anonymous_32)
FN:212,(anonymous_33)
FN:219,stopPollingLedgerStatus
FN:227,getLegacyErrorMessage
FN:248,formatAddressForLedger
FN:256,navigateToNewIndexMigration
FNF:38
FNH:0
FNDA:0,getLedgerDeviceStatus
FNDA:0,(anonymous_1)
FNDA:0,(anonymous_2)
FNDA:0,(anonymous_3)
FNDA:0,(anonymous_4)
FNDA:0,(anonymous_5)
FNDA:0,isLedgerConnected
FNDA:0,calculateLedgerDeviceState
FNDA:0,getLedgerOpenedApp
FNDA:0,(anonymous_9)
FNDA:0,(anonymous_10)
FNDA:0,(anonymous_11)
FNDA:0,promptUserToConnectLedger
FNDA:0,(anonymous_13)
FNDA:0,(anonymous_14)
FNDA:0,(anonymous_15)
FNDA:0,(anonymous_16)
FNDA:0,(anonymous_17)
FNDA:0,(anonymous_18)
FNDA:0,displayNotificationForLedgerProfile
FNDA:0,(anonymous_20)
FNDA:0,(anonymous_21)
FNDA:0,(anonymous_22)
FNDA:0,(anonymous_23)
FNDA:0,isLedgerError
FNDA:0,pollLedgerDeviceStatus
FNDA:0,(anonymous_26)
FNDA:0,(anonymous_27)
FNDA:0,(anonymous_28)
FNDA:0,(anonymous_29)
FNDA:0,openLedgerNotConnectedPopup
FNDA:0,(anonymous_31)
FNDA:0,(anonymous_32)
FNDA:0,(anonymous_33)
FNDA:0,stopPollingLedgerStatus
FNDA:0,getLegacyErrorMessage
FNDA:0,formatAddressForLedger
FNDA:0,navigateToNewIndexMigration
DA:1,1
DA:2,1
DA:3,1
DA:4,1
DA:5,1
DA:6,1
DA:7,1
DA:8,1
DA:10,1
DA:21,1
DA:22,1
DA:26,1
DA:27,1
DA:28,1
DA:30,1
DA:36,0
DA:38,0
DA:40,0
DA:41,0
DA:43,0
DA:44,0
DA:45,0
DA:47,0
DA:49,0
DA:53,0
DA:58,1
DA:59,0
DA:60,0
DA:63,1
DA:64,0
DA:65,0
DA:66,0
DA:68,0
DA:70,0
DA:75,0
DA:77,0
DA:80,0
DA:82,0
DA:87,1
DA:88,0
DA:89,0
DA:91,0
DA:94,0
DA:100,1
DA:105,0
DA:106,0
DA:108,0
DA:109,0
DA:111,0
DA:112,0
DA:113,0
DA:118,0
DA:121,1
DA:131,0
DA:132,0
DA:134,0
DA:135,0
DA:137,0
DA:138,0
DA:139,0
DA:141,0
DA:142,0
DA:143,0
DA:145,0
DA:146,0
DA:153,0
DA:154,0
DA:157,0
DA:158,0
DA:161,0
DA:164,0
DA:167,1
DA:168,0
DA:170,0
DA:171,0
DA:173,0
DA:174,0
DA:176,0
DA:177,0
DA:180,0
DA:183,1
DA:185,1
DA:192,0
DA:193,0
DA:194,0
DA:195,0
DA:197,0
DA:206,0
DA:207,0
DA:212,0
DA:219,1
DA:220,0
DA:221,0
DA:222,0
DA:223,0
DA:227,1
DA:228,0
DA:229,0
DA:231,0
DA:232,0
DA:233,0
DA:234,0
DA:235,0
DA:236,0
DA:238,0
DA:241,0
DA:242,0
DA:245,0
DA:248,1
DA:249,0
DA:250,0
DA:252,0
DA:253,0
DA:256,1
DA:257,0
DA:258,0
DA:259,0
LF:117
LH:27
BRDA:31,0,0,0
BRDA:32,1,0,0
BRDA:33,2,0,0
BRDA:34,3,0,0
BRDA:41,4,0,0
BRDA:41,4,1,0
BRDA:41,4,2,0
BRDA:41,4,3,0
BRDA:43,5,0,0
BRDA:43,5,1,0
BRDA:44,6,0,0
BRDA:44,6,1,0
BRDA:44,7,0,0
BRDA:44,7,1,0
BRDA:58,8,0,0
BRDA:60,9,0,0
BRDA:60,9,1,0
BRDA:65,10,0,0
BRDA:65,10,1,0
BRDA:69,11,0,0
BRDA:69,11,1,0
BRDA:69,11,2,0
BRDA:68,12,0,0
BRDA:68,12,1,0
BRDA:68,13,0,0
BRDA:68,13,1,0
BRDA:70,14,0,0
BRDA:70,14,1,0
BRDA:75,15,0,0
BRDA:75,15,1,0
BRDA:75,16,0,0
BRDA:75,16,1,0
BRDA:75,17,0,0
BRDA:75,17,1,0
BRDA:75,18,0,0
BRDA:75,18,1,0
BRDA:75,19,0,0
BRDA:75,19,1,0
BRDA:75,20,0,0
BRDA:75,20,1,0
BRDA:91,21,0,0
BRDA:91,21,1,0
BRDA:91,22,0,0
BRDA:91,22,1,0
BRDA:101,23,0,0
BRDA:102,24,0,0
BRDA:103,25,0,0
BRDA:112,26,0,0
BRDA:112,26,1,0
BRDA:122,27,0,0
BRDA:123,28,0,0
BRDA:124,29,0,0
BRDA:125,30,0,0
BRDA:126,31,0,0
BRDA:127,32,0,0
BRDA:134,33,0,0
BRDA:134,33,1,0
BRDA:135,34,0,0
BRDA:135,34,1,0
BRDA:135,35,0,0
BRDA:135,35,1,0
BRDA:137,36,0,0
BRDA:137,36,1,0
BRDA:138,37,0,0
BRDA:138,37,1,0
BRDA:139,38,0,0
BRDA:139,38,1,0
BRDA:139,38,2,0
BRDA:141,39,0,0
BRDA:141,39,1,0
BRDA:141,40,0,0
BRDA:141,40,1,0
BRDA:143,41,0,0
BRDA:143,41,1,0
BRDA:143,42,0,0
BRDA:143,42,1,0
BRDA:143,43,0,0
BRDA:143,43,1,0
BRDA:143,44,0,0
BRDA:143,44,1,0
BRDA:145,45,0,0
BRDA:145,45,1,0
BRDA:145,46,0,0
BRDA:145,46,1,0
BRDA:153,47,0,0
BRDA:153,47,1,0
BRDA:168,48,0,0
BRDA:168,48,1,0
BRDA:172,49,0,0
BRDA:172,49,1,0
BRDA:173,50,0,0
BRDA:173,50,1,0
BRDA:180,51,0,0
BRDA:180,51,1,0
BRDA:180,52,0,0
BRDA:180,52,1,0
BRDA:186,53,0,0
BRDA:187,54,0,0
BRDA:188,55,0,0
BRDA:189,56,0,0
BRDA:190,57,0,0
BRDA:192,58,0,0
BRDA:192,58,1,0
BRDA:202,59,0,0
BRDA:203,60,0,0
BRDA:204,61,0,0
BRDA:206,62,0,0
BRDA:206,62,1,0
BRDA:220,63,0,0
BRDA:220,63,1,0
BRDA:227,64,0,0
BRDA:230,65,0,0
BRDA:230,65,1,0
BRDA:230,65,2,0
BRDA:229,66,0,0
BRDA:229,66,1,0
BRDA:229,67,0,0
BRDA:229,67,1,0
BRDA:231,68,0,0
BRDA:231,68,1,0
BRDA:231,69,0,0
BRDA:231,69,1,0
BRDA:231,70,0,0
BRDA:231,70,1,0
BRDA:233,71,0,0
BRDA:233,71,1,0
BRDA:233,72,0,0
BRDA:233,72,1,0
BRDA:233,73,0,0
BRDA:233,73,1,0
BRDA:235,74,0,0
BRDA:235,74,1,0
BRDA:235,75,0,0
BRDA:235,75,1,0
BRDA:235,76,0,0
BRDA:235,76,1,0
BRDA:245,77,0,0
BRDA:245,77,1,0
BRDA:248,78,0,0
BRDA:249,79,0,0
BRDA:249,79,1,0
BRDA:249,80,0,0
BRDA:249,80,1,0
BRF:143
BRH:0
end_of_record
TN:
SF:lib/marketData.ts
FN:21,(anonymous_1)
FN:28,(anonymous_2)
FN:35,(anonymous_3)
FN:153,pollMarketData
FN:167,(anonymous_5)
FN:177,fetchMarketData
FN:189,(anonymous_7)
FN:216,processMarketData
FN:225,(anonymous_9)
FN:251,addProfileCurrencyPriceData
FN:260,(anonymous_11)
FN:261,(anonymous_12)
FN:264,(anonymous_13)
FNF:13
FNH:3
FNDA:1,(anonymous_1)
FNDA:1,(anonymous_2)
FNDA:1,(anonymous_3)
FNDA:0,pollMarketData
FNDA:0,(anonymous_5)
FNDA:0,fetchMarketData
FNDA:0,(anonymous_7)
FNDA:0,processMarketData
FNDA:0,(anonymous_9)
FNDA:0,addProfileCurrencyPriceData
FNDA:0,(anonymous_11)
FNDA:0,(anonymous_12)
FNDA:0,(anonymous_13)
DA:1,1
DA:2,1
DA:3,1
DA:4,1
DA:9,1
DA:14,1
DA:19,1
DA:21,1
DA:22,1
DA:23,1
DA:24,1
DA:25,1
DA:28,1
DA:29,1
DA:30,1
DA:31,1
DA:32,1
DA:35,1
DA:36,1
DA:37,1
DA:38,1
DA:39,1
DA:101,1
DA:106,1
DA:111,1
DA:116,1
DA:143,1
DA:153,1
DA:156,0
DA:157,0
DA:158,0
DA:159,0
DA:166,0
DA:167,0
DA:177,1
DA:178,0
DA:184,0
DA:185,0
DA:186,0
DA:187,0
DA:188,0
DA:190,0
DA:191,0
DA:196,0
DA:198,0
DA:200,0
DA:202,0
DA:204,0
DA:208,0
DA:209,0
DA:211,0
DA:217,0
DA:222,0
DA:223,0
DA:225,0
DA:226,0
DA:227,0
DA:232,0
DA:235,0
DA:238,0
DA:241,0
DA:242,0
DA:243,0
DA:245,0
DA:247,0
DA:251,1
DA:252,0
DA:253,0
DA:255,0
DA:256,0
DA:257,0
DA:258,0
DA:259,0
DA:260,0
DA:261,0
DA:262,0
DA:264,0
LF:77
LH:30
BRDA:21,0,0,1
BRDA:21,0,1,1
BRDA:28,1,0,1
BRDA:28,1,1,1
BRDA:35,2,0,1
BRDA:35,2,1,1
BRDA:158,3,0,0
BRDA:158,3,1,0
BRDA:190,4,0,0
BRDA:190,4,1,0
BRDA:211,5,0,0
BRDA:211,5,1,0
BRDA:222,6,0,0
BRDA:222,6,1,0
BRDA:226,7,0,0
BRDA:226,7,1,0
BRDA:253,8,0,0
BRDA:253,8,1,0
BRDA:256,9,0,0
BRDA:256,9,1,0
BRF:20
BRH:6
end_of_record
TN:
SF:lib/migration.ts
FN:81,(anonymous_1)
FN:88,(anonymous_2)
FN:93,(anonymous_3)
FN:113,(anonymous_4)
FN:152,(anonymous_5)
FN:168,(anonymous_6)
FN:200,(anonymous_7)
FN:201,(anonymous_8)
FN:213,(anonymous_9)
FN:220,(anonymous_10)
FN:233,(anonymous_11)
FN:255,(anonymous_12)
FN:256,(anonymous_13)
FN:259,(anonymous_14)
FN:260,(anonymous_15)
FN:264,(anonymous_16)
FN:265,(anonymous_17)
FN:270,(anonymous_18)
FN:276,(anonymous_19)
FN:279,(anonymous_20)
FN:279,(anonymous_21)
FN:294,(anonymous_22)
FN:295,(anonymous_23)
FN:296,(anonymous_24)
FN:303,(anonymous_25)
FN:306,(anonymous_26)
FN:314,(anonymous_27)
FN:317,(anonymous_28)
FN:317,(anonymous_29)
FN:326,(anonymous_30)
FN:327,(anonymous_31)
FN:333,(anonymous_32)
FN:334,(anonymous_33)
FN:336,(anonymous_34)
FN:342,(anonymous_35)
FN:363,(anonymous_36)
FN:378,(anonymous_37)
FN:379,(anonymous_38)
FN:402,(anonymous_39)
FN:406,(anonymous_40)
FN:408,(anonymous_41)
FN:411,(anonymous_42)
FN:415,(anonymous_43)
FN:419,(anonymous_44)
FN:423,(anonymous_45)
FN:424,(anonymous_46)
FN:429,(anonymous_47)
FN:437,(anonymous_48)
FN:440,(anonymous_49)
FN:445,(anonymous_50)
FN:462,(anonymous_51)
FN:473,(anonymous_52)
FN:475,(anonymous_53)
FN:476,(anonymous_54)
FN:490,(anonymous_55)
FN:491,(anonymous_56)
FN:491,(anonymous_57)
FN:493,(anonymous_58)
FN:503,(anonymous_59)
FN:503,(anonymous_60)
FN:520,(anonymous_61)
FN:528,(anonymous_62)
FN:530,(anonymous_63)
FN:533,(anonymous_64)
FN:537,(anonymous_65)
FN:541,(anonymous_66)
FN:547,(anonymous_67)
FN:547,(anonymous_68)
FN:564,(anonymous_69)
FN:565,(anonymous_70)
FN:571,(anonymous_71)
FN:578,(anonymous_72)
FN:579,(anonymous_73)
FN:607,(anonymous_74)
FN:623,(anonymous_75)
FN:626,(anonymous_76)
FN:628,(anonymous_77)
FN:632,(anonymous_78)
FN:649,(anonymous_79)
FN:650,(anonymous_80)
FN:657,(anonymous_81)
FN:661,(anonymous_82)
FN:662,(anonymous_83)
FN:689,(anonymous_84)
FN:707,(anonymous_85)
FN:710,(anonymous_86)
FN:711,(anonymous_87)
FN:712,(anonymous_88)
FN:713,(anonymous_89)
FN:749,(anonymous_90)
FN:752,(anonymous_91)
FN:753,(anonymous_92)
FN:802,(anonymous_93)
FN:805,(anonymous_94)
FN:812,(anonymous_95)
FN:822,(anonymous_96)
FN:834,(anonymous_97)
FN:835,(anonymous_98)
FN:836,(anonymous_99)
FN:839,(anonymous_100)
FN:855,(anonymous_101)
FN:860,(anonymous_102)
FN:866,(anonymous_103)
FN:871,(anonymous_104)
FN:893,(anonymous_105)
FN:899,(anonymous_106)
FN:910,(anonymous_107)
FN:912,(anonymous_108)
FN:915,(anonymous_109)
FN:916,(anonymous_110)
FN:917,(anonymous_111)
FN:929,(anonymous_112)
FN:932,(anonymous_113)
FN:938,(anonymous_114)
FN:939,(anonymous_115)
FN:940,(anonymous_116)
FN:950,(anonymous_117)
FN:955,(anonymous_118)
FN:955,(anonymous_119)
FN:967,(anonymous_120)
FN:970,(anonymous_121)
FN:970,(anonymous_122)
FN:971,(anonymous_123)
FN:986,(anonymous_124)
FN:988,(anonymous_125)
FN:988,(anonymous_126)
FN:1003,(anonymous_127)
FN:1018,(anonymous_128)
FN:1018,(anonymous_129)
FN:1026,(anonymous_130)
FN:1026,(anonymous_131)
FN:1034,(anonymous_132)
FN:1034,(anonymous_133)
FN:1042,(anonymous_134)
FN:1042,(anonymous_135)
FN:1050,(anonymous_136)
FN:1051,(anonymous_137)
FN:1053,(anonymous_138)
FN:1059,(anonymous_139)
FN:1060,(anonymous_140)
FN:1062,(anonymous_141)
FN:1068,(anonymous_142)
FN:1069,(anonymous_143)
FN:1071,(anonymous_144)
FN:1081,(anonymous_145)
FN:1082,(anonymous_146)
FN:1086,(anonymous_147)
FN:1086,(anonymous_148)
FN:1092,(anonymous_149)
FN:1092,(anonymous_150)
FN:1100,(anonymous_151)
FN:1101,(anonymous_152)
FN:1101,(anonymous_153)
FN:1107,(anonymous_154)
FN:1107,(anonymous_155)
FN:1112,(anonymous_156)
FN:1113,(anonymous_157)
FN:1113,(anonymous_158)
FN:1113,(anonymous_159)
FN:1119,(anonymous_160)
FN:1119,(anonymous_161)
FN:1144,checkChrysalisSnapshot
FN:1154,(anonymous_163)
FN:1190,pollChrysalisSnapshot
FN:1192,(anonymous_165)
FN:1195,openSnapshotPopup
FN:1208,(anonymous_167)
FN:1212,(anonymous_168)
FN:1216,(anonymous_169)
FN:1216,(anonymous_170)
FN:1225,(anonymous_171)
FN:1232,(anonymous_172)
FN:1233,(anonymous_173)
FN:1234,(anonymous_174)
FN:1237,(anonymous_175)
FN:1241,(anonymous_176)
FN:1252,openLedgerLegacyTransactionPopup
FNF:177
FNH:1
FNDA:1,(anonymous_1)
FNDA:0,(anonymous_2)
FNDA:0,(anonymous_3)
FNDA:0,(anonymous_4)
FNDA:0,(anonymous_5)
FNDA:0,(anonymous_6)
FNDA:0,(anonymous_7)
FNDA:0,(anonymous_8)
FNDA:0,(anonymous_9)
FNDA:0,(anonymous_10)
FNDA:0,(anonymous_11)
FNDA:0,(anonymous_12)
FNDA:0,(anonymous_13)
FNDA:0,(anonymous_14)
FNDA:0,(anonymous_15)
FNDA:0,(anonymous_16)
FNDA:0,(anonymous_17)
FNDA:0,(anonymous_18)
FNDA:0,(anonymous_19)
FNDA:0,(anonymous_20)
FNDA:0,(anonymous_21)
FNDA:0,(anonymous_22)
FNDA:0,(anonymous_23)
FNDA:0,(anonymous_24)
FNDA:0,(anonymous_25)
FNDA:0,(anonymous_26)
FNDA:0,(anonymous_27)
FNDA:0,(anonymous_28)
FNDA:0,(anonymous_29)
FNDA:0,(anonymous_30)
FNDA:0,(anonymous_31)
FNDA:0,(anonymous_32)
FNDA:0,(anonymous_33)
FNDA:0,(anonymous_34)
FNDA:0,(anonymous_35)
FNDA:0,(anonymous_36)
FNDA:0,(anonymous_37)
FNDA:0,(anonymous_38)
FNDA:0,(anonymous_39)
FNDA:0,(anonymous_40)
FNDA:0,(anonymous_41)
FNDA:0,(anonymous_42)
FNDA:0,(anonymous_43)
FNDA:0,(anonymous_44)
FNDA:0,(anonymous_45)
FNDA:0,(anonymous_46)
FNDA:0,(anonymous_47)
FNDA:0,(anonymous_48)
FNDA:0,(anonymous_49)
FNDA:0,(anonymous_50)
FNDA:0,(anonymous_51)
FNDA:0,(anonymous_52)
FNDA:0,(anonymous_53)
FNDA:0,(anonymous_54)
FNDA:0,(anonymous_55)
FNDA:0,(anonymous_56)
FNDA:0,(anonymous_57)
FNDA:0,(anonymous_58)
FNDA:0,(anonymous_59)
FNDA:0,(anonymous_60)
FNDA:0,(anonymous_61)
FNDA:0,(anonymous_62)
FNDA:0,(anonymous_63)
FNDA:0,(anonymous_64)
FNDA:0,(anonymous_65)
FNDA:0,(anonymous_66)
FNDA:0,(anonymous_67)
FNDA:0,(anonymous_68)
FNDA:0,(anonymous_69)
FNDA:0,(anonymous_70)
FNDA:0,(anonymous_71)
FNDA:0,(anonymous_72)
FNDA:0,(anonymous_73)
FNDA:0,(anonymous_74)
FNDA:0,(anonymous_75)
FNDA:0,(anonymous_76)
FNDA:0,(anonymous_77)
FNDA:0,(anonymous_78)
FNDA:0,(anonymous_79)
FNDA:0,(anonymous_80)
FNDA:0,(anonymous_81)
FNDA:0,(anonymous_82)
FNDA:0,(anonymous_83)
FNDA:0,(anonymous_84)
FNDA:0,(anonymous_85)
FNDA:0,(anonymous_86)
FNDA:0,(anonymous_87)
FNDA:0,(anonymous_88)
FNDA:0,(anonymous_89)
FNDA:0,(anonymous_90)
FNDA:0,(anonymous_91)
FNDA:0,(anonymous_92)
FNDA:0,(anonymous_93)
FNDA:0,(anonymous_94)
FNDA:0,(anonymous_95)
FNDA:0,(anonymous_96)
FNDA:0,(anonymous_97)
FNDA:0,(anonymous_98)
FNDA:0,(anonymous_99)
FNDA:0,(anonymous_100)
FNDA:0,(anonymous_101)
FNDA:0,(anonymous_102)
FNDA:0,(anonymous_103)
FNDA:0,(anonymous_104)
FNDA:0,(anonymous_105)
FNDA:0,(anonymous_106)
FNDA:0,(anonymous_107)
FNDA:0,(anonymous_108)
FNDA:0,(anonymous_109)
FNDA:0,(anonymous_110)
FNDA:0,(anonymous_111)
FNDA:0,(anonymous_112)
FNDA:0,(anonymous_113)
FNDA:0,(anonymous_114)
FNDA:0,(anonymous_115)
FNDA:0,(anonymous_116)
FNDA:0,(anonymous_117)
FNDA:0,(anonymous_118)
FNDA:0,(anonymous_119)
FNDA:0,(anonymous_120)
FNDA:0,(anonymous_121)
FNDA:0,(anonymous_122)
FNDA:0,(anonymous_123)
FNDA:0,(anonymous_124)
FNDA:0,(anonymous_125)
FNDA:0,(anonymous_126)
FNDA:0,(anonymous_127)
FNDA:0,(anonymous_128)
FNDA:0,(anonymous_129)
FNDA:0,(anonymous_130)
FNDA:0,(anonymous_131)
FNDA:0,(anonymous_132)
FNDA:0,(anonymous_133)
FNDA:0,(anonymous_134)
FNDA:0,(anonymous_135)
FNDA:0,(anonymous_136)
FNDA:0,(anonymous_137)
FNDA:0,(anonymous_138)
FNDA:0,(anonymous_139)
FNDA:0,(anonymous_140)
FNDA:0,(anonymous_141)
FNDA:0,(anonymous_142)
FNDA:0,(anonymous_143)
FNDA:0,(anonymous_144)
FNDA:0,(anonymous_145)
FNDA:0,(anonymous_146)
FNDA:0,(anonymous_147)
FNDA:0,(anonymous_148)
FNDA:0,(anonymous_149)
FNDA:0,(anonymous_150)
FNDA:0,(anonymous_151)
FNDA:0,(anonymous_152)
FNDA:0,(anonymous_153)
FNDA:0,(anonymous_154)
FNDA:0,(anonymous_155)
FNDA:0,(anonymous_156)
FNDA:0,(anonymous_157)
FNDA:0,(anonymous_158)
FNDA:0,(anonymous_159)
FNDA:0,(anonymous_160)
FNDA:0,(anonymous_161)
FNDA:0,checkChrysalisSnapshot
FNDA:0,(anonymous_163)
FNDA:0,pollChrysalisSnapshot
FNDA:0,(anonymous_165)
FNDA:0,openSnapshotPopup
FNDA:0,(anonymous_167)
FNDA:0,(anonymous_168)
FNDA:0,(anonymous_169)
FNDA:0,(anonymous_170)
FNDA:0,(anonymous_171)
FNDA:0,(anonymous_172)
FNDA:0,(anonymous_173)
FNDA:0,(anonymous_174)
FNDA:0,(anonymous_175)
FNDA:0,(anonymous_176)
FNDA:0,openLedgerLegacyTransactionPopup
DA:1,1
DA:2,1
DA:3,1
DA:4,1
DA:5,1
DA:6,1
DA:7,1
DA:10,1
DA:11,1
DA:12,1
DA:13,1
DA:14,1
DA:15,1
DA:17,1
DA:19,1
DA:21,1
DA:22,1
DA:24,1
DA:27,1
DA:30,1
DA:33,1
DA:35,1
DA:37,1
DA:39,1
DA:41,1
DA:81,1
DA:82,1
DA:83,1
DA:84,1
DA:85,1
DA:88,1
DA:89,0
DA:92,1
DA:93,1
DA:95,0
DA:113,0
DA:114,0
DA:122,1
DA:127,1
DA:138,1
DA:140,1
DA:145,1
DA:150,1
DA:152,1
DA:159,0
DA:160,0
DA:162,0
DA:168,0
DA:170,0
DA:171,0
DA:179,0
DA:181,0
DA:183,0
DA:184,0
DA:187,0
DA:200,1
DA:201,0
DA:202,0
DA:203,0
DA:204,0
DA:207,0
DA:214,0
DA:216,0
DA:217,0
DA:218,0
DA:220,0
DA:221,0
DA:229,0
DA:231,0
DA:234,0
DA:255,1
DA:256,0
DA:257,0
DA:259,0
DA:260,0
DA:262,0
DA:264,0
DA:265,0
DA:266,0
DA:270,0
DA:276,0
DA:279,0
DA:294,1
DA:295,0
DA:296,0
DA:297,0
DA:304,0
DA:307,0
DA:314,0
DA:315,0
DA:317,0
DA:318,0
DA:319,0
DA:320,0
DA:321,0
DA:323,0
DA:326,0
DA:327,0
DA:333,0
DA:334,0
DA:335,0
DA:337,0
DA:339,0
DA:340,0
DA:342,0
DA:343,0
DA:351,0
DA:353,0
DA:355,0
DA:356,0
DA:359,0
DA:363,0
DA:364,0
DA:365,0
DA:378,1
DA:379,0
DA:380,0
DA:381,0
DA:382,0
DA:383,0
DA:389,0
DA:402,1
DA:406,0
DA:407,0
DA:409,0
DA:412,0
DA:416,0
DA:417,0
DA:419,0
DA:421,0
DA:423,0
DA:424,0
DA:429,0
DA:430,0
DA:438,0
DA:441,0
DA:447,0
DA:462,1
DA:472,0
DA:473,0
DA:474,0
DA:475,0
DA:477,0
DA:478,0
DA:479,0
DA:480,0
DA:483,0
DA:490,0
DA:491,0
DA:492,0
DA:493,0
DA:495,0
DA:501,0
DA:503,0
DA:504,0
DA:505,0
DA:506,0
DA:520,1
DA:528,0
DA:529,0
DA:531,0
DA:534,0
DA:538,0
DA:539,0
DA:541,0
DA:545,0
DA:547,0
DA:548,0
DA:549,0
DA:550,0
DA:564,1
DA:565,0
DA:566,0
DA:573,0
DA:575,0
DA:578,0
DA:579,0
DA:580,0
DA:581,0
DA:584,0
DA:589,0
DA:591,0
DA:600,0
DA:605,0
DA:607,0
DA:623,1
DA:624,0
DA:626,0
DA:627,0
DA:629,0
DA:630,0
DA:633,0
DA:649,1
DA:650,0
DA:651,0
DA:652,0
DA:653,0
DA:656,0
DA:658,0
DA:661,0
DA:662,0
DA:663,0
DA:664,0
DA:667,0
DA:672,0
DA:674,0
DA:683,0
DA:687,0
DA:690,0
DA:707,1
DA:708,0
DA:710,0
DA:711,0
DA:712,0
DA:713,0
DA:714,0
DA:717,0
DA:718,0
DA:725,0
DA:732,0
DA:749,1
DA:750,0
DA:752,0
DA:753,0
DA:754,0
DA:755,0
DA:757,0
DA:758,0
DA:760,0
DA:768,0
DA:776,0
DA:802,1
DA:803,0
DA:805,0
DA:808,0
DA:809,0
DA:812,0
DA:813,0
DA:814,0
DA:816,0
DA:819,0
DA:822,0
DA:823,0
DA:825,0
DA:826,0
DA:829,0
DA:831,0
DA:834,0
DA:835,0
DA:836,0
DA:838,0
DA:839,0
DA:840,0
DA:841,0
DA:844,0
DA:847,0
DA:851,0
DA:855,0
DA:859,0
DA:860,0
DA:862,0
DA:864,0
DA:866,0
DA:867,0
DA:869,0
DA:870,0
DA:871,0
DA:873,0
DA:874,0
DA:876,0
DA:879,0
DA:883,0
DA:893,1
DA:894,0
DA:896,0
DA:899,0
DA:900,0
DA:901,0
DA:903,0
DA:906,0
DA:909,0
DA:910,0
DA:912,0
DA:914,0
DA:915,0
DA:916,0
DA:917,0
DA:929,1
DA:930,0
DA:932,0
DA:938,1
DA:939,0
DA:940,0
DA:950,1
DA:955,1
DA:967,1
DA:968,0
DA:970,0
DA:971,0
DA:972,0
DA:975,0
DA:986,1
DA:987,0
DA:988,0
DA:989,0
DA:990,0
DA:992,0
DA:1003,1
DA:1004,0
DA:1005,0
DA:1006,0
DA:1011,0
DA:1012,0
DA:1018,1
DA:1019,0
DA:1026,1
DA:1027,0
DA:1034,1
DA:1035,0
DA:1042,1
DA:1043,0
DA:1050,1
DA:1051,0
DA:1053,0
DA:1059,1
DA:1060,0
DA:1062,0
DA:1068,1
DA:1069,0
DA:1070,0
DA:1071,0
DA:1074,0
DA:1081,1
DA:1082,0
DA:1083,0
DA:1086,0
DA:1092,1
DA:1093,0
DA:1100,1
DA:1101,0
DA:1107,1
DA:1112,1
DA:1113,0
DA:1119,1
DA:1120,0
DA:1124,1
DA:1125,1
DA:1126,1
DA:1144,1
DA:1145,0
DA:1150,0
DA:1151,0
DA:1152,0
DA:1153,0
DA:1155,0
DA:1156,0
DA:1161,0
DA:1163,0
DA:1165,0
DA:1167,0
DA:1169,0
DA:1173,0
DA:1174,0
DA:1175,0
DA:1176,0
DA:1178,0
DA:1180,0
DA:1183,0
DA:1190,1
DA:1191,0
DA:1192,0
DA:1195,1
DA:1196,0
DA:1208,1
DA:1209,0
DA:1210,0
DA:1211,0
DA:1213,0
DA:1214,0
DA:1216,0
DA:1218,0
DA:1219,0
DA:1222,0
DA:1226,0
DA:1232,1
DA:1233,0
DA:1234,0
DA:1235,0
DA:1236,0
DA:1238,0
DA:1239,0
DA:1242,0
DA:1246,0
DA:1247,0
DA:1253,0
LF:395
LH:82
BRDA:81,0,0,1
BRDA:81,0,1,1
BRDA:88,1,0,0
BRDA:157,2,0,0
BRDA:173,3,0,0
BRDA:173,3,1,0
BRDA:200,4,0,0
BRDA:202,5,0,0
BRDA:202,5,1,0
BRDA:216,6,0,0
BRDA:216,6,1,0
BRDA:320,7,0,0
BRDA:320,7,1,0
BRDA:339,8,0,0
BRDA:339,8,1,0
BRDA:353,9,0,0
BRDA:353,9,1,0
BRDA:353,9,2,0
BRDA:355,10,0,0
BRDA:355,10,1,0
BRDA:380,11,0,0
BRDA:380,11,1,0
BRDA:477,12,0,0
BRDA:477,12,1,0
BRDA:580,13,0,0
BRDA:580,13,1,0
BRDA:602,14,0,0
BRDA:602,14,1,0
BRDA:649,15,0,0
BRDA:651,16,0,0
BRDA:651,16,1,0
BRDA:663,17,0,0
BRDA:663,17,1,0
BRDA:685,18,0,0
BRDA:685,18,1,0
BRDA:713,19,0,0
BRDA:713,19,1,0
BRDA:713,20,0,0
BRDA:713,20,1,0
BRDA:714,21,0,0
BRDA:714,21,1,0
BRDA:714,21,2,0
BRDA:717,22,0,0
BRDA:717,22,1,0
BRDA:719,23,0,0
BRDA:719,23,1,0
BRDA:720,24,0,0
BRDA:720,24,1,0
BRDA:721,25,0,0
BRDA:721,25,1,0
BRDA:726,26,0,0
BRDA:726,26,1,0
BRDA:754,27,0,0
BRDA:754,27,1,0
BRDA:757,28,0,0
BRDA:757,28,1,0
BRDA:758,29,0,0
BRDA:758,29,1,0
BRDA:758,29,2,0
BRDA:761,30,0,0
BRDA:761,30,1,0
BRDA:762,31,0,0
BRDA:762,31,1,0
BRDA:763,32,0,0
BRDA:763,32,1,0
BRDA:764,33,0,0
BRDA:764,33,1,0
BRDA:770,34,0,0
BRDA:770,34,1,0
BRDA:803,35,0,0
BRDA:803,35,1,0
BRDA:808,36,0,0
BRDA:808,36,1,0
BRDA:813,37,0,0
BRDA:813,37,1,0
BRDA:825,38,0,0
BRDA:825,38,1,0
BRDA:838,39,0,0
BRDA:838,39,1,0
BRDA:840,40,0,0
BRDA:840,40,1,0
BRDA:859,41,0,0
BRDA:859,41,1,0
BRDA:873,42,0,0
BRDA:873,42,1,0
BRDA:900,43,0,0
BRDA:900,43,1,0
BRDA:912,44,0,0
BRDA:912,44,1,0
BRDA:939,45,0,0
BRDA:939,45,1,0
BRDA:950,46,0,0
BRDA:950,46,1,0
BRDA:955,47,0,0
BRDA:955,47,1,0
BRDA:955,48,0,0
BRDA:955,48,1,0
BRDA:971,49,0,0
BRDA:971,49,1,0
BRDA:989,50,0,0
BRDA:989,50,1,0
BRDA:1019,51,0,0
BRDA:1019,51,1,0
BRDA:1027,52,0,0
BRDA:1027,52,1,0
BRDA:1034,53,0,0
BRDA:1034,53,1,0
BRDA:1035,54,0,0
BRDA:1035,54,1,0
BRDA:1043,55,0,0
BRDA:1043,55,1,0
BRDA:1053,56,0,0
BRDA:1053,56,1,0
BRDA:1062,57,0,0
BRDA:1062,57,1,0
BRDA:1062,58,0,0
BRDA:1062,58,1,0
BRDA:1070,59,0,0
BRDA:1070,59,1,0
BRDA:1070,60,0,0
BRDA:1070,60,1,0
BRDA:1086,61,0,0
BRDA:1086,61,1,0
BRDA:1093,62,0,0
BRDA:1093,62,1,0
BRDA:1100,63,0,0
BRDA:1100,63,1,0
BRDA:1101,64,0,0
BRDA:1101,64,1,0
BRDA:1101,64,2,0
BRDA:1101,64,3,0
BRDA:1107,65,0,0
BRDA:1107,65,1,0
BRDA:1107,65,2,0
BRDA:1107,65,3,0
BRDA:1107,65,4,0
BRDA:1120,66,0,0
BRDA:1120,66,1,0
BRDA:1155,67,0,0
BRDA:1155,67,1,0
BRDA:1173,68,0,0
BRDA:1173,68,1,0
BRDA:1175,69,0,0
BRDA:1175,69,1,0
BRDA:1175,70,0,0
BRDA:1175,70,1,0
BRDA:1183,71,0,0
BRDA:1183,71,1,0
BRDA:1190,72,0,0
BRDA:1200,73,0,0
BRDA:1200,73,1,0
BRDA:1209,74,0,0
BRDA:1209,74,1,0
BRDA:1213,75,0,0
BRDA:1213,75,1,0
BRDA:1218,76,0,0
BRDA:1218,76,1,0
BRDA:1218,77,0,0
BRDA:1218,77,1,0
BRDA:1232,78,0,0
BRDA:1232,79,0,0
BRDA:1233,80,0,0
BRDA:1235,81,0,0
BRDA:1235,81,1,0
BRDA:1235,82,0,0
BRDA:1235,82,1,0
BRF:166
BRH:2
end_of_record
TN:
SF:lib/network.ts
FN:9,(anonymous_0)
FN:23,(anonymous_1)
FN:40,(anonymous_2)
FN:52,(anonymous_3)
FN:61,(anonymous_4)
FNF:5
FNH:1
FNDA:2,(anonymous_0)
FNDA:0,(anonymous_1)
FNDA:0,(anonymous_2)
FNDA:0,(anonymous_3)
FNDA:0,(anonymous_4)
DA:2,1
DA:4,1
DA:6,1
DA:9,2
DA:23,1
DA:25,0
DA:26,0
DA:30,0
DA:31,0
DA:34,0
DA:35,0
DA:36,0
DA:40,0
DA:41,0
DA:44,0
DA:52,1
DA:53,0
DA:61,1
DA:62,0
LF:19
LH:7
BRDA:25,0,0,0
BRDA:25,0,1,0
BRDA:30,1,0,0
BRDA:30,1,1,0
BRDA:35,2,0,0
BRDA:35,2,1,0
BRDA:40,3,0,0
BRDA:40,3,1,0
BRDA:40,4,0,0
BRDA:40,4,1,0
BRDA:40,5,0,0
BRDA:40,5,1,0
BRF:12
BRH:0
end_of_record
TN:
SF:lib/notifications.ts
FN:13,isNewNotification
FN:14,(anonymous_1)
FN:17,showSystemNotification
FN:21,showAppNotification
FN:25,showNotification
FN:41,(anonymous_5)
FN:45,(anonymous_6)
FN:52,(anonymous_7)
FN:58,removeDisplayNotification
FN:59,(anonymous_9)
FN:60,(anonymous_10)
FN:68,updateDisplayNotificationProgress
FN:69,(anonymous_12)
FN:70,(anonymous_13)
FN:78,updateDisplayNotification
FN:79,(anonymous_15)
FN:80,(anonymous_16)
FN:89,(anonymous_17)
FNF:18
FNH:0
FNDA:0,isNewNotification
FNDA:0,(anonymous_1)
FNDA:0,showSystemNotification
FNDA:0,showAppNotification
FNDA:0,showNotification
FNDA:0,(anonymous_5)
FNDA:0,(anonymous_6)
FNDA:0,(anonymous_7)
FNDA:0,removeDisplayNotification
FNDA:0,(anonymous_9)
FNDA:0,(anonymous_10)
FNDA:0,updateDisplayNotificationProgress
FNDA:0,(anonymous_12)
FNDA:0,(anonymous_13)
FNDA:0,updateDisplayNotification
FNDA:0,(anonymous_15)
FNDA:0,(anonymous_16)
FNDA:0,(anonymous_17)
DA:1,1
DA:2,1
DA:3,1
DA:4,1
DA:8,1
DA:9,1
DA:11,1
DA:13,1
DA:14,0
DA:17,1
DA:18,0
DA:21,1
DA:22,0
DA:25,1
DA:26,0
DA:27,0
DA:28,0
DA:29,0
DA:30,0
DA:31,0
DA:34,0
DA:37,0
DA:39,0
DA:40,0
DA:41,0
DA:45,0
DA:46,0
DA:47,0
DA:51,0
DA:52,0
DA:55,0
DA:58,1
DA:59,0
DA:60,0
DA:61,0
DA:62,0
DA:64,0
DA:68,1
DA:69,0
DA:70,0
DA:71,0
DA:72,0
DA:74,0
DA:78,1
DA:79,0
DA:80,0
DA:81,0
DA:82,0
DA:83,0
DA:84,0
DA:85,0
DA:86,0
DA:88,0
DA:89,0
DA:92,0
LF:55
LH:14
BRDA:28,0,0,0
BRDA:28,0,1,0
BRDA:28,1,0,0
BRDA:28,1,1,0
BRDA:29,2,0,0
BRDA:29,2,1,0
BRDA:29,3,0,0
BRDA:29,3,1,0
BRDA:30,4,0,0
BRDA:30,4,1,0
BRDA:34,5,0,0
BRDA:34,5,1,0
BRDA:34,6,0,0
BRDA:34,6,1,0
BRDA:34,6,2,0
BRDA:40,7,0,0
BRDA:40,7,1,0
BRDA:51,8,0,0
BRDA:51,8,1,0
BRDA:61,9,0,0
BRDA:61,9,1,0
BRDA:71,10,0,0
BRDA:71,10,1,0
BRDA:81,11,0,0
BRDA:81,11,1,0
BRDA:86,12,0,0
BRDA:86,12,1,0
BRDA:86,13,0,0
BRDA:86,13,1,0
BRDA:88,14,0,0
BRDA:88,14,1,0
BRF:31
BRH:0
end_of_record
TN:
SF:lib/popup.ts
FN:25,(anonymous_0)
FN:29,(anonymous_1)
FN:33,(anonymous_2)
FNF:3
FNH:0
FNDA:0,(anonymous_0)
FNDA:0,(anonymous_1)
FNDA:0,(anonymous_2)
DA:1,1
DA:2,1
DA:3,1
DA:15,1
DA:25,1
DA:26,0
DA:29,1
DA:30,0
DA:33,1
DA:41,0
DA:42,0
DA:48,0
LF:12
LH:7
BRDA:25,0,0,0
BRDA:25,1,0,0
BRDA:25,2,0,0
BRDA:25,3,0,0
BRDA:25,4,0,0
BRDA:29,5,0,0
BRDA:33,6,0,0
BRDA:41,7,0,0
BRDA:41,7,1,0
BRDA:41,8,0,0
BRDA:41,8,1,0
BRF:11
BRH:0
end_of_record
TN:
SF:lib/profile.ts
FN:64,(anonymous_0)
FN:73,(anonymous_1)
FN:99,(anonymous_2)
FN:101,(anonymous_3)
FN:106,(anonymous_4)
FN:110,(anonymous_5)
FN:114,(anonymous_6)
FN:127,(anonymous_7)
FN:128,(anonymous_8)
FN:142,(anonymous_9)
FN:176,(anonymous_10)
FN:199,(anonymous_11)
FN:210,(anonymous_12)
FN:223,(anonymous_13)
FN:224,(anonymous_14)
FN:225,(anonymous_15)
FN:238,(anonymous_16)
FN:240,(anonymous_17)
FN:243,(anonymous_18)
FN:255,(anonymous_19)
FN:257,(anonymous_20)
FN:258,(anonymous_21)
FN:276,(anonymous_22)
FN:279,(anonymous_23)
FN:291,(anonymous_24)
FN:308,(anonymous_25)
FN:314,(anonymous_26)
FN:315,(anonymous_27)
FN:318,(anonymous_28)
FN:338,(anonymous_29)
FN:352,(anonymous_30)
FN:379,(anonymous_31)
FNF:32
FNH:3
FNDA:1,(anonymous_0)
FNDA:1,(anonymous_1)
FNDA:0,(anonymous_2)
FNDA:0,(anonymous_3)
FNDA:1,(anonymous_4)
FNDA:0,(anonymous_5)
FNDA:0,(anonymous_6)
FNDA:0,(anonymous_7)
FNDA:0,(anonymous_8)
FNDA:0,(anonymous_9)
FNDA:0,(anonymous_10)
FNDA:0,(anonymous_11)
FNDA:0,(anonymous_12)
FNDA:0,(anonymous_13)
FNDA:0,(anonymous_14)
FNDA:0,(anonymous_15)
FNDA:0,(anonymous_16)
FNDA:0,(anonymous_17)
FNDA:0,(anonymous_18)
FNDA:0,(anonymous_19)
FNDA:0,(anonymous_20)
FNDA:0,(anonymous_21)
FNDA:0,(anonymous_22)
FNDA:0,(anonymous_23)
FNDA:0,(anonymous_24)
FNDA:0,(anonymous_25)
FNDA:0,(anonymous_26)
FNDA:0,(anonymous_27)
FNDA:0,(anonymous_28)
FNDA:0,(anonymous_29)
FNDA:0,(anonymous_30)
FNDA:0,(anonymous_31)
DA:1,1
DA:2,1
DA:3,1
DA:4,1
DA:6,1
DA:7,1
DA:9,1
DA:10,1
DA:64,1
DA:65,1
DA:66,1
DA:67,1
DA:73,1
DA:74,1
DA:75,1
DA:76,1
DA:77,1
DA:78,1
DA:79,1
DA:80,1
DA:81,1
DA:84,1
DA:86,1
DA:88,1
DA:90,1
DA:92,1
DA:97,1
DA:100,0
DA:102,0
DA:106,1
DA:107,1
DA:110,1
DA:111,0
DA:114,1
DA:115,0
DA:127,1
DA:128,0
DA:129,0
DA:132,0
DA:142,1
DA:143,0
DA:163,0
DA:164,0
DA:166,0
DA:176,1
DA:177,0
DA:178,0
DA:179,0
DA:180,0
DA:182,0
DA:184,0
DA:186,0
DA:187,0
DA:199,1
DA:200,0
DA:210,1
DA:211,0
DA:223,1
DA:224,0
DA:225,0
DA:238,1
DA:240,0
DA:241,0
DA:243,0
DA:244,0
DA:245,0
DA:246,0
DA:248,0
DA:251,0
DA:254,0
DA:255,0
DA:257,0
DA:258,0
DA:259,0
DA:260,0
DA:263,0
DA:276,1
DA:277,0
DA:278,0
DA:279,0
DA:280,0
DA:291,1
DA:292,0
DA:293,0
DA:294,0
DA:295,0
DA:297,0
DA:308,1
DA:309,0
DA:310,0
DA:311,0
DA:312,0
DA:314,0
DA:315,0
DA:318,0
DA:319,0
DA:320,0
DA:321,0
DA:325,0
DA:338,1
DA:339,0
DA:340,0
DA:352,1
DA:353,0
DA:354,0
DA:355,0
DA:357,0
DA:358,0
DA:360,0
DA:361,0
DA:363,0
DA:364,0
DA:367,0
DA:368,0
DA:379,1
DA:380,0
LF:116
LH:44
BRDA:64,0,0,1
BRDA:64,0,1,1
BRDA:73,1,0,1
BRDA:73,1,1,1
BRDA:100,2,0,0
BRDA:100,2,1,0
BRDA:107,3,0,1
BRDA:107,3,1,0
BRDA:107,4,0,1
BRDA:107,4,1,1
BRDA:111,5,0,0
BRDA:111,5,1,0
BRDA:111,6,0,0
BRDA:111,6,1,0
BRDA:115,7,0,0
BRDA:115,7,1,0
BRDA:115,8,0,0
BRDA:115,8,1,0
BRDA:115,9,0,0
BRDA:115,9,1,0
BRDA:115,10,0,0
BRDA:115,10,1,0
BRDA:115,11,0,0
BRDA:115,11,1,0
BRDA:178,12,0,0
BRDA:178,12,1,0
BRDA:244,13,0,0
BRDA:244,13,1,0
BRDA:254,14,0,0
BRDA:254,14,1,0
BRDA:259,15,0,0
BRDA:259,15,1,0
BRDA:259,16,0,0
BRDA:259,16,1,0
BRDA:259,17,0,0
BRDA:259,17,1,0
BRDA:278,18,0,0
BRDA:278,18,1,0
BRDA:320,19,0,0
BRDA:320,19,1,0
BRDA:339,20,0,0
BRDA:339,20,1,0
BRDA:340,21,0,0
BRDA:340,21,1,0
BRDA:352,22,0,0
BRDA:354,23,0,0
BRDA:354,23,1,0
BRDA:356,24,0,0
BRDA:356,24,1,0
BRDA:356,24,2,0
BRDA:355,25,0,0
BRDA:355,25,1,0
BRDA:355,26,0,0
BRDA:355,26,1,0
BRDA:355,27,0,0
BRDA:355,27,1,0
BRDA:355,28,0,0
BRDA:355,28,1,0
BRDA:367,29,0,0
BRDA:367,29,1,0
BRF:60
BRH:7
end_of_record
TN:
SF:lib/router.ts
FN:17,(anonymous_0)
FN:24,(anonymous_1)
FN:25,(anonymous_2)
FN:33,(anonymous_3)
FN:91,(anonymous_4)
FN:103,(anonymous_5)
FN:242,(anonymous_6)
FN:247,(anonymous_7)
FN:248,(anonymous_8)
FN:255,(anonymous_9)
FN:258,(anonymous_10)
FN:268,(anonymous_11)
FN:284,(anonymous_12)
FN:291,(anonymous_13)
FNF:14
FNH:0
FNDA:0,(anonymous_0)
FNDA:0,(anonymous_1)
FNDA:0,(anonymous_2)
FNDA:0,(anonymous_3)
FNDA:0,(anonymous_4)
FNDA:0,(anonymous_5)
FNDA:0,(anonymous_6)
FNDA:0,(anonymous_7)
FNDA:0,(anonymous_8)
FNDA:0,(anonymous_9)
FNDA:0,(anonymous_10)
FNDA:0,(anonymous_11)
FNDA:0,(anonymous_12)
FNDA:0,(anonymous_13)
DA:1,1
DA:2,1
DA:3,1
DA:4,1
DA:5,1
DA:6,1
DA:17,1
DA:18,0
DA:24,1
DA:25,0
DA:26,0
DA:27,0
DA:30,0
DA:31,0
DA:33,0
DA:34,0
DA:41,1
DA:46,1
DA:51,1
DA:56,1
DA:61,1
DA:66,1
DA:71,1
DA:76,1
DA:81,1
DA:86,1
DA:91,1
DA:92,0
DA:94,0
DA:95,0
DA:97,0
DA:103,1
DA:104,0
DA:105,0
DA:108,0
DA:110,0
DA:112,0
DA:113,0
DA:115,0
DA:116,0
DA:118,0
DA:120,0
DA:122,0
DA:123,0
DA:125,0
DA:127,0
DA:128,0
DA:130,0
DA:131,0
DA:133,0
DA:134,0
DA:136,0
DA:137,0
DA:139,0
DA:140,0
DA:141,0
DA:142,0
DA:143,0
DA:144,0
DA:145,0
DA:148,0
DA:150,0
DA:151,0
DA:152,0
DA:153,0
DA:154,0
DA:156,0
DA:158,0
DA:159,0
DA:161,0
DA:162,0
DA:163,0
DA:164,0
DA:166,0
DA:168,0
DA:169,0
DA:170,0
DA:171,0
DA:172,0
DA:173,0
DA:176,0
DA:177,0
DA:178,0
DA:180,0
DA:183,0
DA:185,0
DA:186,0
DA:188,0
DA:190,0
DA:192,0
DA:193,0
DA:194,0
DA:195,0
DA:196,0
DA:197,0
DA:198,0
DA:199,0
DA:200,0
DA:202,0
DA:204,0
DA:205,0
DA:207,0
DA:209,0
DA:211,0
DA:212,0
DA:214,0
DA:215,0
DA:217,0
DA:219,0
DA:221,0
DA:222,0
DA:224,0
DA:226,0
DA:230,0
DA:231,0
DA:232,0
DA:234,0
DA:242,1
DA:243,0
DA:244,0
DA:247,1
DA:248,0
DA:249,0
DA:250,0
DA:255,1
DA:258,0
DA:259,0
DA:260,0
DA:263,0
DA:264,0
DA:268,1
DA:269,0
DA:270,0
DA:271,0
DA:272,0
DA:274,0
DA:277,0
DA:278,0
DA:279,0
DA:280,0
DA:281,0
DA:284,1
DA:285,0
DA:286,0
DA:287,0
DA:288,0
DA:291,1
DA:292,0
DA:293,0
LF:149
LH:26
BRDA:94,0,0,0
BRDA:94,0,1,0
BRDA:104,1,0,0
BRDA:104,1,1,0
BRDA:109,2,0,0
BRDA:109,2,1,0
BRDA:109,2,2,0
BRDA:109,2,3,0
BRDA:109,2,4,0
BRDA:109,2,5,0
BRDA:109,2,6,0
BRDA:109,2,7,0
BRDA:109,2,8,0
BRDA:109,2,9,0
BRDA:109,2,10,0
BRDA:109,2,11,0
BRDA:109,2,12,0
BRDA:109,2,13,0
BRDA:109,2,14,0
BRDA:109,2,15,0
BRDA:109,2,16,0
BRDA:112,3,0,0
BRDA:112,3,1,0
BRDA:122,4,0,0
BRDA:122,4,1,0
BRDA:140,5,0,0
BRDA:140,5,1,0
BRDA:142,6,0,0
BRDA:142,6,1,0
BRDA:144,7,0,0
BRDA:144,7,1,0
BRDA:150,8,0,0
BRDA:150,8,1,0
BRDA:150,9,0,0
BRDA:150,9,1,0
BRDA:151,10,0,0
BRDA:151,10,1,0
BRDA:153,11,0,0
BRDA:153,11,1,0
BRDA:153,12,0,0
BRDA:153,12,1,0
BRDA:162,13,0,0
BRDA:162,13,1,0
BRDA:169,14,0,0
BRDA:169,14,1,0
BRDA:172,15,0,0
BRDA:172,15,1,0
BRDA:172,16,0,0
BRDA:172,16,1,0
BRDA:173,17,0,0
BRDA:173,17,1,0
BRDA:177,18,0,0
BRDA:177,18,1,0
BRDA:185,19,0,0
BRDA:185,19,1,0
BRDA:185,20,0,0
BRDA:185,20,1,0
BRDA:195,21,0,0
BRDA:195,21,1,0
BRDA:197,22,0,0
BRDA:197,22,1,0
BRDA:199,23,0,0
BRDA:199,23,1,0
BRDA:199,24,0,0
BRDA:199,24,1,0
BRDA:204,25,0,0
BRDA:204,25,1,0
BRDA:214,26,0,0
BRDA:214,26,1,0
BRDA:230,27,0,0
BRDA:230,27,1,0
BRDA:263,28,0,0
BRDA:263,28,1,0
BRDA:271,29,0,0
BRDA:271,29,1,0
BRF:75
BRH:0
end_of_record
TN:
SF:lib/units.ts
FN:32,(anonymous_1)
FN:44,formatUnitPrecision
FN:74,(anonymous_3)
FN:105,(anonymous_4)
FNF:4
FNH:0
FNDA:0,(anonymous_1)
FNDA:0,formatUnitPrecision
FNDA:0,(anonymous_3)
FNDA:0,(anonymous_4)
DA:1,1
DA:2,1
DA:3,1
DA:6,1
DA:11,1
DA:32,1
DA:33,0
DA:44,1
DA:48,0
DA:50,0
DA:51,0
DA:54,0
DA:56,0
DA:58,0
DA:59,0
DA:61,0
DA:74,1
DA:75,0
DA:77,0
DA:78,0
DA:81,0
DA:83,0
DA:84,0
DA:85,0
DA:86,0
DA:87,0
DA:88,0
DA:89,0
DA:90,0
DA:91,0
DA:92,0
DA:95,0
DA:105,1
DA:106,0
DA:107,0
DA:110,0
DA:111,0
DA:114,0
DA:116,0
LF:39
LH:9
BRDA:32,0,0,0
BRDA:44,1,0,0
BRDA:44,2,0,0
BRDA:50,3,0,0
BRDA:50,3,1,0
BRDA:51,4,0,0
BRDA:51,4,1,0
BRDA:51,5,0,0
BRDA:51,5,1,0
BRDA:56,6,0,0
BRDA:56,6,1,0
BRDA:56,7,0,0
BRDA:56,7,1,0
BRDA:56,8,0,0
BRDA:56,8,1,0
BRDA:56,9,0,0
BRDA:56,9,1,0
BRDA:56,10,0,0
BRDA:56,10,1,0
BRDA:58,11,0,0
BRDA:58,11,1,0
BRDA:59,12,0,0
BRDA:59,12,1,0
BRDA:77,13,0,0
BRDA:77,13,1,0
BRDA:77,14,0,0
BRDA:77,14,1,0
BRDA:83,15,0,0
BRDA:83,15,1,0
BRDA:85,16,0,0
BRDA:85,16,1,0
BRDA:87,17,0,0
BRDA:87,17,1,0
BRDA:89,18,0,0
BRDA:89,18,1,0
BRDA:91,19,0,0
BRDA:91,19,1,0
BRDA:106,20,0,0
BRDA:106,20,1,0
BRDA:110,21,0,0
BRDA:110,21,1,0
BRDA:116,22,0,0
BRDA:116,22,1,0
BRF:43
BRH:0
end_of_record
TN:
SF:lib/utils.ts
FN:12,bindEvents
FN:13,(anonymous_2)
FN:20,(anonymous_3)
FN:21,(anonymous_4)
FN:33,(anonymous_5)
FN:43,(anonymous_6)
FN:44,(anonymous_7)
FN:54,(anonymous_8)
FN:71,(anonymous_9)
FN:130,(anonymous_10)
FN:145,(anonymous_11)
FN:158,(anonymous_12)
FN:187,debounce
FN:189,(anonymous_14)
FN:192,(anonymous_15)
FN:199,(anonymous_16)
FN:229,(anonymous_17)
FN:238,(anonymous_18)
FN:240,(anonymous_19)
FN:241,(anonymous_20)
FN:244,(anonymous_21)
FNF:21
FNH:0
FNDA:0,bindEvents
FNDA:0,(anonymous_2)
FNDA:0,(anonymous_3)
FNDA:0,(anonymous_4)
FNDA:0,(anonymous_5)
FNDA:0,(anonymous_6)
FNDA:0,(anonymous_7)
FNDA:0,(anonymous_8)
FNDA:0,(anonymous_9)
FNDA:0,(anonymous_10)
FNDA:0,(anonymous_11)
FNDA:0,(anonymous_12)
FNDA:0,debounce
FNDA:0,(anonymous_14)
FNDA:0,(anonymous_15)
FNDA:0,(anonymous_16)
FNDA:0,(anonymous_17)
FNDA:0,(anonymous_18)
FNDA:0,(anonymous_19)
FNDA:0,(anonymous_20)
FNDA:0,(anonymous_21)
DA:1,1
DA:2,1
DA:3,1
DA:4,1
DA:5,1
DA:7,1
DA:8,1
DA:9,1
DA:10,1
DA:12,1
DA:13,0
DA:14,0
DA:16,0
DA:19,0
DA:21,0
DA:22,0
DA:33,1
DA:34,0
DA:35,0
DA:43,1
DA:44,0
DA:45,0
DA:54,1
DA:55,0
DA:56,0
DA:57,0
DA:60,0
DA:71,1
DA:72,0
DA:78,0
DA:79,0
DA:82,0
DA:83,0
DA:84,0
DA:87,0
DA:88,0
DA:94,0
DA:95,0
DA:96,0
DA:97,0
DA:98,0
DA:100,0
DA:103,0
DA:104,0
DA:106,0
DA:109,0
DA:110,0
DA:113,0
DA:114,0
DA:117,0
DA:120,0
DA:130,1
DA:131,0
DA:132,0
DA:134,0
DA:145,1
DA:146,0
DA:147,0
DA:149,0
DA:158,1
DA:159,0
DA:160,0
DA:166,0
DA:167,0
DA:170,0
DA:171,0
DA:172,0
DA:173,0
DA:177,0
DA:178,0
DA:187,1
DA:189,0
DA:190,0
DA:191,0
DA:192,0
DA:199,1
DA:200,0
DA:201,0
DA:202,0
DA:203,0
DA:205,0
DA:206,0
DA:207,0
DA:208,0
DA:209,0
DA:210,0
DA:211,0
DA:213,0
DA:216,0
DA:217,0
DA:219,0
DA:220,0
DA:222,0
DA:224,0
DA:225,0
DA:229,1
DA:232,0
DA:233,0
DA:234,0
DA:235,0
DA:238,1
DA:239,0
DA:240,0
DA:242,0
DA:245,0
LF:105
LH:21
BRDA:56,0,0,0
BRDA:56,0,1,0
BRDA:62,1,0,0
BRDA:62,1,1,0
BRDA:63,2,0,0
BRDA:63,2,1,0
BRDA:78,3,0,0
BRDA:78,3,1,0
BRDA:78,4,0,0
BRDA:78,4,1,0
BRDA:82,5,0,0
BRDA:82,5,1,0
BRDA:82,6,0,0
BRDA:82,6,1,0
BRDA:94,7,0,0
BRDA:94,7,1,0
BRDA:103,8,0,0
BRDA:103,8,1,0
BRDA:103,9,0,0
BRDA:103,9,1,0
BRDA:109,10,0,0
BRDA:109,10,1,0
BRDA:109,11,0,0
BRDA:109,11,1,0
BRDA:113,12,0,0
BRDA:113,12,1,0
BRDA:113,13,0,0
BRDA:113,13,1,0
BRDA:131,14,0,0
BRDA:131,14,1,0
BRDA:146,15,0,0
BRDA:146,15,1,0
BRDA:159,16,0,0
BRDA:159,16,1,0
BRDA:159,17,0,0
BRDA:159,17,1,0
BRDA:166,18,0,0
BRDA:166,18,1,0
BRDA:173,19,0,0
BRDA:173,19,1,0
BRDA:177,20,0,0
BRDA:177,20,1,0
BRDA:187,21,0,0
BRDA:205,22,0,0
BRDA:205,22,1,0
BRF:45
BRH:0
end_of_record
TN:
SF:lib/validator.ts
FN:26,(anonymous_0)
FN:55,(anonymous_1)
FN:71,(anonymous_2)
FN:88,(anonymous_3)
FN:104,(anonymous_4)
FN:120,(anonymous_5)
FN:154,(anonymous_6)
FN:174,(anonymous_7)
FN:188,(anonymous_8)
FN:215,(anonymous_9)
FN:253,(anonymous_10)
FN:290,(anonymous_11)
FN:337,(anonymous_12)
FN:384,(anonymous_13)
FN:411,(anonymous_14)
FN:435,(anonymous_15)
FN:477,(anonymous_16)
FN:504,(anonymous_17)
FN:531,(anonymous_18)
FN:558,(anonymous_19)
FN:586,(anonymous_20)
FN:597,(anonymous_21)
FN:602,(anonymous_22)
FN:624,(anonymous_23)
FN:648,(anonymous_24)
FN:745,(anonymous_25)
FN:764,(anonymous_26)
FN:773,(anonymous_27)
FN:851,(anonymous_28)
FN:862,(anonymous_29)
FN:875,(anonymous_30)
FNF:31
FNH:1
FNDA:1,(anonymous_0)
FNDA:0,(anonymous_1)
FNDA:0,(anonymous_2)
FNDA:0,(anonymous_3)
FNDA:0,(anonymous_4)
FNDA:0,(anonymous_5)
FNDA:0,(anonymous_6)
FNDA:0,(anonymous_7)
FNDA:0,(anonymous_8)
FNDA:0,(anonymous_9)
FNDA:0,(anonymous_10)
FNDA:0,(anonymous_11)
FNDA:0,(anonymous_12)
FNDA:0,(anonymous_13)
FNDA:0,(anonymous_14)
FNDA:0,(anonymous_15)
FNDA:0,(anonymous_16)
FNDA:0,(anonymous_17)
FNDA:0,(anonymous_18)
FNDA:0,(anonymous_19)
FNDA:0,(anonymous_20)
FNDA:0,(anonymous_21)
FNDA:0,(anonymous_22)
FNDA:0,(anonymous_23)
FNDA:0,(anonymous_24)
FNDA:0,(anonymous_25)
FNDA:0,(anonymous_26)
FNDA:0,(anonymous_27)
FNDA:0,(anonymous_28)
FNDA:0,(anonymous_29)
FNDA:0,(anonymous_30)
DA:6,1
DA:26,1
DA:27,1
DA:28,1
DA:29,1
DA:56,0
DA:72,0
DA:73,0
DA:76,0
DA:89,0
DA:105,0
DA:107,0
DA:108,0
DA:121,0
DA:123,0
DA:124,0
DA:130,0
DA:131,0
DA:137,0
DA:155,0
DA:157,0
DA:158,0
DA:164,0
DA:175,0
DA:176,0
DA:189,0
DA:191,0
DA:192,0
DA:198,0
DA:216,0
DA:218,0
DA:219,0
DA:225,0
DA:226,0
DA:231,0
DA:232,0
DA:236,0
DA:254,0
DA:256,0
DA:257,0
DA:263,0
DA:264,0
DA:268,0
DA:269,0
DA:273,0
DA:291,0
DA:293,0
DA:294,0
DA:298,0
DA:299,0
DA:303,0
DA:304,0
DA:308,0
DA:309,0
DA:313,0
DA:314,0
DA:320,0
DA:338,0
DA:340,0
DA:341,0
DA:345,0
DA:346,0
DA:350,0
DA:351,0
DA:355,0
DA:356,0
DA:360,0
DA:361,0
DA:367,0
DA:385,0
DA:389,0
DA:390,0
DA:394,0
DA:395,0
DA:399,0
DA:400,0
DA:404,0
DA:405,0
DA:411,0
DA:412,0
DA:418,0
DA:436,0
DA:438,0
DA:439,0
DA:443,0
DA:444,0
DA:448,0
DA:449,0
DA:453,0
DA:454,0
DA:460,0
DA:478,0
DA:480,0
DA:481,0
DA:487,0
DA:505,0
DA:507,0
DA:508,0
DA:514,0
DA:532,0
DA:534,0
DA:535,0
DA:541,0
DA:559,0
DA:561,0
DA:562,0
DA:568,0
DA:588,0
DA:590,0
DA:591,0
DA:597,0
DA:598,0
DA:600,0
DA:602,0
DA:603,0
DA:604,0
DA:607,0
DA:608,0
DA:612,0
DA:615,0
DA:617,0
DA:618,0
DA:624,0
DA:625,0
DA:631,0
DA:649,0
DA:651,0
DA:652,0
DA:656,0
DA:657,0
DA:661,0
DA:662,0
DA:666,0
DA:667,0
DA:671,0
DA:672,0
DA:676,0
DA:677,0
DA:681,0
DA:682,0
DA:686,0
DA:687,0
DA:691,0
DA:692,0
DA:696,0
DA:697,0
DA:701,0
DA:702,0
DA:706,0
DA:707,0
DA:711,0
DA:712,0
DA:716,0
DA:717,0
DA:721,0
DA:722,0
DA:728,0
DA:746,0
DA:747,0
DA:748,0
DA:750,0
DA:751,0
DA:754,0
DA:765,0
DA:769,1
DA:774,0
DA:776,0
DA:852,0
DA:863,0
DA:876,0
LF:170
LH:6
BRDA:26,0,0,1
BRDA:26,0,1,1
BRDA:72,1,0,0
BRDA:72,1,1,0
BRDA:121,2,0,0
BRDA:121,2,1,0
BRDA:121,3,0,0
BRDA:121,3,1,0
BRDA:123,4,0,0
BRDA:123,4,1,0
BRDA:130,5,0,0
BRDA:130,5,1,0
BRDA:157,6,0,0
BRDA:157,6,1,0
BRDA:191,7,0,0
BRDA:191,7,1,0
BRDA:191,8,0,0
BRDA:191,8,1,0
BRDA:218,9,0,0
BRDA:218,9,1,0
BRDA:231,10,0,0
BRDA:231,10,1,0
BRDA:256,11,0,0
BRDA:256,11,1,0
BRDA:268,12,0,0
BRDA:268,12,1,0
BRDA:293,13,0,0
BRDA:293,13,1,0
BRDA:298,14,0,0
BRDA:298,14,1,0
BRDA:303,15,0,0
BRDA:303,15,1,0
BRDA:308,16,0,0
BRDA:308,16,1,0
BRDA:313,17,0,0
BRDA:313,17,1,0
BRDA:340,18,0,0
BRDA:340,18,1,0
BRDA:345,19,0,0
BRDA:345,19,1,0
BRDA:350,20,0,0
BRDA:350,20,1,0
BRDA:355,21,0,0
BRDA:355,21,1,0
BRDA:360,22,0,0
BRDA:360,22,1,0
BRDA:389,23,0,0
BRDA:389,23,1,0
BRDA:394,24,0,0
BRDA:394,24,1,0
BRDA:399,25,0,0
BRDA:399,25,1,0
BRDA:404,26,0,0
BRDA:404,26,1,0
BRDA:411,27,0,0
BRDA:411,27,1,0
BRDA:438,28,0,0
BRDA:438,28,1,0
BRDA:443,29,0,0
BRDA:443,29,1,0
BRDA:448,30,0,0
BRDA:448,30,1,0
BRDA:453,31,0,0
BRDA:453,31,1,0
BRDA:480,32,0,0
BRDA:480,32,1,0
BRDA:507,33,0,0
BRDA:507,33,1,0
BRDA:507,34,0,0
BRDA:507,34,1,0
BRDA:534,35,0,0
BRDA:534,35,1,0
BRDA:534,36,0,0
BRDA:534,36,1,0
BRDA:561,37,0,0
BRDA:561,37,1,0
BRDA:588,38,0,0
BRDA:588,38,1,0
BRDA:588,38,2,0
BRDA:588,38,3,0
BRDA:590,39,0,0
BRDA:590,39,1,0
BRDA:597,40,0,0
BRDA:600,41,0,0
BRDA:600,41,1,0
BRDA:603,42,0,0
BRDA:603,42,1,0
BRDA:607,43,0,0
BRDA:607,43,1,0
BRDA:607,44,0,0
BRDA:607,44,1,0
BRDA:617,45,0,0
BRDA:617,45,1,0
BRDA:624,46,0,0
BRDA:624,46,1,0
BRDA:651,47,0,0
BRDA:651,47,1,0
BRDA:651,48,0,0
BRDA:651,48,1,0
BRDA:656,49,0,0
BRDA:656,49,1,0
BRDA:661,50,0,0
BRDA:661,50,1,0
BRDA:666,51,0,0
BRDA:666,51,1,0
BRDA:671,52,0,0
BRDA:671,52,1,0
BRDA:676,53,0,0
BRDA:676,53,1,0
BRDA:681,54,0,0
BRDA:681,54,1,0
BRDA:686,55,0,0
BRDA:686,55,1,0
BRDA:691,56,0,0
BRDA:691,56,1,0
BRDA:696,57,0,0
BRDA:696,57,1,0
BRDA:701,58,0,0
BRDA:701,58,1,0
BRDA:706,59,0,0
BRDA:706,59,1,0
BRDA:711,60,0,0
BRDA:711,60,1,0
BRDA:716,61,0,0
BRDA:716,61,1,0
BRDA:721,62,0,0
BRDA:721,62,1,0
BRDA:746,63,0,0
BRDA:746,63,1,0
BRF:129
BRH:2
end_of_record
TN:
SF:lib/wallet.ts
FN:146,(anonymous_0)
FN:296,(anonymous_1)
FN:300,(anonymous_2)
FN:304,(anonymous_3)
FN:322,(anonymous_4)
FN:336,(anonymous_5)
FN:351,(anonymous_6)
FN:352,(anonymous_7)
FN:354,(anonymous_8)
FN:357,(anonymous_9)
FN:363,(anonymous_10)
FN:378,(anonymous_11)
FN:379,(anonymous_12)
FN:381,(anonymous_13)
FN:384,(anonymous_14)
FN:391,(anonymous_15)
FN:392,(anonymous_16)
FN:394,(anonymous_17)
FN:397,(anonymous_18)
FN:404,(anonymous_19)
FN:405,(anonymous_20)
FN:407,(anonymous_21)
FN:410,(anonymous_22)
FN:417,(anonymous_23)
FN:418,(anonymous_24)
FN:420,(anonymous_25)
FN:423,(anonymous_26)
FN:430,(anonymous_27)
FN:431,(anonymous_28)
FN:433,(anonymous_29)
FN:436,(anonymous_30)
FN:443,(anonymous_31)
FN:444,(anonymous_32)
FN:446,(anonymous_33)
FN:449,(anonymous_34)
FN:456,(anonymous_35)
FN:457,(anonymous_36)
FN:459,(anonymous_37)
FN:462,(anonymous_38)
FN:469,(anonymous_39)
FN:470,(anonymous_40)
FN:472,(anonymous_41)
FN:475,(anonymous_42)
FN:482,(anonymous_43)
FN:483,(anonymous_44)
FN:497,(anonymous_45)
FN:500,(anonymous_46)
FN:508,(anonymous_47)
FN:509,(anonymous_48)
FN:511,(anonymous_49)
FN:514,(anonymous_50)
FN:521,(anonymous_51)
FN:522,(anonymous_52)
FN:526,(anonymous_53)
FN:529,(anonymous_54)
FN:539,(anonymous_55)
FN:561,(anonymous_56)
FN:562,(anonymous_57)
FN:564,(anonymous_58)
FN:567,(anonymous_59)
FN:581,(anonymous_60)
FN:586,(anonymous_61)
FN:589,(anonymous_62)
FN:598,(anonymous_63)
FN:600,(anonymous_64)
FN:637,(anonymous_65)
FN:646,(anonymous_66)
FN:662,(anonymous_67)
FN:663,(anonymous_68)
FN:664,(anonymous_69)
FN:669,(anonymous_70)
FN:696,(anonymous_71)
FN:737,(anonymous_72)
FN:746,(anonymous_73)
FN:767,(anonymous_74)
FN:776,(anonymous_75)
FN:780,(anonymous_76)
FN:789,(anonymous_77)
FN:799,(anonymous_78)
FN:808,(anonymous_79)
FN:819,(anonymous_80)
FN:825,(anonymous_81)
FN:828,(anonymous_82)
FN:829,(anonymous_83)
FN:831,(anonymous_84)
FN:853,(anonymous_85)
FN:861,(anonymous_86)
FN:862,(anonymous_87)
FN:877,(anonymous_88)
FN:891,(anonymous_89)
FN:892,(anonymous_90)
FN:894,(anonymous_91)
FN:900,(anonymous_92)
FN:923,(anonymous_93)
FN:928,(anonymous_94)
FN:929,(anonymous_95)
FN:931,(anonymous_96)
FN:952,(anonymous_97)
FN:957,(anonymous_98)
FN:958,(anonymous_99)
FN:961,(anonymous_100)
FN:985,(anonymous_101)
FN:990,(anonymous_102)
FN:1002,(anonymous_103)
FN:1020,(anonymous_104)
FN:1025,(anonymous_105)
FN:1026,(anonymous_106)
FN:1039,(anonymous_107)
FN:1059,(anonymous_108)
FN:1064,(anonymous_109)
FN:1088,(anonymous_110)
FN:1103,(anonymous_111)
FN:1106,(anonymous_112)
FN:1108,(anonymous_113)
FN:1118,(anonymous_114)
FN:1119,(anonymous_115)
FN:1127,(anonymous_116)
FN:1138,(anonymous_117)
FN:1160,(anonymous_118)
FN:1186,(anonymous_119)
FN:1187,(anonymous_120)
FN:1200,(anonymous_121)
FN:1200,(anonymous_122)
FN:1211,(anonymous_123)
FN:1216,(anonymous_124)
FN:1239,(anonymous_125)
FN:1242,(anonymous_126)
FN:1250,(anonymous_127)
FN:1251,(anonymous_128)
FN:1255,(anonymous_129)
FN:1268,(anonymous_130)
FN:1270,(anonymous_131)
FN:1274,(anonymous_132)
FN:1278,(anonymous_133)
FN:1312,(anonymous_134)
FN:1319,(anonymous_135)
FN:1320,(anonymous_136)
FN:1325,(anonymous_137)
FN:1334,(anonymous_138)
FN:1344,(anonymous_139)
FN:1346,(anonymous_140)
FN:1354,(anonymous_141)
FN:1359,(anonymous_142)
FN:1365,(anonymous_143)
FN:1396,(anonymous_144)
FN:1399,(anonymous_145)
FN:1401,(anonymous_146)
FN:1409,(anonymous_147)
FN:1411,(anonymous_148)
FN:1426,(anonymous_149)
FN:1429,(anonymous_150)
FN:1439,(anonymous_151)
FN:1469,(anonymous_152)
FN:1481,(anonymous_153)
FN:1495,(anonymous_154)
FN:1504,(anonymous_155)
FN:1505,(anonymous_156)
FN:1518,(anonymous_157)
FN:1522,(anonymous_158)
FN:1522,(anonymous_159)
FN:1529,(anonymous_160)
FN:1529,(anonymous_161)
FN:1534,(anonymous_162)
FN:1546,(anonymous_163)
FN:1550,(anonymous_164)
FN:1551,(anonymous_165)
FN:1566,(anonymous_166)
FN:1569,(anonymous_167)
FN:1570,(anonymous_168)
FN:1581,(anonymous_169)
FN:1606,(anonymous_170)
FN:1607,(anonymous_171)
FN:1609,(anonymous_172)
FN:1624,(anonymous_173)
FN:1632,(anonymous_174)
FN:1634,(anonymous_175)
FN:1643,(anonymous_176)
FN:1646,(anonymous_177)
FN:1655,(anonymous_178)
FN:1658,(anonymous_179)
FN:1668,(anonymous_180)
FN:1674,(anonymous_181)
FN:1675,(anonymous_182)
FN:1679,(anonymous_183)
FN:1680,(anonymous_184)
FN:1692,(anonymous_185)
FN:1704,(anonymous_186)
FN:1714,(anonymous_187)
FN:1727,(anonymous_188)
FN:1732,(anonymous_189)
FN:1732,(anonymous_190)
FN:1741,(anonymous_191)
FN:1747,(anonymous_192)
FN:1747,(anonymous_193)
FN:1752,(anonymous_194)
FN:1771,(anonymous_195)
FN:1781,(anonymous_196)
FN:1785,(anonymous_197)
FN:1805,(anonymous_198)
FNF:199
FNH:0
FNDA:0,(anonymous_0)
FNDA:0,(anonymous_1)
FNDA:0,(anonymous_2)
FNDA:0,(anonymous_3)
FNDA:0,(anonymous_4)
FNDA:0,(anonymous_5)
FNDA:0,(anonymous_6)
FNDA:0,(anonymous_7)
FNDA:0,(anonymous_8)
FNDA:0,(anonymous_9)
FNDA:0,(anonymous_10)
FNDA:0,(anonymous_11)
FNDA:0,(anonymous_12)
FNDA:0,(anonymous_13)
FNDA:0,(anonymous_14)
FNDA:0,(anonymous_15)
FNDA:0,(anonymous_16)
FNDA:0,(anonymous_17)
FNDA:0,(anonymous_18)
FNDA:0,(anonymous_19)
FNDA:0,(anonymous_20)
FNDA:0,(anonymous_21)
FNDA:0,(anonymous_22)
FNDA:0,(anonymous_23)
FNDA:0,(anonymous_24)
FNDA:0,(anonymous_25)
FNDA:0,(anonymous_26)
FNDA:0,(anonymous_27)
FNDA:0,(anonymous_28)
FNDA:0,(anonymous_29)
FNDA:0,(anonymous_30)
FNDA:0,(anonymous_31)
FNDA:0,(anonymous_32)
FNDA:0,(anonymous_33)
FNDA:0,(anonymous_34)
FNDA:0,(anonymous_35)
FNDA:0,(anonymous_36)
FNDA:0,(anonymous_37)
FNDA:0,(anonymous_38)
FNDA:0,(anonymous_39)
FNDA:0,(anonymous_40)
FNDA:0,(anonymous_41)
FNDA:0,(anonymous_42)
FNDA:0,(anonymous_43)
FNDA:0,(anonymous_44)
FNDA:0,(anonymous_45)
FNDA:0,(anonymous_46)
FNDA:0,(anonymous_47)
FNDA:0,(anonymous_48)
FNDA:0,(anonymous_49)
FNDA:0,(anonymous_50)
FNDA:0,(anonymous_51)
FNDA:0,(anonymous_52)
FNDA:0,(anonymous_53)
FNDA:0,(anonymous_54)
FNDA:0,(anonymous_55)
FNDA:0,(anonymous_56)
FNDA:0,(anonymous_57)
FNDA:0,(anonymous_58)
FNDA:0,(anonymous_59)
FNDA:0,(anonymous_60)
FNDA:0,(anonymous_61)
FNDA:0,(anonymous_62)
FNDA:0,(anonymous_63)
FNDA:0,(anonymous_64)
FNDA:0,(anonymous_65)
FNDA:0,(anonymous_66)
FNDA:0,(anonymous_67)
FNDA:0,(anonymous_68)
FNDA:0,(anonymous_69)
FNDA:0,(anonymous_70)
FNDA:0,(anonymous_71)
FNDA:0,(anonymous_72)
FNDA:0,(anonymous_73)
FNDA:0,(anonymous_74)
FNDA:0,(anonymous_75)
FNDA:0,(anonymous_76)
FNDA:0,(anonymous_77)
FNDA:0,(anonymous_78)
FNDA:0,(anonymous_79)
FNDA:0,(anonymous_80)
FNDA:0,(anonymous_81)
FNDA:0,(anonymous_82)
FNDA:0,(anonymous_83)
FNDA:0,(anonymous_84)
FNDA:0,(anonymous_85)
FNDA:0,(anonymous_86)
FNDA:0,(anonymous_87)
FNDA:0,(anonymous_88)
FNDA:0,(anonymous_89)
FNDA:0,(anonymous_90)
FNDA:0,(anonymous_91)
FNDA:0,(anonymous_92)
FNDA:0,(anonymous_93)
FNDA:0,(anonymous_94)
FNDA:0,(anonymous_95)
FNDA:0,(anonymous_96)
FNDA:0,(anonymous_97)
FNDA:0,(anonymous_98)
FNDA:0,(anonymous_99)
FNDA:0,(anonymous_100)
FNDA:0,(anonymous_101)
FNDA:0,(anonymous_102)
FNDA:0,(anonymous_103)
FNDA:0,(anonymous_104)
FNDA:0,(anonymous_105)
FNDA:0,(anonymous_106)
FNDA:0,(anonymous_107)
FNDA:0,(anonymous_108)
FNDA:0,(anonymous_109)
FNDA:0,(anonymous_110)
FNDA:0,(anonymous_111)
FNDA:0,(anonymous_112)
FNDA:0,(anonymous_113)
FNDA:0,(anonymous_114)
FNDA:0,(anonymous_115)
FNDA:0,(anonymous_116)
FNDA:0,(anonymous_117)
FNDA:0,(anonymous_118)
FNDA:0,(anonymous_119)
FNDA:0,(anonymous_120)
FNDA:0,(anonymous_121)
FNDA:0,(anonymous_122)
FNDA:0,(anonymous_123)
FNDA:0,(anonymous_124)
FNDA:0,(anonymous_125)
FNDA:0,(anonymous_126)
FNDA:0,(anonymous_127)
FNDA:0,(anonymous_128)
FNDA:0,(anonymous_129)
FNDA:0,(anonymous_130)
FNDA:0,(anonymous_131)
FNDA:0,(anonymous_132)
FNDA:0,(anonymous_133)
FNDA:0,(anonymous_134)
FNDA:0,(anonymous_135)
FNDA:0,(anonymous_136)
FNDA:0,(anonymous_137)
FNDA:0,(anonymous_138)
FNDA:0,(anonymous_139)
FNDA:0,(anonymous_140)
FNDA:0,(anonymous_141)
FNDA:0,(anonymous_142)
FNDA:0,(anonymous_143)
FNDA:0,(anonymous_144)
FNDA:0,(anonymous_145)
FNDA:0,(anonymous_146)
FNDA:0,(anonymous_147)
FNDA:0,(anonymous_148)
FNDA:0,(anonymous_149)
FNDA:0,(anonymous_150)
FNDA:0,(anonymous_151)
FNDA:0,(anonymous_152)
FNDA:0,(anonymous_153)
FNDA:0,(anonymous_154)
FNDA:0,(anonymous_155)
FNDA:0,(anonymous_156)
FNDA:0,(anonymous_157)
FNDA:0,(anonymous_158)
FNDA:0,(anonymous_159)
FNDA:0,(anonymous_160)
FNDA:0,(anonymous_161)
FNDA:0,(anonymous_162)
FNDA:0,(anonymous_163)
FNDA:0,(anonymous_164)
FNDA:0,(anonymous_165)
FNDA:0,(anonymous_166)
FNDA:0,(anonymous_167)
FNDA:0,(anonymous_168)
FNDA:0,(anonymous_169)
FNDA:0,(anonymous_170)
FNDA:0,(anonymous_171)
FNDA:0,(anonymous_172)
FNDA:0,(anonymous_173)
FNDA:0,(anonymous_174)
FNDA:0,(anonymous_175)
FNDA:0,(anonymous_176)
FNDA:0,(anonymous_177)
FNDA:0,(anonymous_178)
FNDA:0,(anonymous_179)
FNDA:0,(anonymous_180)
FNDA:0,(anonymous_181)
FNDA:0,(anonymous_182)
FNDA:0,(anonymous_183)
FNDA:0,(anonymous_184)
FNDA:0,(anonymous_185)
FNDA:0,(anonymous_186)
FNDA:0,(anonymous_187)
FNDA:0,(anonymous_188)
FNDA:0,(anonymous_189)
FNDA:0,(anonymous_190)
FNDA:0,(anonymous_191)
FNDA:0,(anonymous_192)
FNDA:0,(anonymous_193)
FNDA:0,(anonymous_194)
FNDA:0,(anonymous_195)
FNDA:0,(anonymous_196)
FNDA:0,(anonymous_197)
FNDA:0,(anonymous_198)
DA:1,1
DA:2,1
DA:3,1
DA:4,1
DA:6,1
DA:7,1
DA:8,1
DA:9,1
DA:39,1
DA:40,1
DA:41,1
DA:46,1
DA:48,1
DA:49,1
DA:50,1
DA:52,1
DA:54,1
DA:56,1
DA:58,1
DA:61,1
DA:63,1
DA:121,1
DA:126,1
DA:146,1
DA:147,0
DA:148,0
DA:157,0
DA:158,0
DA:159,0
DA:160,0
DA:161,0
DA:162,0
DA:163,0
DA:164,0
DA:165,0
DA:166,0
DA:167,0
DA:168,0
DA:169,0
DA:172,1
DA:174,1
DA:176,1
DA:177,1
DA:179,1
DA:181,1
DA:182,1
DA:183,1
DA:184,1
DA:186,1
DA:296,1
DA:297,0
DA:300,1
DA:301,0
DA:304,1
DA:305,0
DA:306,0
DA:308,0
DA:310,0
DA:322,1
DA:323,0
DA:324,0
DA:336,1
DA:337,0
DA:338,0
DA:339,0
DA:341,0
DA:343,0
DA:351,1
DA:352,0
DA:353,0
DA:355,0
DA:358,0
DA:363,1
DA:364,0
DA:365,0
DA:366,0
DA:378,1
DA:379,0
DA:380,0
DA:382,0
DA:385,0
DA:391,1
DA:392,0
DA:393,0
DA:395,0
DA:398,0
DA:404,1
DA:405,0
DA:406,0
DA:408,0
DA:411,0
DA:417,1
DA:418,0
DA:419,0
DA:421,0
DA:424,0
DA:430,1
DA:431,0
DA:432,0
DA:434,0
DA:437,0
DA:443,1
DA:444,0
DA:445,0
DA:447,0
DA:450,0
DA:456,1
DA:457,0
DA:458,0
DA:460,0
DA:463,0
DA:469,1
DA:470,0
DA:471,0
DA:473,0
DA:476,0
DA:482,1
DA:483,0
DA:484,0
DA:485,0
DA:486,0
DA:498,0
DA:501,0
DA:508,1
DA:509,0
DA:510,0
DA:512,0
DA:515,0
DA:521,1
DA:522,0
DA:523,0
DA:525,0
DA:527,0
DA:529,0
DA:530,0
DA:533,0
DA:535,0
DA:537,0
DA:540,0
DA:542,0
DA:543,0
DA:544,0
DA:546,0
DA:552,0
DA:554,0
DA:561,1
DA:562,0
DA:563,0
DA:565,0
DA:568,0
DA:581,1
DA:585,0
DA:587,0
DA:590,0
DA:597,0
DA:599,0
DA:600,0
DA:601,0
DA:603,0
DA:604,0
DA:606,0
DA:607,0
DA:608,0
DA:610,0
DA:611,0
DA:613,0
DA:621,0
DA:623,0
DA:627,0
DA:628,0
DA:630,0
DA:631,0
DA:638,0
DA:645,0
DA:647,0
DA:648,0
DA:650,0
DA:651,0
DA:652,0
DA:657,0
DA:658,0
DA:661,0
DA:662,0
DA:663,0
DA:664,0
DA:665,0
DA:666,0
DA:669,0
DA:673,0
DA:674,0
DA:675,0
DA:677,0
DA:678,0
DA:680,0
DA:688,0
DA:692,0
DA:693,0
DA:694,0
DA:696,0
DA:699,0
DA:700,0
DA:705,0
DA:710,0
DA:713,0
DA:719,0
DA:724,0
DA:725,0
DA:728,0
DA:729,0
DA:731,0
DA:738,0
DA:745,0
DA:747,0
DA:749,0
DA:751,0
DA:752,0
DA:754,0
DA:756,0
DA:759,0
DA:760,0
DA:768,0
DA:775,0
DA:778,0
DA:781,0
DA:788,0
DA:790,0
DA:791,0
DA:792,0
DA:800,0
DA:807,0
DA:809,0
DA:810,0
DA:820,0
DA:825,1
DA:826,0
DA:828,0
DA:829,0
DA:830,0
DA:832,0
DA:833,0
DA:834,0
DA:836,0
DA:842,0
DA:853,1
DA:859,0
DA:861,0
DA:862,0
DA:863,0
DA:864,0
DA:866,0
DA:868,0
DA:869,0
DA:878,0
DA:879,0
DA:880,0
DA:883,0
DA:889,0
DA:890,0
DA:892,0
DA:893,0
DA:894,0
DA:895,0
DA:896,0
DA:902,0
DA:907,0
DA:910,0
DA:923,1
DA:924,0
DA:926,0
DA:928,0
DA:929,0
DA:930,0
DA:931,0
DA:933,0
DA:934,0
DA:938,0
DA:952,1
DA:953,0
DA:955,0
DA:957,0
DA:958,0
DA:959,0
DA:960,0
DA:962,0
DA:963,0
DA:966,0
DA:971,0
DA:985,1
DA:988,0
DA:990,0
DA:991,0
DA:992,0
DA:993,0
DA:995,0
DA:1001,0
DA:1003,0
DA:1004,0
DA:1006,0
DA:1020,1
DA:1023,0
DA:1025,0
DA:1026,0
DA:1027,0
DA:1028,0
DA:1029,0
DA:1031,0
DA:1038,0
DA:1040,0
DA:1041,0
DA:1043,0
DA:1059,1
DA:1060,0
DA:1062,0
DA:1064,0
DA:1065,0
DA:1088,1
DA:1089,0
DA:1090,0
DA:1091,0
DA:1103,1
DA:1104,0
DA:1106,0
DA:1108,0
DA:1109,0
DA:1110,0
DA:1112,0
DA:1115,0
DA:1118,0
DA:1119,0
DA:1122,0
DA:1126,0
DA:1127,0
DA:1128,0
DA:1129,0
DA:1131,0
DA:1137,0
DA:1138,0
DA:1139,0
DA:1140,0
DA:1142,0
DA:1146,0
DA:1149,0
DA:1150,0
DA:1156,0
DA:1157,0
DA:1159,0
DA:1160,0
DA:1161,0
DA:1162,0
DA:1163,0
DA:1164,0
DA:1166,0
DA:1176,0
DA:1178,0
DA:1181,0
DA:1182,0
DA:1183,0
DA:1184,0
DA:1186,0
DA:1187,0
DA:1190,0
DA:1200,0
DA:1211,1
DA:1212,0
DA:1214,0
DA:1216,0
DA:1217,0
DA:1218,0
DA:1219,0
DA:1225,0
DA:1239,1
DA:1240,0
DA:1241,0
DA:1242,0
DA:1243,0
DA:1249,0
DA:1250,0
DA:1251,0
DA:1253,0
DA:1254,0
DA:1255,0
DA:1256,0
DA:1259,0
DA:1260,0
DA:1262,0
DA:1264,0
DA:1267,0
DA:1268,0
DA:1270,0
DA:1271,0
DA:1273,0
DA:1274,0
DA:1277,0
DA:1278,0
DA:1279,0
DA:1281,0
DA:1282,0
DA:1283,0
DA:1284,0
DA:1285,0
DA:1286,0
DA:1288,0
DA:1289,0
DA:1290,0
DA:1295,0
DA:1297,0
DA:1300,0
DA:1312,1
DA:1313,0
DA:1319,0
DA:1320,0
DA:1321,0
DA:1322,0
DA:1325,0
DA:1326,0
DA:1331,0
DA:1334,1
DA:1343,0
DA:1345,0
DA:1347,0
DA:1355,0
DA:1360,0
DA:1365,1
DA:1374,0
DA:1375,0
DA:1377,0
DA:1379,0
DA:1396,1
DA:1397,0
DA:1399,0
DA:1400,0
DA:1401,0
DA:1403,0
DA:1404,0
DA:1406,0
DA:1407,0
DA:1409,0
DA:1411,0
DA:1413,0
DA:1422,0
DA:1424,0
DA:1426,0
DA:1427,0
DA:1429,0
DA:1430,0
DA:1439,1
DA:1440,0
DA:1442,0
DA:1443,0
DA:1444,0
DA:1446,0
DA:1447,0
DA:1449,0
DA:1450,0
DA:1451,0
DA:1452,0
DA:1454,0
DA:1455,0
DA:1456,0
DA:1457,0
DA:1458,0
DA:1460,0
DA:1461,0
DA:1468,0
DA:1469,0
DA:1473,0
DA:1474,0
DA:1475,0
DA:1480,0
DA:1481,0
DA:1482,0
DA:1483,0
DA:1494,0
DA:1495,0
DA:1496,0
DA:1497,0
DA:1504,0
DA:1505,0
DA:1506,0
DA:1509,0
DA:1518,1
DA:1519,0
DA:1520,0
DA:1522,0
DA:1523,0
DA:1525,0
DA:1526,0
DA:1529,0
DA:1533,0
DA:1534,0
DA:1539,0
DA:1540,0
DA:1545,0
DA:1546,0
DA:1550,0
DA:1551,0
DA:1553,0
DA:1554,0
DA:1557,0
DA:1563,0
DA:1567,0
DA:1569,0
DA:1570,0
DA:1571,0
DA:1583,0
DA:1585,0
DA:1586,0
DA:1606,1
DA:1607,0
DA:1608,0
DA:1609,0
DA:1610,0
DA:1611,0
DA:1612,0
DA:1613,0
DA:1616,0
DA:1619,0
DA:1621,0
DA:1623,0
DA:1624,0
DA:1626,0
DA:1632,1
DA:1633,0
DA:1634,0
DA:1637,0
DA:1643,1
DA:1644,0
DA:1645,0
DA:1646,0
DA:1649,0
DA:1655,1
DA:1656,0
DA:1657,0
DA:1658,0
DA:1661,0
DA:1668,1
DA:1669,0
DA:1670,0
DA:1672,0
DA:1674,0
DA:1675,0
DA:1678,0
DA:1679,0
DA:1680,0
DA:1682,0
DA:1685,0
DA:1692,1
DA:1693,0
DA:1694,0
DA:1697,0
DA:1704,1
DA:1705,0
DA:1706,0
DA:1714,1
DA:1715,0
DA:1716,0
DA:1719,0
DA:1727,1
DA:1728,0
DA:1729,0
DA:1731,0
DA:1732,0
DA:1741,1
DA:1742,0
DA:1743,0
DA:1745,0
DA:1747,0
DA:1749,0
DA:1750,0
DA:1751,0
DA:1752,0
DA:1755,0
DA:1756,0
DA:1760,0
DA:1761,0
DA:1771,1
DA:1772,0
DA:1781,1
DA:1782,0
DA:1785,1
DA:1786,0
DA:1787,0
DA:1789,0
DA:1793,0
DA:1794,0
DA:1795,0
DA:1797,0
DA:1798,0
DA:1799,0
DA:1802,0
DA:1805,1
DA:1806,0
DA:1807,0
DA:1809,0
DA:1811,0
DA:1813,0
DA:1814,0
DA:1818,0
DA:1819,0
DA:1822,0
DA:1824,0
LF:601
LH:85
BRDA:305,0,0,0
BRDA:305,0,1,0
BRDA:337,1,0,0
BRDA:337,1,1,0
BRDA:521,2,0,0
BRDA:542,3,0,0
BRDA:542,3,1,0
BRDA:543,4,0,0
BRDA:543,4,1,0
BRDA:603,5,0,0
BRDA:603,5,1,0
BRDA:606,6,0,0
BRDA:606,6,1,0
BRDA:610,7,0,0
BRDA:610,7,1,0
BRDA:611,8,0,0
BRDA:611,8,1,0
BRDA:628,9,0,0
BRDA:628,9,1,0
BRDA:650,10,0,0
BRDA:650,10,1,0
BRDA:661,11,0,0
BRDA:661,11,1,0
BRDA:673,12,0,0
BRDA:673,12,1,0
BRDA:673,13,0,0
BRDA:673,13,1,0
BRDA:677,14,0,0
BRDA:677,14,1,0
BRDA:678,15,0,0
BRDA:678,15,1,0
BRDA:692,16,0,0
BRDA:692,16,1,0
BRDA:692,17,0,0
BRDA:692,17,1,0
BRDA:694,18,0,0
BRDA:694,18,1,0
BRDA:696,19,0,0
BRDA:699,20,0,0
BRDA:699,20,1,0
BRDA:705,21,0,0
BRDA:705,21,1,0
BRDA:705,22,0,0
BRDA:705,22,1,0
BRDA:724,23,0,0
BRDA:724,23,1,0
BRDA:728,24,0,0
BRDA:728,24,1,0
BRDA:728,25,0,0
BRDA:728,25,1,0
BRDA:759,26,0,0
BRDA:759,26,1,0
BRDA:791,27,0,0
BRDA:791,27,1,0
BRDA:832,28,0,0
BRDA:832,28,1,0
BRDA:863,29,0,0
BRDA:863,29,1,0
BRDA:866,30,0,0
BRDA:866,30,1,0
BRDA:866,31,0,0
BRDA:866,31,1,0
BRDA:866,32,0,0
BRDA:866,32,1,0
BRDA:866,33,0,0
BRDA:866,33,1,0
BRDA:878,34,0,0
BRDA:878,34,1,0
BRDA:889,35,0,0
BRDA:889,35,1,0
BRDA:893,36,0,0
BRDA:893,36,1,0
BRDA:895,37,0,0
BRDA:895,37,1,0
BRDA:930,38,0,0
BRDA:930,38,1,0
BRDA:931,39,0,0
BRDA:931,39,1,0
BRDA:933,40,0,0
BRDA:933,40,1,0
BRDA:959,41,0,0
BRDA:959,41,1,0
BRDA:962,42,0,0
BRDA:962,42,1,0
BRDA:962,43,0,0
BRDA:962,43,1,0
BRDA:992,44,0,0
BRDA:992,44,1,0
BRDA:992,45,0,0
BRDA:992,45,1,0
BRDA:992,46,0,0
BRDA:992,46,1,0
BRDA:993,47,0,0
BRDA:993,47,1,0
BRDA:1003,48,0,0
BRDA:1003,48,1,0
BRDA:1003,49,0,0
BRDA:1003,49,1,0
BRDA:1003,50,0,0
BRDA:1003,50,1,0
BRDA:1003,51,0,0
BRDA:1003,51,1,0
BRDA:1004,52,0,0
BRDA:1004,52,1,0
BRDA:1020,53,0,0
BRDA:1028,54,0,0
BRDA:1028,54,1,0
BRDA:1028,55,0,0
BRDA:1028,55,1,0
BRDA:1028,56,0,0
BRDA:1028,56,1,0
BRDA:1029,57,0,0
BRDA:1029,57,1,0
BRDA:1040,58,0,0
BRDA:1040,58,1,0
BRDA:1040,59,0,0
BRDA:1040,59,1,0
BRDA:1041,60,0,0
BRDA:1041,60,1,0
BRDA:1062,61,0,0
BRDA:1062,61,1,0
BRDA:1062,62,0,0
BRDA:1062,62,1,0
BRDA:1062,63,0,0
BRDA:1062,63,1,0
BRDA:1062,64,0,0
BRDA:1062,64,1,0
BRDA:1109,65,0,0
BRDA:1109,65,1,0
BRDA:1128,66,0,0
BRDA:1128,66,1,0
BRDA:1138,67,0,0
BRDA:1138,67,1,0
BRDA:1139,68,0,0
BRDA:1139,68,1,0
BRDA:1149,69,0,0
BRDA:1149,69,1,0
BRDA:1161,70,0,0
BRDA:1161,70,1,0
BRDA:1182,71,0,0
BRDA:1182,71,1,0
BRDA:1214,72,0,0
BRDA:1214,72,1,0
BRDA:1214,73,0,0
BRDA:1214,73,1,0
BRDA:1214,74,0,0
BRDA:1214,74,1,0
BRDA:1214,75,0,0
BRDA:1214,75,1,0
BRDA:1241,76,0,0
BRDA:1241,76,1,0
BRDA:1241,77,0,0
BRDA:1241,77,1,0
BRDA:1251,78,0,0
BRDA:1251,78,1,0
BRDA:1249,79,0,0
BRDA:1249,79,1,0
BRDA:1250,80,0,0
BRDA:1250,80,1,0
BRDA:1249,81,0,0
BRDA:1249,81,1,0
BRDA:1249,82,0,0
BRDA:1249,82,1,0
BRDA:1249,83,0,0
BRDA:1249,83,1,0
BRDA:1249,84,0,0
BRDA:1249,84,1,0
BRDA:1249,85,0,0
BRDA:1249,85,1,0
BRDA:1249,86,0,0
BRDA:1249,86,1,0
BRDA:1249,87,0,0
BRDA:1249,87,1,0
BRDA:1250,88,0,0
BRDA:1250,88,1,0
BRDA:1256,89,0,0
BRDA:1256,89,1,0
BRDA:1259,90,0,0
BRDA:1259,90,1,0
BRDA:1259,91,0,0
BRDA:1259,91,1,0
BRDA:1260,92,0,0
BRDA:1260,92,1,0
BRDA:1262,93,0,0
BRDA:1262,93,1,0
BRDA:1273,94,0,0
BRDA:1273,94,1,0
BRDA:1284,95,0,0
BRDA:1284,95,1,0
BRDA:1284,96,0,0
BRDA:1284,96,1,0
BRDA:1288,97,0,0
BRDA:1288,97,1,0
BRDA:1288,98,0,0
BRDA:1288,98,1,0
BRDA:1321,99,0,0
BRDA:1321,99,1,0
BRDA:1377,100,0,0
BRDA:1377,100,1,0
BRDA:1377,101,0,0
BRDA:1377,101,1,0
BRDA:1377,102,0,0
BRDA:1377,102,1,0
BRDA:1377,103,0,0
BRDA:1377,103,1,0
BRDA:1400,104,0,0
BRDA:1400,104,1,0
BRDA:1400,105,0,0
BRDA:1400,105,1,0
BRDA:1400,106,0,0
BRDA:1400,106,1,0
BRDA:1403,107,0,0
BRDA:1403,107,1,0
BRDA:1406,108,0,0
BRDA:1406,108,1,0
BRDA:1406,109,0,0
BRDA:1406,109,1,0
BRDA:1424,110,0,0
BRDA:1424,110,1,0
BRDA:1424,111,0,0
BRDA:1424,111,1,0
BRDA:1429,112,0,0
BRDA:1429,112,1,0
BRDA:1440,113,0,0
BRDA:1440,113,1,0
BRDA:1440,114,0,0
BRDA:1440,114,1,0
BRDA:1442,115,0,0
BRDA:1442,115,1,0
BRDA:1442,116,0,0
BRDA:1442,116,1,0
BRDA:1442,117,0,0
BRDA:1442,117,1,0
BRDA:1442,118,0,0
BRDA:1442,118,1,0
BRDA:1443,119,0,0
BRDA:1443,119,1,0
BRDA:1443,120,0,0
BRDA:1443,120,1,0
BRDA:1443,121,0,0
BRDA:1443,121,1,0
BRDA:1443,122,0,0
BRDA:1443,122,1,0
BRDA:1444,123,0,0
BRDA:1444,123,1,0
BRDA:1444,124,0,0
BRDA:1444,124,1,0
BRDA:1444,125,0,0
BRDA:1444,125,1,0
BRDA:1444,126,0,0
BRDA:1444,126,1,0
BRDA:1454,127,0,0
BRDA:1454,127,1,0
BRDA:1454,128,0,0
BRDA:1454,128,1,0
BRDA:1456,129,0,0
BRDA:1456,129,1,0
BRDA:1457,130,0,0
BRDA:1457,130,1,0
BRDA:1457,131,0,0
BRDA:1457,131,1,0
BRDA:1458,132,0,0
BRDA:1458,132,1,0
BRDA:1458,133,0,0
BRDA:1458,133,1,0
BRDA:1460,134,0,0
BRDA:1460,134,1,0
BRDA:1468,135,0,0
BRDA:1468,135,1,0
BRDA:1474,136,0,0
BRDA:1474,136,1,0
BRDA:1474,137,0,0
BRDA:1474,137,1,0
BRDA:1474,137,2,0
BRDA:1481,138,0,0
BRDA:1481,138,1,0
BRDA:1496,139,0,0
BRDA:1496,139,1,0
BRDA:1505,140,0,0
BRDA:1505,140,1,0
BRDA:1505,141,0,0
BRDA:1505,141,1,0
BRDA:1505,141,2,0
BRDA:1533,142,0,0
BRDA:1533,142,1,0
BRDA:1539,143,0,0
BRDA:1539,143,1,0
BRDA:1539,144,0,0
BRDA:1539,144,1,0
BRDA:1539,144,2,0
BRDA:1545,145,0,0
BRDA:1545,145,1,0
BRDA:1546,146,0,0
BRDA:1546,146,1,0
BRDA:1553,147,0,0
BRDA:1553,147,1,0
BRDA:1553,148,0,0
BRDA:1553,148,1,0
BRDA:1583,149,0,0
BRDA:1583,149,1,0
BRDA:1583,149,2,0
BRDA:1585,150,0,0
BRDA:1585,150,1,0
BRDA:1607,151,0,0
BRDA:1607,151,1,0
BRDA:1607,152,0,0
BRDA:1607,152,1,0
BRDA:1607,153,0,0
BRDA:1607,153,1,0
BRDA:1607,154,0,0
BRDA:1607,154,1,0
BRDA:1607,155,0,0
BRDA:1607,155,1,0
BRDA:1607,156,0,0
BRDA:1607,156,1,0
BRDA:1608,157,0,0
BRDA:1608,157,1,0
BRDA:1608,158,0,0
BRDA:1608,158,1,0
BRDA:1610,159,0,0
BRDA:1610,159,1,0
BRDA:1612,160,0,0
BRDA:1612,160,1,0
BRDA:1624,161,0,0
BRDA:1624,161,1,0
BRDA:1624,161,2,0
BRDA:1633,162,0,0
BRDA:1633,162,1,0
BRDA:1633,163,0,0
BRDA:1633,163,1,0
BRDA:1633,164,0,0
BRDA:1633,164,1,0
BRDA:1634,165,0,0
BRDA:1634,165,1,0
BRDA:1634,166,0,0
BRDA:1634,166,1,0
BRDA:1634,167,0,0
BRDA:1634,167,1,0
BRDA:1634,168,0,0
BRDA:1634,168,1,0
BRDA:1634,169,0,0
BRDA:1634,169,1,0
BRDA:1634,170,0,0
BRDA:1634,170,1,0
BRDA:1634,171,0,0
BRDA:1634,171,1,0
BRDA:1634,172,0,0
BRDA:1634,172,1,0
BRDA:1634,173,0,0
BRDA:1634,173,1,0
BRDA:1634,174,0,0
BRDA:1634,174,1,0
BRDA:1634,175,0,0
BRDA:1634,175,1,0
BRDA:1634,176,0,0
BRDA:1634,176,1,0
BRDA:1634,177,0,0
BRDA:1634,177,1,0
BRDA:1634,178,0,0
BRDA:1634,178,1,0
BRDA:1634,179,0,0
BRDA:1634,179,1,0
BRDA:1634,180,0,0
BRDA:1634,180,1,0
BRDA:1634,181,0,0
BRDA:1634,181,1,0
BRDA:1634,182,0,0
BRDA:1634,182,1,0
BRDA:1634,183,0,0
BRDA:1634,183,1,0
BRDA:1634,184,0,0
BRDA:1634,184,1,0
BRDA:1644,185,0,0
BRDA:1644,185,1,0
BRDA:1644,186,0,0
BRDA:1644,186,1,0
BRDA:1644,187,0,0
BRDA:1644,187,1,0
BRDA:1646,188,0,0
BRDA:1646,188,1,0
BRDA:1645,189,0,0
BRDA:1645,189,1,0
BRDA:1645,190,0,0
BRDA:1645,190,1,0
BRDA:1645,191,0,0
BRDA:1645,191,1,0
BRDA:1645,192,0,0
BRDA:1645,192,1,0
BRDA:1645,193,0,0
BRDA:1645,193,1,0
BRDA:1645,194,0,0
BRDA:1645,194,1,0
BRDA:1645,195,0,0
BRDA:1645,195,1,0
BRDA:1645,196,0,0
BRDA:1645,196,1,0
BRDA:1645,197,0,0
BRDA:1645,197,1,0
BRDA:1645,198,0,0
BRDA:1645,198,1,0
BRDA:1645,199,0,0
BRDA:1645,199,1,0
BRDA:1646,200,0,0
BRDA:1646,200,1,0
BRDA:1646,201,0,0
BRDA:1646,201,1,0
BRDA:1646,202,0,0
BRDA:1646,202,1,0
BRDA:1646,203,0,0
BRDA:1646,203,1,0
BRDA:1656,204,0,0
BRDA:1656,204,1,0
BRDA:1656,205,0,0
BRDA:1656,205,1,0
BRDA:1656,206,0,0
BRDA:1656,206,1,0
BRDA:1658,207,0,0
BRDA:1658,207,1,0
BRDA:1657,208,0,0
BRDA:1657,208,1,0
BRDA:1657,209,0,0
BRDA:1657,209,1,0
BRDA:1657,210,0,0
BRDA:1657,210,1,0
BRDA:1657,211,0,0
BRDA:1657,211,1,0
BRDA:1657,212,0,0
BRDA:1657,212,1,0
BRDA:1657,213,0,0
BRDA:1657,213,1,0
BRDA:1657,214,0,0
BRDA:1657,214,1,0
BRDA:1657,215,0,0
BRDA:1657,215,1,0
BRDA:1657,216,0,0
BRDA:1657,216,1,0
BRDA:1657,217,0,0
BRDA:1657,217,1,0
BRDA:1657,218,0,0
BRDA:1657,218,1,0
BRDA:1657,219,0,0
BRDA:1657,219,1,0
BRDA:1657,220,0,0
BRDA:1657,220,1,0
BRDA:1658,221,0,0
BRDA:1658,221,1,0
BRDA:1658,222,0,0
BRDA:1658,222,1,0
BRDA:1658,223,0,0
BRDA:1658,223,1,0
BRDA:1658,224,0,0
BRDA:1658,224,1,0
BRDA:1669,225,0,0
BRDA:1669,225,1,0
BRDA:1669,226,0,0
BRDA:1669,226,1,0
BRDA:1669,227,0,0
BRDA:1669,227,1,0
BRDA:1693,228,0,0
BRDA:1693,228,1,0
BRDA:1693,229,0,0
BRDA:1693,229,1,0
BRDA:1693,230,0,0
BRDA:1693,230,1,0
BRDA:1705,231,0,0
BRDA:1705,231,1,0
BRDA:1705,232,0,0
BRDA:1705,232,1,0
BRDA:1705,233,0,0
BRDA:1705,233,1,0
BRDA:1715,234,0,0
BRDA:1715,234,1,0
BRDA:1715,235,0,0
BRDA:1715,235,1,0
BRDA:1715,236,0,0
BRDA:1715,236,1,0
BRDA:1728,237,0,0
BRDA:1728,237,1,0
BRDA:1742,238,0,0
BRDA:1742,238,1,0
BRDA:1742,239,0,0
BRDA:1742,239,1,0
BRDA:1749,240,0,0
BRDA:1749,240,1,0
BRDA:1750,241,0,0
BRDA:1750,241,1,0
BRDA:1755,242,0,0
BRDA:1755,242,1,0
BRDA:1760,243,0,0
BRDA:1760,243,1,0
BRDA:1771,244,0,0
BRDA:1773,245,0,0
BRDA:1773,245,1,0
BRDA:1782,246,0,0
BRDA:1782,246,1,0
BRDA:1790,247,0,0
BRDA:1790,247,1,0
BRDA:1790,247,2,0
BRDA:1790,247,3,0
BRDA:1812,248,0,0
BRDA:1812,248,1,0
BRDA:1812,248,2,0
BRDA:1812,248,3,0
BRDA:1813,249,0,0
BRDA:1813,249,1,0
BRDA:1822,250,0,0
BRDA:1822,250,1,0
BRDA:1822,251,0,0
BRDA:1822,251,1,0
BRF:509
BRH:0
end_of_record
TN:
SF:lib/typings/bridge.ts
FN:28,(anonymous_0)
FN:85,(anonymous_1)
FNF:2
FNH:2
FNDA:1,(anonymous_0)
FNDA:1,(anonymous_1)
DA:28,1
DA:29,1
DA:30,1
DA:31,1
DA:32,1
DA:33,1
DA:34,1
DA:35,1
DA:36,1
DA:37,1
DA:38,1
DA:39,1
DA:40,1
DA:41,1
DA:42,1
DA:43,1
DA:44,1
DA:45,1
DA:46,1
DA:47,1
DA:48,1
DA:49,1
DA:50,1
DA:51,1
DA:52,1
DA:53,1
DA:54,1
DA:55,1
DA:56,1
DA:57,1
DA:58,1
DA:59,1
DA:60,1
DA:61,1
DA:62,1
DA:63,1
DA:64,1
DA:65,1
DA:66,1
DA:67,1
DA:68,1
DA:69,1
DA:70,1
DA:71,1
DA:72,1
DA:73,1
DA:74,1
DA:75,1
DA:76,1
DA:77,1
DA:78,1
DA:79,1
DA:80,1
DA:81,1
DA:82,1
DA:85,1
DA:86,1
LF:57
LH:57
BRDA:28,0,0,1
BRDA:28,0,1,1
BRDA:85,1,0,1
BRDA:85,1,1,1
BRF:4
BRH:4
end_of_record
TN:
SF:lib/typings/ledger.ts
FN:12,(anonymous_0)
FN:22,(anonymous_1)
FN:28,(anonymous_2)
FN:34,(anonymous_3)
FNF:4
FNH:4
FNDA:1,(anonymous_0)
FNDA:1,(anonymous_1)
FNDA:1,(anonymous_2)
FNDA:1,(anonymous_3)
DA:12,1
DA:13,1
DA:14,1
DA:15,1
DA:16,1
DA:17,1
DA:18,1
DA:19,1
DA:22,1
DA:23,1
DA:24,1
DA:25,1
DA:28,1
DA:29,1
DA:30,1
DA:31,1
DA:34,1
DA:35,1
DA:36,1
DA:37,1
DA:38,1
LF:21
LH:21
BRDA:12,0,0,1
BRDA:12,0,1,1
BRDA:22,1,0,1
BRDA:22,1,1,1
BRDA:28,2,0,1
BRDA:28,2,1,1
BRDA:34,3,0,1
BRDA:34,3,1,1
BRF:8
BRH:8
end_of_record
TN:
SF:lib/typings/routes.ts
FN:1,(anonymous_0)
FN:22,(anonymous_1)
FN:33,(anonymous_2)
FN:43,(anonymous_3)
FN:51,(anonymous_4)
FN:58,(anonymous_5)
FN:63,(anonymous_6)
FN:71,(anonymous_7)
FN:78,(anonymous_8)
FN:88,(anonymous_9)
FN:94,(anonymous_10)
FN:102,(anonymous_11)
FN:116,(anonymous_12)
FN:123,(anonymous_13)
FNF:14
FNH:14
FNDA:1,(anonymous_0)
FNDA:1,(anonymous_1)
FNDA:1,(anonymous_2)
FNDA:1,(anonymous_3)
FNDA:1,(anonymous_4)
FNDA:1,(anonymous_5)
FNDA:1,(anonymous_6)
FNDA:1,(anonymous_7)
FNDA:1,(anonymous_8)
FNDA:1,(anonymous_9)
FNDA:1,(anonymous_10)
FNDA:1,(anonymous_11)
FNDA:1,(anonymous_12)
FNDA:1,(anonymous_13)
DA:1,1
DA:2,1
DA:3,1
DA:4,1
DA:5,1
DA:6,1
DA:8,1
DA:9,1
DA:10,1
DA:11,1
DA:12,1
DA:13,1
DA:14,1
DA:15,1
DA:16,1
DA:17,1
DA:18,1
DA:19,1
DA:22,1
DA:23,1
DA:24,1
DA:25,1
DA:26,1
DA:27,1
DA:28,1
DA:29,1
DA:30,1
DA:33,1
DA:34,1
DA:35,1
DA:36,1
DA:37,1
DA:38,1
DA:39,1
DA:40,1
DA:43,1
DA:44,1
DA:45,1
DA:46,1
DA:47,1
DA:48,1
DA:51,1
DA:52,1
DA:53,1
DA:54,1
DA:55,1
DA:58,1
DA:59,1
DA:60,1
DA:63,1
DA:64,1
DA:65,1
DA:66,1
DA:67,1
DA:68,1
DA:71,1
DA:72,1
DA:73,1
DA:74,1
DA:75,1
DA:78,1
DA:81,1
DA:82,1
DA:83,1
DA:84,1
DA:85,1
DA:88,1
DA:89,1
DA:90,1
DA:91,1
DA:94,1
DA:95,1
DA:96,1
DA:97,1
DA:98,1
DA:99,1
DA:102,1
DA:103,1
DA:104,1
DA:107,1
DA:108,1
DA:109,1
DA:110,1
DA:111,1
DA:116,1
DA:119,1
DA:120,1
DA:123,1
DA:125,1
DA:126,1
DA:127,1
DA:128,1
LF:92
LH:92
BRDA:1,0,0,1
BRDA:1,0,1,1
BRDA:22,1,0,1
BRDA:22,1,1,1
BRDA:33,2,0,1
BRDA:33,2,1,1
BRDA:43,3,0,1
BRDA:43,3,1,1
BRDA:51,4,0,1
BRDA:51,4,1,1
BRDA:58,5,0,1
BRDA:58,5,1,1
BRDA:63,6,0,1
BRDA:63,6,1,1
BRDA:71,7,0,1
BRDA:71,7,1,1
BRDA:78,8,0,1
BRDA:78,8,1,1
BRDA:88,9,0,1
BRDA:88,9,1,1
BRDA:94,10,0,1
BRDA:94,10,1,1
BRDA:102,11,0,1
BRDA:102,11,1,1
BRDA:116,12,0,1
BRDA:116,12,1,1
BRDA:123,13,0,1
BRDA:123,13,1,1
BRF:28
BRH:28
end_of_record
